<?xml version="1.0" encoding="UTF-8"?>
<testsuite name="com.webdriver.tests.RestrictionsTest" time="71.191" tests="3" errors="2" skipped="0" failures="0">
  <properties>
    <property name="java.runtime.name" value="Java(TM) SE Runtime Environment"/>
    <property name="sun.boot.library.path" value="C:\Program Files\Java\jdk1.8.0_112\jre\bin"/>
    <property name="java.vm.version" value="25.112-b15"/>
    <property name="java.vm.vendor" value="Oracle Corporation"/>
    <property name="maven.multiModuleProjectDirectory" value="C:\Bageesh\Work\Atlassian"/>
    <property name="java.vendor.url" value="http://java.oracle.com/"/>
    <property name="path.separator" value=";"/>
    <property name="guice.disable.misplaced.annotation.check" value="true"/>
    <property name="java.vm.name" value="Java HotSpot(TM) 64-Bit Server VM"/>
    <property name="file.encoding.pkg" value="sun.io"/>
    <property name="user.script" value=""/>
    <property name="user.country" value="IN"/>
    <property name="sun.java.launcher" value="SUN_STANDARD"/>
    <property name="sun.os.patch.level" value=""/>
    <property name="java.vm.specification.name" value="Java Virtual Machine Specification"/>
    <property name="user.dir" value="C:\Bageesh\Work\Atlassian"/>
    <property name="java.runtime.version" value="1.8.0_112-b15"/>
    <property name="java.awt.graphicsenv" value="sun.awt.Win32GraphicsEnvironment"/>
    <property name="java.endorsed.dirs" value="C:\Program Files\Java\jdk1.8.0_112\jre\lib\endorsed"/>
    <property name="os.arch" value="amd64"/>
    <property name="java.io.tmpdir" value="C:\Users\Bageesh\AppData\Local\Temp\"/>
    <property name="line.separator" value="&#10;"/>
    <property name="java.vm.specification.vendor" value="Oracle Corporation"/>
    <property name="user.variant" value=""/>
    <property name="os.name" value="Windows 10"/>
    <property name="classworlds.conf" value="C:\Bageesh\Work\apache-maven-3.3.9\bin\m2.conf"/>
    <property name="sun.jnu.encoding" value="Cp1252"/>
    <property name="java.library.path" value="C:\Program Files\Java\jdk1.8.0_112\bin;C:\WINDOWS\Sun\Java\bin;C:\WINDOWS\system32;C:\WINDOWS;C:\Program Files\Java\jdk1.8.0_112\bin;C:\Program Files (x86)\Intel\iCLS Client\;C:\Program Files\Intel\iCLS Client\;C:\WINDOWS\system32;C:\WINDOWS;C:\WINDOWS\System32\Wbem;C:\WINDOWS\System32\WindowsPowerShell\v1.0\;C:\Program Files (x86)\Intel\Intel(R) Management Engine Components\DAL;C:\Program Files\Intel\Intel(R) Management Engine Components\DAL;C:\Program Files (x86)\Intel\Intel(R) Management Engine Components\IPT;C:\Program Files\Intel\Intel(R) Management Engine Components\IPT;C:\Program Files\Intel\WiFi\bin\;C:\Program Files\Common Files\Intel\WirelessCommon\;C:\Program Files\Intel\IntelSGXPSW\bin\x64\Release\;C:\Program Files\Intel\IntelSGXPSW\bin\win32\Release\;C:\Users\Bageesh\Downloads\geckodriver-v0.13.0-win64\;C:\Program Files (x86)\Skype\Phone\;C:\Bageesh\Work\apache-ant-1.10.0\bin;C:\Bageesh\Work\apache-maven-3.3.9\bin;C:\Users\Bageesh\AppData\Local\Microsoft\WindowsApps;;."/>
    <property name="java.specification.name" value="Java Platform API Specification"/>
    <property name="java.class.version" value="52.0"/>
    <property name="sun.management.compiler" value="HotSpot 64-Bit Tiered Compilers"/>
    <property name="os.version" value="10.0"/>
    <property name="user.home" value="C:\Users\Bageesh"/>
    <property name="user.timezone" value="Australia/Sydney"/>
    <property name="java.awt.printerjob" value="sun.awt.windows.WPrinterJob"/>
    <property name="java.specification.version" value="1.8"/>
    <property name="file.encoding" value="Cp1252"/>
    <property name="user.name" value="Bageesh"/>
    <property name="java.class.path" value="C:\Bageesh\Work\apache-maven-3.3.9\boot\plexus-classworlds-2.5.2.jar"/>
    <property name="java.vm.specification.version" value="1.8"/>
    <property name="sun.arch.data.model" value="64"/>
    <property name="java.home" value="C:\Program Files\Java\jdk1.8.0_112\jre"/>
    <property name="sun.java.command" value="org.codehaus.plexus.classworlds.launcher.Launcher clean install"/>
    <property name="java.specification.vendor" value="Oracle Corporation"/>
    <property name="user.language" value="en"/>
    <property name="awt.toolkit" value="sun.awt.windows.WToolkit"/>
    <property name="java.vm.info" value="mixed mode"/>
    <property name="java.version" value="1.8.0_112"/>
    <property name="java.ext.dirs" value="C:\Program Files\Java\jdk1.8.0_112\jre\lib\ext;C:\WINDOWS\Sun\Java\lib\ext"/>
    <property name="sun.boot.class.path" value="C:\Program Files\Java\jdk1.8.0_112\jre\lib\resources.jar;C:\Program Files\Java\jdk1.8.0_112\jre\lib\rt.jar;C:\Program Files\Java\jdk1.8.0_112\jre\lib\sunrsasign.jar;C:\Program Files\Java\jdk1.8.0_112\jre\lib\jsse.jar;C:\Program Files\Java\jdk1.8.0_112\jre\lib\jce.jar;C:\Program Files\Java\jdk1.8.0_112\jre\lib\charsets.jar;C:\Program Files\Java\jdk1.8.0_112\jre\lib\jfr.jar;C:\Program Files\Java\jdk1.8.0_112\jre\classes"/>
    <property name="sun.stderr.encoding" value="cp437"/>
    <property name="java.vendor" value="Oracle Corporation"/>
    <property name="maven.home" value="C:\Bageesh\Work\apache-maven-3.3.9"/>
    <property name="file.separator" value="\"/>
    <property name="java.vendor.url.bug" value="http://bugreport.sun.com/bugreport/"/>
    <property name="sun.cpu.endian" value="little"/>
    <property name="sun.io.unicode.encoding" value="UnicodeLittle"/>
    <property name="sun.stdout.encoding" value="cp437"/>
    <property name="sun.desktop" value="windows"/>
    <property name="sun.cpu.isalist" value="amd64"/>
  </properties>
  <testcase name="Test1" classname="com.webdriver.tests.RestrictionsTest" time="28.819"/>
  <testcase name="Test2" classname="com.webdriver.tests.RestrictionsTest" time="21.669">
    <error message="unknown error: Element &lt;a href=&quot;&quot; title=&quot;Unrestricted&quot; id=&quot;content-metadata-page-restrictions&quot; class=&quot;aui-icon aui-icon-small aui-iconfont-unlocked system-metadata-restrictions&quot; resolved=&quot;&quot;&gt;&lt;/a&gt; is not clickable at point (527, 16). Other element would receive the click: &lt;nav class=&quot;aui-header aui-dropdown2-trigger-group&quot; role=&quot;navigation&quot; data-aui-responsive=&quot;true&quot;&gt;...&lt;/nav&gt;&#10;  (Session info: chrome=56.0.2924.87)&#10;  (Driver info: chromedriver=2.27.440174 (e97a722caafc2d3a8b807ee115bfb307f7d2cfd9),platform=Windows NT 10.0.14393 x86_64) (WARNING: The server did not provide any stacktrace information)&#10;Command duration or timeout: 73 milliseconds&#10;Build info: version: &apos;2.53.1&apos;, revision: &apos;a36b8b1cd5757287168e54b817830adce9b0158d&apos;, time: &apos;2016-06-30 19:26:09&apos;&#10;System info: host: &apos;LAPTOP-6FVDA6L8&apos;, ip: &apos;192.168.1.112&apos;, os.name: &apos;Windows 10&apos;, os.arch: &apos;amd64&apos;, os.version: &apos;10.0&apos;, java.version: &apos;1.8.0_112&apos;&#10;Driver info: org.openqa.selenium.chrome.ChromeDriver&#10;Capabilities [{applicationCacheEnabled=false, rotatable=false, mobileEmulationEnabled=false, networkConnectionEnabled=false, chrome={chromedriverVersion=2.27.440174 (e97a722caafc2d3a8b807ee115bfb307f7d2cfd9), userDataDir=C:\Users\Bageesh\AppData\Local\Temp\scoped_dir5092_4177}, takesHeapSnapshot=true, pageLoadStrategy=normal, databaseEnabled=false, handlesAlerts=true, hasTouchScreen=false, version=56.0.2924.87, platform=XP, browserConnectionEnabled=false, nativeEvents=true, acceptSslCerts=true, locationContextEnabled=true, webStorageEnabled=true, browserName=chrome, takesScreenshot=true, javascriptEnabled=true, cssSelectorsEnabled=true, unexpectedAlertBehaviour=}]&#10;Session ID: ced9814f66359f73d1c9aeafb4113844" type="org.openqa.selenium.WebDriverException"><![CDATA[org.openqa.selenium.WebDriverException: unknown error: Element <a href="" title="Unrestricted" id="content-metadata-page-restrictions" class="aui-icon aui-icon-small aui-iconfont-unlocked system-metadata-restrictions" resolved=""></a> is not clickable at point (527, 16). Other element would receive the click: <nav class="aui-header aui-dropdown2-trigger-group" role="navigation" data-aui-responsive="true">...</nav>
  (Session info: chrome=56.0.2924.87)
  (Driver info: chromedriver=2.27.440174 (e97a722caafc2d3a8b807ee115bfb307f7d2cfd9),platform=Windows NT 10.0.14393 x86_64) (WARNING: The server did not provide any stacktrace information)
Command duration or timeout: 73 milliseconds
Build info: version: '2.53.1', revision: 'a36b8b1cd5757287168e54b817830adce9b0158d', time: '2016-06-30 19:26:09'
System info: host: 'LAPTOP-6FVDA6L8', ip: '192.168.1.112', os.name: 'Windows 10', os.arch: 'amd64', os.version: '10.0', java.version: '1.8.0_112'
Driver info: org.openqa.selenium.chrome.ChromeDriver
Capabilities [{applicationCacheEnabled=false, rotatable=false, mobileEmulationEnabled=false, networkConnectionEnabled=false, chrome={chromedriverVersion=2.27.440174 (e97a722caafc2d3a8b807ee115bfb307f7d2cfd9), userDataDir=C:\Users\Bageesh\AppData\Local\Temp\scoped_dir5092_4177}, takesHeapSnapshot=true, pageLoadStrategy=normal, databaseEnabled=false, handlesAlerts=true, hasTouchScreen=false, version=56.0.2924.87, platform=XP, browserConnectionEnabled=false, nativeEvents=true, acceptSslCerts=true, locationContextEnabled=true, webStorageEnabled=true, browserName=chrome, takesScreenshot=true, javascriptEnabled=true, cssSelectorsEnabled=true, unexpectedAlertBehaviour=}]
Session ID: ced9814f66359f73d1c9aeafb4113844
	at sun.reflect.NativeConstructorAccessorImpl.newInstance0(Native Method)
	at sun.reflect.NativeConstructorAccessorImpl.newInstance(NativeConstructorAccessorImpl.java:62)
	at sun.reflect.DelegatingConstructorAccessorImpl.newInstance(DelegatingConstructorAccessorImpl.java:45)
	at java.lang.reflect.Constructor.newInstance(Constructor.java:423)
	at org.openqa.selenium.remote.ErrorHandler.createThrowable(ErrorHandler.java:206)
	at org.openqa.selenium.remote.ErrorHandler.throwIfResponseFailed(ErrorHandler.java:158)
	at org.openqa.selenium.remote.RemoteWebDriver.execute(RemoteWebDriver.java:678)
	at org.openqa.selenium.remote.RemoteWebElement.execute(RemoteWebElement.java:327)
	at org.openqa.selenium.remote.RemoteWebElement.click(RemoteWebElement.java:85)
	at sun.reflect.NativeMethodAccessorImpl.invoke0(Native Method)
	at sun.reflect.NativeMethodAccessorImpl.invoke(NativeMethodAccessorImpl.java:62)
	at sun.reflect.DelegatingMethodAccessorImpl.invoke(DelegatingMethodAccessorImpl.java:43)
	at java.lang.reflect.Method.invoke(Method.java:498)
	at org.openqa.selenium.support.pagefactory.internal.LocatingElementHandler.invoke(LocatingElementHandler.java:51)
	at com.sun.proxy.$Proxy8.click(Unknown Source)
	at com.webdriver.pages.PublishedPage.selectRestrictionIcon(PublishedPage.java:42)
	at com.webdriver.tests.RestrictionsTest.Test2(RestrictionsTest.java:59)
]]></error>
    <system-out><![CDATA[82084 [Forwarding newSession on session null to remote] DEBUG org.apache.http.client.protocol.RequestAddCookies  - CookieSpec selected: default
82084 [Forwarding newSession on session null to remote] DEBUG org.apache.http.client.protocol.RequestAuthCache  - Auth cache not set in the context
82084 [Forwarding newSession on session null to remote] DEBUG org.apache.http.impl.conn.PoolingHttpClientConnectionManager  - Connection request: [route: {}->http://localhost:28815][total kept alive: 0; route allocated: 0 of 2000; total allocated: 0 of 2000]
82085 [Forwarding newSession on session null to remote] DEBUG org.apache.http.impl.conn.PoolingHttpClientConnectionManager  - Connection leased: [id: 60][route: {}->http://localhost:28815][total kept alive: 0; route allocated: 1 of 2000; total allocated: 1 of 2000]
82086 [Forwarding newSession on session null to remote] DEBUG org.apache.http.impl.execchain.MainClientExec  - Opening connection {}->http://localhost:28815
82087 [Forwarding newSession on session null to remote] DEBUG org.apache.http.impl.conn.DefaultHttpClientConnectionOperator  - Connecting to localhost/127.0.0.1:28815
82089 [Forwarding newSession on session null to remote] DEBUG org.apache.http.impl.conn.DefaultHttpClientConnectionOperator  - Connection established 127.0.0.1:62319<->127.0.0.1:28815
82089 [Forwarding newSession on session null to remote] DEBUG org.apache.http.impl.conn.DefaultManagedHttpClientConnection  - http-outgoing-60: set socket timeout to 10800000
82090 [Forwarding newSession on session null to remote] DEBUG org.apache.http.impl.execchain.MainClientExec  - Executing request POST /session HTTP/1.1
82090 [Forwarding newSession on session null to remote] DEBUG org.apache.http.impl.execchain.MainClientExec  - Target auth state: UNCHALLENGED
82090 [Forwarding newSession on session null to remote] DEBUG org.apache.http.impl.execchain.MainClientExec  - Proxy auth state: UNCHALLENGED
82090 [Forwarding newSession on session null to remote] DEBUG org.apache.http.headers  - http-outgoing-60 >> POST /session HTTP/1.1
82090 [Forwarding newSession on session null to remote] DEBUG org.apache.http.headers  - http-outgoing-60 >> Content-Type: application/json; charset=utf-8
82091 [Forwarding newSession on session null to remote] DEBUG org.apache.http.headers  - http-outgoing-60 >> Content-Length: 122
82091 [Forwarding newSession on session null to remote] DEBUG org.apache.http.headers  - http-outgoing-60 >> Host: localhost:28815
82091 [Forwarding newSession on session null to remote] DEBUG org.apache.http.headers  - http-outgoing-60 >> Connection: Keep-Alive
82091 [Forwarding newSession on session null to remote] DEBUG org.apache.http.headers  - http-outgoing-60 >> User-Agent: Apache-HttpClient/4.5.1 (Java/1.8.0_112)
82091 [Forwarding newSession on session null to remote] DEBUG org.apache.http.headers  - http-outgoing-60 >> Accept-Encoding: gzip,deflate
82092 [Forwarding newSession on session null to remote] DEBUG org.apache.http.wire  - http-outgoing-60 >> "POST /session HTTP/1.1[\r][\n]"
82092 [Forwarding newSession on session null to remote] DEBUG org.apache.http.wire  - http-outgoing-60 >> "Content-Type: application/json; charset=utf-8[\r][\n]"
82092 [Forwarding newSession on session null to remote] DEBUG org.apache.http.wire  - http-outgoing-60 >> "Content-Length: 122[\r][\n]"
82092 [Forwarding newSession on session null to remote] DEBUG org.apache.http.wire  - http-outgoing-60 >> "Host: localhost:28815[\r][\n]"
82092 [Forwarding newSession on session null to remote] DEBUG org.apache.http.wire  - http-outgoing-60 >> "Connection: Keep-Alive[\r][\n]"
82092 [Forwarding newSession on session null to remote] DEBUG org.apache.http.wire  - http-outgoing-60 >> "User-Agent: Apache-HttpClient/4.5.1 (Java/1.8.0_112)[\r][\n]"
82092 [Forwarding newSession on session null to remote] DEBUG org.apache.http.wire  - http-outgoing-60 >> "Accept-Encoding: gzip,deflate[\r][\n]"
82092 [Forwarding newSession on session null to remote] DEBUG org.apache.http.wire  - http-outgoing-60 >> "[\r][\n]"
82092 [Forwarding newSession on session null to remote] DEBUG org.apache.http.wire  - http-outgoing-60 >> "{"desiredCapabilities":{"browserName":"chrome","chromeOptions":{"args":[],"extensions":[]},"version":"","platform":"ANY"}}"
83519 [Forwarding newSession on session null to remote] DEBUG org.apache.http.wire  - http-outgoing-60 << "HTTP/1.1 200 OK[\r][\n]"
83520 [Forwarding newSession on session null to remote] DEBUG org.apache.http.wire  - http-outgoing-60 << "Content-Length:779[\r][\n]"
83520 [Forwarding newSession on session null to remote] DEBUG org.apache.http.wire  - http-outgoing-60 << "Content-Type:application/json; charset=utf-8[\r][\n]"
83520 [Forwarding newSession on session null to remote] DEBUG org.apache.http.wire  - http-outgoing-60 << "Connection:close[\r][\n]"
83520 [Forwarding newSession on session null to remote] DEBUG org.apache.http.wire  - http-outgoing-60 << "[\r][\n]"
83520 [Forwarding newSession on session null to remote] DEBUG org.apache.http.wire  - http-outgoing-60 << "{"sessionId":"ced9814f66359f73d1c9aeafb4113844","status":0,"value":{"acceptSslCerts":true,"applicationCacheEnabled":false,"browserConnectionEnabled":false,"browserName":"chrome","chrome":{"chromedriverVersion":"2.27.440174 (e97a722caafc2d3a8b807ee115bfb307f7d2cfd9)","userDataDir":"C:\\Users\\Bageesh\\AppData\\Local\\Temp\\scoped_dir5092_4177"},"cssSelectorsEnabled":true,"databaseEnabled":false,"handlesAlerts":true,"hasTouchScreen":false,"javascriptEnabled":true,"locationContextEnabled":true,"mobileEmulationEnabled":false,"nativeEvents":true,"networkConnectionEnabled":false,"pageLoadStrategy":"normal","platform":"Windows NT","rotatable":false,"takesHeapSnapshot":true,"takesScreenshot":true,"unexpectedAlertBehaviour":"","version":"56.0.2924.87","webStorageEnabled":true}}"
83520 [Forwarding newSession on session null to remote] DEBUG org.apache.http.headers  - http-outgoing-60 << HTTP/1.1 200 OK
83520 [Forwarding newSession on session null to remote] DEBUG org.apache.http.headers  - http-outgoing-60 << Content-Length:779
83520 [Forwarding newSession on session null to remote] DEBUG org.apache.http.headers  - http-outgoing-60 << Content-Type:application/json; charset=utf-8
83520 [Forwarding newSession on session null to remote] DEBUG org.apache.http.headers  - http-outgoing-60 << Connection:close
83521 [Forwarding newSession on session null to remote] DEBUG org.apache.http.impl.conn.DefaultManagedHttpClientConnection  - http-outgoing-60: Close connection
83521 [Forwarding newSession on session null to remote] DEBUG org.apache.http.impl.execchain.MainClientExec  - Connection discarded
83521 [Forwarding newSession on session null to remote] DEBUG org.apache.http.impl.conn.PoolingHttpClientConnectionManager  - Connection released: [id: 60][route: {}->http://localhost:28815][total kept alive: 0; route allocated: 0 of 2000; total allocated: 0 of 2000]
83527 [Forwarding setWindowSize on session ced9814f66359f73d1c9aeafb4113844 to remote] DEBUG org.apache.http.client.protocol.RequestAddCookies  - CookieSpec selected: default
83527 [Forwarding setWindowSize on session ced9814f66359f73d1c9aeafb4113844 to remote] DEBUG org.apache.http.client.protocol.RequestAuthCache  - Auth cache not set in the context
83527 [Forwarding setWindowSize on session ced9814f66359f73d1c9aeafb4113844 to remote] DEBUG org.apache.http.impl.conn.PoolingHttpClientConnectionManager  - Connection request: [route: {}->http://localhost:28815][total kept alive: 0; route allocated: 0 of 2000; total allocated: 0 of 2000]
83527 [Forwarding setWindowSize on session ced9814f66359f73d1c9aeafb4113844 to remote] DEBUG org.apache.http.impl.conn.PoolingHttpClientConnectionManager  - Connection leased: [id: 61][route: {}->http://localhost:28815][total kept alive: 0; route allocated: 1 of 2000; total allocated: 1 of 2000]
83527 [Forwarding setWindowSize on session ced9814f66359f73d1c9aeafb4113844 to remote] DEBUG org.apache.http.impl.execchain.MainClientExec  - Opening connection {}->http://localhost:28815
83529 [Forwarding setWindowSize on session ced9814f66359f73d1c9aeafb4113844 to remote] DEBUG org.apache.http.impl.conn.DefaultHttpClientConnectionOperator  - Connecting to localhost/127.0.0.1:28815
83529 [Forwarding setWindowSize on session ced9814f66359f73d1c9aeafb4113844 to remote] DEBUG org.apache.http.impl.conn.DefaultHttpClientConnectionOperator  - Connection established 127.0.0.1:62326<->127.0.0.1:28815
83530 [Forwarding setWindowSize on session ced9814f66359f73d1c9aeafb4113844 to remote] DEBUG org.apache.http.impl.conn.DefaultManagedHttpClientConnection  - http-outgoing-61: set socket timeout to 10800000
83530 [Forwarding setWindowSize on session ced9814f66359f73d1c9aeafb4113844 to remote] DEBUG org.apache.http.impl.execchain.MainClientExec  - Executing request POST /session/ced9814f66359f73d1c9aeafb4113844/window/current/size HTTP/1.1
83530 [Forwarding setWindowSize on session ced9814f66359f73d1c9aeafb4113844 to remote] DEBUG org.apache.http.impl.execchain.MainClientExec  - Target auth state: UNCHALLENGED
83530 [Forwarding setWindowSize on session ced9814f66359f73d1c9aeafb4113844 to remote] DEBUG org.apache.http.impl.execchain.MainClientExec  - Proxy auth state: UNCHALLENGED
83530 [Forwarding setWindowSize on session ced9814f66359f73d1c9aeafb4113844 to remote] DEBUG org.apache.http.headers  - http-outgoing-61 >> POST /session/ced9814f66359f73d1c9aeafb4113844/window/current/size HTTP/1.1
83530 [Forwarding setWindowSize on session ced9814f66359f73d1c9aeafb4113844 to remote] DEBUG org.apache.http.headers  - http-outgoing-61 >> Content-Type: application/json; charset=utf-8
83530 [Forwarding setWindowSize on session ced9814f66359f73d1c9aeafb4113844 to remote] DEBUG org.apache.http.headers  - http-outgoing-61 >> Content-Length: 52
83530 [Forwarding setWindowSize on session ced9814f66359f73d1c9aeafb4113844 to remote] DEBUG org.apache.http.headers  - http-outgoing-61 >> Host: localhost:28815
83530 [Forwarding setWindowSize on session ced9814f66359f73d1c9aeafb4113844 to remote] DEBUG org.apache.http.headers  - http-outgoing-61 >> Connection: Keep-Alive
83530 [Forwarding setWindowSize on session ced9814f66359f73d1c9aeafb4113844 to remote] DEBUG org.apache.http.headers  - http-outgoing-61 >> User-Agent: Apache-HttpClient/4.5.1 (Java/1.8.0_112)
83530 [Forwarding setWindowSize on session ced9814f66359f73d1c9aeafb4113844 to remote] DEBUG org.apache.http.headers  - http-outgoing-61 >> Accept-Encoding: gzip,deflate
83531 [Forwarding setWindowSize on session ced9814f66359f73d1c9aeafb4113844 to remote] DEBUG org.apache.http.wire  - http-outgoing-61 >> "POST /session/ced9814f66359f73d1c9aeafb4113844/window/current/size HTTP/1.1[\r][\n]"
83531 [Forwarding setWindowSize on session ced9814f66359f73d1c9aeafb4113844 to remote] DEBUG org.apache.http.wire  - http-outgoing-61 >> "Content-Type: application/json; charset=utf-8[\r][\n]"
83531 [Forwarding setWindowSize on session ced9814f66359f73d1c9aeafb4113844 to remote] DEBUG org.apache.http.wire  - http-outgoing-61 >> "Content-Length: 52[\r][\n]"
83531 [Forwarding setWindowSize on session ced9814f66359f73d1c9aeafb4113844 to remote] DEBUG org.apache.http.wire  - http-outgoing-61 >> "Host: localhost:28815[\r][\n]"
83531 [Forwarding setWindowSize on session ced9814f66359f73d1c9aeafb4113844 to remote] DEBUG org.apache.http.wire  - http-outgoing-61 >> "Connection: Keep-Alive[\r][\n]"
83531 [Forwarding setWindowSize on session ced9814f66359f73d1c9aeafb4113844 to remote] DEBUG org.apache.http.wire  - http-outgoing-61 >> "User-Agent: Apache-HttpClient/4.5.1 (Java/1.8.0_112)[\r][\n]"
83531 [Forwarding setWindowSize on session ced9814f66359f73d1c9aeafb4113844 to remote] DEBUG org.apache.http.wire  - http-outgoing-61 >> "Accept-Encoding: gzip,deflate[\r][\n]"
83531 [Forwarding setWindowSize on session ced9814f66359f73d1c9aeafb4113844 to remote] DEBUG org.apache.http.wire  - http-outgoing-61 >> "[\r][\n]"
83531 [Forwarding setWindowSize on session ced9814f66359f73d1c9aeafb4113844 to remote] DEBUG org.apache.http.wire  - http-outgoing-61 >> "{"windowHandle":"current","width":1200,"height":850}"
84739 [Forwarding setWindowSize on session ced9814f66359f73d1c9aeafb4113844 to remote] DEBUG org.apache.http.wire  - http-outgoing-61 << "HTTP/1.1 200 OK[\r][\n]"
84739 [Forwarding setWindowSize on session ced9814f66359f73d1c9aeafb4113844 to remote] DEBUG org.apache.http.wire  - http-outgoing-61 << "Content-Length:72[\r][\n]"
84739 [Forwarding setWindowSize on session ced9814f66359f73d1c9aeafb4113844 to remote] DEBUG org.apache.http.wire  - http-outgoing-61 << "Content-Type:application/json; charset=utf-8[\r][\n]"
84739 [Forwarding setWindowSize on session ced9814f66359f73d1c9aeafb4113844 to remote] DEBUG org.apache.http.wire  - http-outgoing-61 << "Connection:close[\r][\n]"
84739 [Forwarding setWindowSize on session ced9814f66359f73d1c9aeafb4113844 to remote] DEBUG org.apache.http.wire  - http-outgoing-61 << "[\r][\n]"
84739 [Forwarding setWindowSize on session ced9814f66359f73d1c9aeafb4113844 to remote] DEBUG org.apache.http.wire  - http-outgoing-61 << "{"sessionId":"ced9814f66359f73d1c9aeafb4113844","status":0,"value":null}"
84739 [Forwarding setWindowSize on session ced9814f66359f73d1c9aeafb4113844 to remote] DEBUG org.apache.http.headers  - http-outgoing-61 << HTTP/1.1 200 OK
84740 [Forwarding setWindowSize on session ced9814f66359f73d1c9aeafb4113844 to remote] DEBUG org.apache.http.headers  - http-outgoing-61 << Content-Length:72
84740 [Forwarding setWindowSize on session ced9814f66359f73d1c9aeafb4113844 to remote] DEBUG org.apache.http.headers  - http-outgoing-61 << Content-Type:application/json; charset=utf-8
84740 [Forwarding setWindowSize on session ced9814f66359f73d1c9aeafb4113844 to remote] DEBUG org.apache.http.headers  - http-outgoing-61 << Connection:close
84740 [Forwarding setWindowSize on session ced9814f66359f73d1c9aeafb4113844 to remote] DEBUG org.apache.http.impl.conn.DefaultManagedHttpClientConnection  - http-outgoing-61: Close connection
84741 [Forwarding setWindowSize on session ced9814f66359f73d1c9aeafb4113844 to remote] DEBUG org.apache.http.impl.execchain.MainClientExec  - Connection discarded
84741 [Forwarding setWindowSize on session ced9814f66359f73d1c9aeafb4113844 to remote] DEBUG org.apache.http.impl.conn.PoolingHttpClientConnectionManager  - Connection released: [id: 61][route: {}->http://localhost:28815][total kept alive: 0; route allocated: 0 of 2000; total allocated: 0 of 2000]
84745 [Forwarding get on session ced9814f66359f73d1c9aeafb4113844 to remote] DEBUG org.apache.http.client.protocol.RequestAddCookies  - CookieSpec selected: default
84746 [Forwarding get on session ced9814f66359f73d1c9aeafb4113844 to remote] DEBUG org.apache.http.client.protocol.RequestAuthCache  - Auth cache not set in the context
84746 [Forwarding get on session ced9814f66359f73d1c9aeafb4113844 to remote] DEBUG org.apache.http.impl.conn.PoolingHttpClientConnectionManager  - Connection request: [route: {}->http://localhost:28815][total kept alive: 0; route allocated: 0 of 2000; total allocated: 0 of 2000]
84746 [Forwarding get on session ced9814f66359f73d1c9aeafb4113844 to remote] DEBUG org.apache.http.impl.conn.PoolingHttpClientConnectionManager  - Connection leased: [id: 62][route: {}->http://localhost:28815][total kept alive: 0; route allocated: 1 of 2000; total allocated: 1 of 2000]
84746 [Forwarding get on session ced9814f66359f73d1c9aeafb4113844 to remote] DEBUG org.apache.http.impl.execchain.MainClientExec  - Opening connection {}->http://localhost:28815
84747 [Forwarding get on session ced9814f66359f73d1c9aeafb4113844 to remote] DEBUG org.apache.http.impl.conn.DefaultHttpClientConnectionOperator  - Connecting to localhost/127.0.0.1:28815
84748 [Forwarding get on session ced9814f66359f73d1c9aeafb4113844 to remote] DEBUG org.apache.http.impl.conn.DefaultHttpClientConnectionOperator  - Connection established 127.0.0.1:62329<->127.0.0.1:28815
84749 [Forwarding get on session ced9814f66359f73d1c9aeafb4113844 to remote] DEBUG org.apache.http.impl.conn.DefaultManagedHttpClientConnection  - http-outgoing-62: set socket timeout to 10800000
84749 [Forwarding get on session ced9814f66359f73d1c9aeafb4113844 to remote] DEBUG org.apache.http.impl.execchain.MainClientExec  - Executing request POST /session/ced9814f66359f73d1c9aeafb4113844/url HTTP/1.1
84749 [Forwarding get on session ced9814f66359f73d1c9aeafb4113844 to remote] DEBUG org.apache.http.impl.execchain.MainClientExec  - Target auth state: UNCHALLENGED
84749 [Forwarding get on session ced9814f66359f73d1c9aeafb4113844 to remote] DEBUG org.apache.http.impl.execchain.MainClientExec  - Proxy auth state: UNCHALLENGED
84749 [Forwarding get on session ced9814f66359f73d1c9aeafb4113844 to remote] DEBUG org.apache.http.headers  - http-outgoing-62 >> POST /session/ced9814f66359f73d1c9aeafb4113844/url HTTP/1.1
84749 [Forwarding get on session ced9814f66359f73d1c9aeafb4113844 to remote] DEBUG org.apache.http.headers  - http-outgoing-62 >> Content-Type: application/json; charset=utf-8
84749 [Forwarding get on session ced9814f66359f73d1c9aeafb4113844 to remote] DEBUG org.apache.http.headers  - http-outgoing-62 >> Content-Length: 47
84749 [Forwarding get on session ced9814f66359f73d1c9aeafb4113844 to remote] DEBUG org.apache.http.headers  - http-outgoing-62 >> Host: localhost:28815
84749 [Forwarding get on session ced9814f66359f73d1c9aeafb4113844 to remote] DEBUG org.apache.http.headers  - http-outgoing-62 >> Connection: Keep-Alive
84749 [Forwarding get on session ced9814f66359f73d1c9aeafb4113844 to remote] DEBUG org.apache.http.headers  - http-outgoing-62 >> User-Agent: Apache-HttpClient/4.5.1 (Java/1.8.0_112)
84750 [Forwarding get on session ced9814f66359f73d1c9aeafb4113844 to remote] DEBUG org.apache.http.headers  - http-outgoing-62 >> Accept-Encoding: gzip,deflate
84750 [Forwarding get on session ced9814f66359f73d1c9aeafb4113844 to remote] DEBUG org.apache.http.wire  - http-outgoing-62 >> "POST /session/ced9814f66359f73d1c9aeafb4113844/url HTTP/1.1[\r][\n]"
84750 [Forwarding get on session ced9814f66359f73d1c9aeafb4113844 to remote] DEBUG org.apache.http.wire  - http-outgoing-62 >> "Content-Type: application/json; charset=utf-8[\r][\n]"
84750 [Forwarding get on session ced9814f66359f73d1c9aeafb4113844 to remote] DEBUG org.apache.http.wire  - http-outgoing-62 >> "Content-Length: 47[\r][\n]"
84750 [Forwarding get on session ced9814f66359f73d1c9aeafb4113844 to remote] DEBUG org.apache.http.wire  - http-outgoing-62 >> "Host: localhost:28815[\r][\n]"
84750 [Forwarding get on session ced9814f66359f73d1c9aeafb4113844 to remote] DEBUG org.apache.http.wire  - http-outgoing-62 >> "Connection: Keep-Alive[\r][\n]"
84750 [Forwarding get on session ced9814f66359f73d1c9aeafb4113844 to remote] DEBUG org.apache.http.wire  - http-outgoing-62 >> "User-Agent: Apache-HttpClient/4.5.1 (Java/1.8.0_112)[\r][\n]"
84750 [Forwarding get on session ced9814f66359f73d1c9aeafb4113844 to remote] DEBUG org.apache.http.wire  - http-outgoing-62 >> "Accept-Encoding: gzip,deflate[\r][\n]"
84750 [Forwarding get on session ced9814f66359f73d1c9aeafb4113844 to remote] DEBUG org.apache.http.wire  - http-outgoing-62 >> "[\r][\n]"
84750 [Forwarding get on session ced9814f66359f73d1c9aeafb4113844 to remote] DEBUG org.apache.http.wire  - http-outgoing-62 >> "{"url":"https://bageeshlal.atlassian.net/wiki"}"
89283 [Forwarding get on session ced9814f66359f73d1c9aeafb4113844 to remote] DEBUG org.apache.http.wire  - http-outgoing-62 << "HTTP/1.1 200 OK[\r][\n]"
89283 [Forwarding get on session ced9814f66359f73d1c9aeafb4113844 to remote] DEBUG org.apache.http.wire  - http-outgoing-62 << "Content-Length:72[\r][\n]"
89283 [Forwarding get on session ced9814f66359f73d1c9aeafb4113844 to remote] DEBUG org.apache.http.wire  - http-outgoing-62 << "Content-Type:application/json; charset=utf-8[\r][\n]"
89283 [Forwarding get on session ced9814f66359f73d1c9aeafb4113844 to remote] DEBUG org.apache.http.wire  - http-outgoing-62 << "Connection:close[\r][\n]"
89283 [Forwarding get on session ced9814f66359f73d1c9aeafb4113844 to remote] DEBUG org.apache.http.wire  - http-outgoing-62 << "[\r][\n]"
89283 [Forwarding get on session ced9814f66359f73d1c9aeafb4113844 to remote] DEBUG org.apache.http.wire  - http-outgoing-62 << "{"sessionId":"ced9814f66359f73d1c9aeafb4113844","status":0,"value":null}"
89284 [Forwarding get on session ced9814f66359f73d1c9aeafb4113844 to remote] DEBUG org.apache.http.headers  - http-outgoing-62 << HTTP/1.1 200 OK
89284 [Forwarding get on session ced9814f66359f73d1c9aeafb4113844 to remote] DEBUG org.apache.http.headers  - http-outgoing-62 << Content-Length:72
89284 [Forwarding get on session ced9814f66359f73d1c9aeafb4113844 to remote] DEBUG org.apache.http.headers  - http-outgoing-62 << Content-Type:application/json; charset=utf-8
89284 [Forwarding get on session ced9814f66359f73d1c9aeafb4113844 to remote] DEBUG org.apache.http.headers  - http-outgoing-62 << Connection:close
89284 [Forwarding get on session ced9814f66359f73d1c9aeafb4113844 to remote] DEBUG org.apache.http.impl.conn.DefaultManagedHttpClientConnection  - http-outgoing-62: Close connection
89284 [Forwarding get on session ced9814f66359f73d1c9aeafb4113844 to remote] DEBUG org.apache.http.impl.execchain.MainClientExec  - Connection discarded
89284 [Forwarding get on session ced9814f66359f73d1c9aeafb4113844 to remote] DEBUG org.apache.http.impl.conn.PoolingHttpClientConnectionManager  - Connection released: [id: 62][route: {}->http://localhost:28815][total kept alive: 0; route allocated: 0 of 2000; total allocated: 0 of 2000]
89285 [Forwarding findElement on session ced9814f66359f73d1c9aeafb4113844 to remote] DEBUG org.apache.http.client.protocol.RequestAddCookies  - CookieSpec selected: default
89285 [Forwarding findElement on session ced9814f66359f73d1c9aeafb4113844 to remote] DEBUG org.apache.http.client.protocol.RequestAuthCache  - Auth cache not set in the context
89285 [Forwarding findElement on session ced9814f66359f73d1c9aeafb4113844 to remote] DEBUG org.apache.http.impl.conn.PoolingHttpClientConnectionManager  - Connection request: [route: {}->http://localhost:28815][total kept alive: 0; route allocated: 0 of 2000; total allocated: 0 of 2000]
89285 [Forwarding findElement on session ced9814f66359f73d1c9aeafb4113844 to remote] DEBUG org.apache.http.impl.conn.PoolingHttpClientConnectionManager  - Connection leased: [id: 63][route: {}->http://localhost:28815][total kept alive: 0; route allocated: 1 of 2000; total allocated: 1 of 2000]
89285 [Forwarding findElement on session ced9814f66359f73d1c9aeafb4113844 to remote] DEBUG org.apache.http.impl.execchain.MainClientExec  - Opening connection {}->http://localhost:28815
89286 [Forwarding findElement on session ced9814f66359f73d1c9aeafb4113844 to remote] DEBUG org.apache.http.impl.conn.DefaultHttpClientConnectionOperator  - Connecting to localhost/127.0.0.1:28815
89286 [Forwarding findElement on session ced9814f66359f73d1c9aeafb4113844 to remote] DEBUG org.apache.http.impl.conn.DefaultHttpClientConnectionOperator  - Connection established 127.0.0.1:62337<->127.0.0.1:28815
89286 [Forwarding findElement on session ced9814f66359f73d1c9aeafb4113844 to remote] DEBUG org.apache.http.impl.conn.DefaultManagedHttpClientConnection  - http-outgoing-63: set socket timeout to 10800000
89286 [Forwarding findElement on session ced9814f66359f73d1c9aeafb4113844 to remote] DEBUG org.apache.http.impl.execchain.MainClientExec  - Executing request POST /session/ced9814f66359f73d1c9aeafb4113844/element HTTP/1.1
89286 [Forwarding findElement on session ced9814f66359f73d1c9aeafb4113844 to remote] DEBUG org.apache.http.impl.execchain.MainClientExec  - Target auth state: UNCHALLENGED
89286 [Forwarding findElement on session ced9814f66359f73d1c9aeafb4113844 to remote] DEBUG org.apache.http.impl.execchain.MainClientExec  - Proxy auth state: UNCHALLENGED
89286 [Forwarding findElement on session ced9814f66359f73d1c9aeafb4113844 to remote] DEBUG org.apache.http.headers  - http-outgoing-63 >> POST /session/ced9814f66359f73d1c9aeafb4113844/element HTTP/1.1
89286 [Forwarding findElement on session ced9814f66359f73d1c9aeafb4113844 to remote] DEBUG org.apache.http.headers  - http-outgoing-63 >> Content-Type: application/json; charset=utf-8
89286 [Forwarding findElement on session ced9814f66359f73d1c9aeafb4113844 to remote] DEBUG org.apache.http.headers  - http-outgoing-63 >> Content-Length: 33
89286 [Forwarding findElement on session ced9814f66359f73d1c9aeafb4113844 to remote] DEBUG org.apache.http.headers  - http-outgoing-63 >> Host: localhost:28815
89286 [Forwarding findElement on session ced9814f66359f73d1c9aeafb4113844 to remote] DEBUG org.apache.http.headers  - http-outgoing-63 >> Connection: Keep-Alive
89286 [Forwarding findElement on session ced9814f66359f73d1c9aeafb4113844 to remote] DEBUG org.apache.http.headers  - http-outgoing-63 >> User-Agent: Apache-HttpClient/4.5.1 (Java/1.8.0_112)
89286 [Forwarding findElement on session ced9814f66359f73d1c9aeafb4113844 to remote] DEBUG org.apache.http.headers  - http-outgoing-63 >> Accept-Encoding: gzip,deflate
89286 [Forwarding findElement on session ced9814f66359f73d1c9aeafb4113844 to remote] DEBUG org.apache.http.wire  - http-outgoing-63 >> "POST /session/ced9814f66359f73d1c9aeafb4113844/element HTTP/1.1[\r][\n]"
89286 [Forwarding findElement on session ced9814f66359f73d1c9aeafb4113844 to remote] DEBUG org.apache.http.wire  - http-outgoing-63 >> "Content-Type: application/json; charset=utf-8[\r][\n]"
89286 [Forwarding findElement on session ced9814f66359f73d1c9aeafb4113844 to remote] DEBUG org.apache.http.wire  - http-outgoing-63 >> "Content-Length: 33[\r][\n]"
89286 [Forwarding findElement on session ced9814f66359f73d1c9aeafb4113844 to remote] DEBUG org.apache.http.wire  - http-outgoing-63 >> "Host: localhost:28815[\r][\n]"
89286 [Forwarding findElement on session ced9814f66359f73d1c9aeafb4113844 to remote] DEBUG org.apache.http.wire  - http-outgoing-63 >> "Connection: Keep-Alive[\r][\n]"
89286 [Forwarding findElement on session ced9814f66359f73d1c9aeafb4113844 to remote] DEBUG org.apache.http.wire  - http-outgoing-63 >> "User-Agent: Apache-HttpClient/4.5.1 (Java/1.8.0_112)[\r][\n]"
89286 [Forwarding findElement on session ced9814f66359f73d1c9aeafb4113844 to remote] DEBUG org.apache.http.wire  - http-outgoing-63 >> "Accept-Encoding: gzip,deflate[\r][\n]"
89286 [Forwarding findElement on session ced9814f66359f73d1c9aeafb4113844 to remote] DEBUG org.apache.http.wire  - http-outgoing-63 >> "[\r][\n]"
89287 [Forwarding findElement on session ced9814f66359f73d1c9aeafb4113844 to remote] DEBUG org.apache.http.wire  - http-outgoing-63 >> "{"using":"id","value":"username"}"
89343 [Forwarding findElement on session ced9814f66359f73d1c9aeafb4113844 to remote] DEBUG org.apache.http.wire  - http-outgoing-63 << "HTTP/1.1 200 OK[\r][\n]"
89343 [Forwarding findElement on session ced9814f66359f73d1c9aeafb4113844 to remote] DEBUG org.apache.http.wire  - http-outgoing-63 << "Content-Length:102[\r][\n]"
89343 [Forwarding findElement on session ced9814f66359f73d1c9aeafb4113844 to remote] DEBUG org.apache.http.wire  - http-outgoing-63 << "Content-Type:application/json; charset=utf-8[\r][\n]"
89343 [Forwarding findElement on session ced9814f66359f73d1c9aeafb4113844 to remote] DEBUG org.apache.http.wire  - http-outgoing-63 << "Connection:close[\r][\n]"
89343 [Forwarding findElement on session ced9814f66359f73d1c9aeafb4113844 to remote] DEBUG org.apache.http.wire  - http-outgoing-63 << "[\r][\n]"
89343 [Forwarding findElement on session ced9814f66359f73d1c9aeafb4113844 to remote] DEBUG org.apache.http.wire  - http-outgoing-63 << "{"sessionId":"ced9814f66359f73d1c9aeafb4113844","status":0,"value":{"ELEMENT":"0.6850721213250937-1"}}"
89343 [Forwarding findElement on session ced9814f66359f73d1c9aeafb4113844 to remote] DEBUG org.apache.http.headers  - http-outgoing-63 << HTTP/1.1 200 OK
89343 [Forwarding findElement on session ced9814f66359f73d1c9aeafb4113844 to remote] DEBUG org.apache.http.headers  - http-outgoing-63 << Content-Length:102
89343 [Forwarding findElement on session ced9814f66359f73d1c9aeafb4113844 to remote] DEBUG org.apache.http.headers  - http-outgoing-63 << Content-Type:application/json; charset=utf-8
89343 [Forwarding findElement on session ced9814f66359f73d1c9aeafb4113844 to remote] DEBUG org.apache.http.headers  - http-outgoing-63 << Connection:close
89343 [Forwarding findElement on session ced9814f66359f73d1c9aeafb4113844 to remote] DEBUG org.apache.http.impl.conn.DefaultManagedHttpClientConnection  - http-outgoing-63: Close connection
89344 [Forwarding findElement on session ced9814f66359f73d1c9aeafb4113844 to remote] DEBUG org.apache.http.impl.execchain.MainClientExec  - Connection discarded
89344 [Forwarding findElement on session ced9814f66359f73d1c9aeafb4113844 to remote] DEBUG org.apache.http.impl.conn.PoolingHttpClientConnectionManager  - Connection released: [id: 63][route: {}->http://localhost:28815][total kept alive: 0; route allocated: 0 of 2000; total allocated: 0 of 2000]
89346 [Forwarding sendKeysToElement on session ced9814f66359f73d1c9aeafb4113844 to remote] DEBUG org.apache.http.client.protocol.RequestAddCookies  - CookieSpec selected: default
89346 [Forwarding sendKeysToElement on session ced9814f66359f73d1c9aeafb4113844 to remote] DEBUG org.apache.http.client.protocol.RequestAuthCache  - Auth cache not set in the context
89346 [Forwarding sendKeysToElement on session ced9814f66359f73d1c9aeafb4113844 to remote] DEBUG org.apache.http.impl.conn.PoolingHttpClientConnectionManager  - Connection request: [route: {}->http://localhost:28815][total kept alive: 0; route allocated: 0 of 2000; total allocated: 0 of 2000]
89346 [Forwarding sendKeysToElement on session ced9814f66359f73d1c9aeafb4113844 to remote] DEBUG org.apache.http.impl.conn.PoolingHttpClientConnectionManager  - Connection leased: [id: 64][route: {}->http://localhost:28815][total kept alive: 0; route allocated: 1 of 2000; total allocated: 1 of 2000]
89346 [Forwarding sendKeysToElement on session ced9814f66359f73d1c9aeafb4113844 to remote] DEBUG org.apache.http.impl.execchain.MainClientExec  - Opening connection {}->http://localhost:28815
89346 [Forwarding sendKeysToElement on session ced9814f66359f73d1c9aeafb4113844 to remote] DEBUG org.apache.http.impl.conn.DefaultHttpClientConnectionOperator  - Connecting to localhost/127.0.0.1:28815
89346 [Forwarding sendKeysToElement on session ced9814f66359f73d1c9aeafb4113844 to remote] DEBUG org.apache.http.impl.conn.DefaultHttpClientConnectionOperator  - Connection established 127.0.0.1:62338<->127.0.0.1:28815
89347 [Forwarding sendKeysToElement on session ced9814f66359f73d1c9aeafb4113844 to remote] DEBUG org.apache.http.impl.conn.DefaultManagedHttpClientConnection  - http-outgoing-64: set socket timeout to 10800000
89347 [Forwarding sendKeysToElement on session ced9814f66359f73d1c9aeafb4113844 to remote] DEBUG org.apache.http.impl.execchain.MainClientExec  - Executing request POST /session/ced9814f66359f73d1c9aeafb4113844/element/0.6850721213250937-1/value HTTP/1.1
89347 [Forwarding sendKeysToElement on session ced9814f66359f73d1c9aeafb4113844 to remote] DEBUG org.apache.http.impl.execchain.MainClientExec  - Target auth state: UNCHALLENGED
89347 [Forwarding sendKeysToElement on session ced9814f66359f73d1c9aeafb4113844 to remote] DEBUG org.apache.http.impl.execchain.MainClientExec  - Proxy auth state: UNCHALLENGED
89347 [Forwarding sendKeysToElement on session ced9814f66359f73d1c9aeafb4113844 to remote] DEBUG org.apache.http.headers  - http-outgoing-64 >> POST /session/ced9814f66359f73d1c9aeafb4113844/element/0.6850721213250937-1/value HTTP/1.1
89347 [Forwarding sendKeysToElement on session ced9814f66359f73d1c9aeafb4113844 to remote] DEBUG org.apache.http.headers  - http-outgoing-64 >> Content-Type: application/json; charset=utf-8
89347 [Forwarding sendKeysToElement on session ced9814f66359f73d1c9aeafb4113844 to remote] DEBUG org.apache.http.headers  - http-outgoing-64 >> Content-Length: 62
89347 [Forwarding sendKeysToElement on session ced9814f66359f73d1c9aeafb4113844 to remote] DEBUG org.apache.http.headers  - http-outgoing-64 >> Host: localhost:28815
89347 [Forwarding sendKeysToElement on session ced9814f66359f73d1c9aeafb4113844 to remote] DEBUG org.apache.http.headers  - http-outgoing-64 >> Connection: Keep-Alive
89347 [Forwarding sendKeysToElement on session ced9814f66359f73d1c9aeafb4113844 to remote] DEBUG org.apache.http.headers  - http-outgoing-64 >> User-Agent: Apache-HttpClient/4.5.1 (Java/1.8.0_112)
89347 [Forwarding sendKeysToElement on session ced9814f66359f73d1c9aeafb4113844 to remote] DEBUG org.apache.http.headers  - http-outgoing-64 >> Accept-Encoding: gzip,deflate
89347 [Forwarding sendKeysToElement on session ced9814f66359f73d1c9aeafb4113844 to remote] DEBUG org.apache.http.wire  - http-outgoing-64 >> "POST /session/ced9814f66359f73d1c9aeafb4113844/element/0.6850721213250937-1/value HTTP/1.1[\r][\n]"
89347 [Forwarding sendKeysToElement on session ced9814f66359f73d1c9aeafb4113844 to remote] DEBUG org.apache.http.wire  - http-outgoing-64 >> "Content-Type: application/json; charset=utf-8[\r][\n]"
89347 [Forwarding sendKeysToElement on session ced9814f66359f73d1c9aeafb4113844 to remote] DEBUG org.apache.http.wire  - http-outgoing-64 >> "Content-Length: 62[\r][\n]"
89347 [Forwarding sendKeysToElement on session ced9814f66359f73d1c9aeafb4113844 to remote] DEBUG org.apache.http.wire  - http-outgoing-64 >> "Host: localhost:28815[\r][\n]"
89347 [Forwarding sendKeysToElement on session ced9814f66359f73d1c9aeafb4113844 to remote] DEBUG org.apache.http.wire  - http-outgoing-64 >> "Connection: Keep-Alive[\r][\n]"
89347 [Forwarding sendKeysToElement on session ced9814f66359f73d1c9aeafb4113844 to remote] DEBUG org.apache.http.wire  - http-outgoing-64 >> "User-Agent: Apache-HttpClient/4.5.1 (Java/1.8.0_112)[\r][\n]"
89347 [Forwarding sendKeysToElement on session ced9814f66359f73d1c9aeafb4113844 to remote] DEBUG org.apache.http.wire  - http-outgoing-64 >> "Accept-Encoding: gzip,deflate[\r][\n]"
89347 [Forwarding sendKeysToElement on session ced9814f66359f73d1c9aeafb4113844 to remote] DEBUG org.apache.http.wire  - http-outgoing-64 >> "[\r][\n]"
89347 [Forwarding sendKeysToElement on session ced9814f66359f73d1c9aeafb4113844 to remote] DEBUG org.apache.http.wire  - http-outgoing-64 >> "{"id":"0.6850721213250937-1","value":["bageeshlal@gmail.com"]}"
89561 [Forwarding sendKeysToElement on session ced9814f66359f73d1c9aeafb4113844 to remote] DEBUG org.apache.http.wire  - http-outgoing-64 << "HTTP/1.1 200 OK[\r][\n]"
89561 [Forwarding sendKeysToElement on session ced9814f66359f73d1c9aeafb4113844 to remote] DEBUG org.apache.http.wire  - http-outgoing-64 << "Content-Length:72[\r][\n]"
89561 [Forwarding sendKeysToElement on session ced9814f66359f73d1c9aeafb4113844 to remote] DEBUG org.apache.http.wire  - http-outgoing-64 << "Content-Type:application/json; charset=utf-8[\r][\n]"
89561 [Forwarding sendKeysToElement on session ced9814f66359f73d1c9aeafb4113844 to remote] DEBUG org.apache.http.wire  - http-outgoing-64 << "Connection:close[\r][\n]"
89561 [Forwarding sendKeysToElement on session ced9814f66359f73d1c9aeafb4113844 to remote] DEBUG org.apache.http.wire  - http-outgoing-64 << "[\r][\n]"
89561 [Forwarding sendKeysToElement on session ced9814f66359f73d1c9aeafb4113844 to remote] DEBUG org.apache.http.wire  - http-outgoing-64 << "{"sessionId":"ced9814f66359f73d1c9aeafb4113844","status":0,"value":null}"
89561 [Forwarding sendKeysToElement on session ced9814f66359f73d1c9aeafb4113844 to remote] DEBUG org.apache.http.headers  - http-outgoing-64 << HTTP/1.1 200 OK
89561 [Forwarding sendKeysToElement on session ced9814f66359f73d1c9aeafb4113844 to remote] DEBUG org.apache.http.headers  - http-outgoing-64 << Content-Length:72
89561 [Forwarding sendKeysToElement on session ced9814f66359f73d1c9aeafb4113844 to remote] DEBUG org.apache.http.headers  - http-outgoing-64 << Content-Type:application/json; charset=utf-8
89561 [Forwarding sendKeysToElement on session ced9814f66359f73d1c9aeafb4113844 to remote] DEBUG org.apache.http.headers  - http-outgoing-64 << Connection:close
89562 [Forwarding sendKeysToElement on session ced9814f66359f73d1c9aeafb4113844 to remote] DEBUG org.apache.http.impl.conn.DefaultManagedHttpClientConnection  - http-outgoing-64: Close connection
89562 [Forwarding sendKeysToElement on session ced9814f66359f73d1c9aeafb4113844 to remote] DEBUG org.apache.http.impl.execchain.MainClientExec  - Connection discarded
89562 [Forwarding sendKeysToElement on session ced9814f66359f73d1c9aeafb4113844 to remote] DEBUG org.apache.http.impl.conn.PoolingHttpClientConnectionManager  - Connection released: [id: 64][route: {}->http://localhost:28815][total kept alive: 0; route allocated: 0 of 2000; total allocated: 0 of 2000]
89563 [Forwarding findElement on session ced9814f66359f73d1c9aeafb4113844 to remote] DEBUG org.apache.http.client.protocol.RequestAddCookies  - CookieSpec selected: default
89563 [Forwarding findElement on session ced9814f66359f73d1c9aeafb4113844 to remote] DEBUG org.apache.http.client.protocol.RequestAuthCache  - Auth cache not set in the context
89563 [Forwarding findElement on session ced9814f66359f73d1c9aeafb4113844 to remote] DEBUG org.apache.http.impl.conn.PoolingHttpClientConnectionManager  - Connection request: [route: {}->http://localhost:28815][total kept alive: 0; route allocated: 0 of 2000; total allocated: 0 of 2000]
89563 [Forwarding findElement on session ced9814f66359f73d1c9aeafb4113844 to remote] DEBUG org.apache.http.impl.conn.PoolingHttpClientConnectionManager  - Connection leased: [id: 65][route: {}->http://localhost:28815][total kept alive: 0; route allocated: 1 of 2000; total allocated: 1 of 2000]
89563 [Forwarding findElement on session ced9814f66359f73d1c9aeafb4113844 to remote] DEBUG org.apache.http.impl.execchain.MainClientExec  - Opening connection {}->http://localhost:28815
89564 [Forwarding findElement on session ced9814f66359f73d1c9aeafb4113844 to remote] DEBUG org.apache.http.impl.conn.DefaultHttpClientConnectionOperator  - Connecting to localhost/127.0.0.1:28815
89564 [Forwarding findElement on session ced9814f66359f73d1c9aeafb4113844 to remote] DEBUG org.apache.http.impl.conn.DefaultHttpClientConnectionOperator  - Connection established 127.0.0.1:62340<->127.0.0.1:28815
89564 [Forwarding findElement on session ced9814f66359f73d1c9aeafb4113844 to remote] DEBUG org.apache.http.impl.conn.DefaultManagedHttpClientConnection  - http-outgoing-65: set socket timeout to 10800000
89564 [Forwarding findElement on session ced9814f66359f73d1c9aeafb4113844 to remote] DEBUG org.apache.http.impl.execchain.MainClientExec  - Executing request POST /session/ced9814f66359f73d1c9aeafb4113844/element HTTP/1.1
89564 [Forwarding findElement on session ced9814f66359f73d1c9aeafb4113844 to remote] DEBUG org.apache.http.impl.execchain.MainClientExec  - Target auth state: UNCHALLENGED
89564 [Forwarding findElement on session ced9814f66359f73d1c9aeafb4113844 to remote] DEBUG org.apache.http.impl.execchain.MainClientExec  - Proxy auth state: UNCHALLENGED
89564 [Forwarding findElement on session ced9814f66359f73d1c9aeafb4113844 to remote] DEBUG org.apache.http.headers  - http-outgoing-65 >> POST /session/ced9814f66359f73d1c9aeafb4113844/element HTTP/1.1
89564 [Forwarding findElement on session ced9814f66359f73d1c9aeafb4113844 to remote] DEBUG org.apache.http.headers  - http-outgoing-65 >> Content-Type: application/json; charset=utf-8
89564 [Forwarding findElement on session ced9814f66359f73d1c9aeafb4113844 to remote] DEBUG org.apache.http.headers  - http-outgoing-65 >> Content-Length: 33
89564 [Forwarding findElement on session ced9814f66359f73d1c9aeafb4113844 to remote] DEBUG org.apache.http.headers  - http-outgoing-65 >> Host: localhost:28815
89564 [Forwarding findElement on session ced9814f66359f73d1c9aeafb4113844 to remote] DEBUG org.apache.http.headers  - http-outgoing-65 >> Connection: Keep-Alive
89564 [Forwarding findElement on session ced9814f66359f73d1c9aeafb4113844 to remote] DEBUG org.apache.http.headers  - http-outgoing-65 >> User-Agent: Apache-HttpClient/4.5.1 (Java/1.8.0_112)
89564 [Forwarding findElement on session ced9814f66359f73d1c9aeafb4113844 to remote] DEBUG org.apache.http.headers  - http-outgoing-65 >> Accept-Encoding: gzip,deflate
89564 [Forwarding findElement on session ced9814f66359f73d1c9aeafb4113844 to remote] DEBUG org.apache.http.wire  - http-outgoing-65 >> "POST /session/ced9814f66359f73d1c9aeafb4113844/element HTTP/1.1[\r][\n]"
89565 [Forwarding findElement on session ced9814f66359f73d1c9aeafb4113844 to remote] DEBUG org.apache.http.wire  - http-outgoing-65 >> "Content-Type: application/json; charset=utf-8[\r][\n]"
89565 [Forwarding findElement on session ced9814f66359f73d1c9aeafb4113844 to remote] DEBUG org.apache.http.wire  - http-outgoing-65 >> "Content-Length: 33[\r][\n]"
89565 [Forwarding findElement on session ced9814f66359f73d1c9aeafb4113844 to remote] DEBUG org.apache.http.wire  - http-outgoing-65 >> "Host: localhost:28815[\r][\n]"
89565 [Forwarding findElement on session ced9814f66359f73d1c9aeafb4113844 to remote] DEBUG org.apache.http.wire  - http-outgoing-65 >> "Connection: Keep-Alive[\r][\n]"
89565 [Forwarding findElement on session ced9814f66359f73d1c9aeafb4113844 to remote] DEBUG org.apache.http.wire  - http-outgoing-65 >> "User-Agent: Apache-HttpClient/4.5.1 (Java/1.8.0_112)[\r][\n]"
89565 [Forwarding findElement on session ced9814f66359f73d1c9aeafb4113844 to remote] DEBUG org.apache.http.wire  - http-outgoing-65 >> "Accept-Encoding: gzip,deflate[\r][\n]"
89565 [Forwarding findElement on session ced9814f66359f73d1c9aeafb4113844 to remote] DEBUG org.apache.http.wire  - http-outgoing-65 >> "[\r][\n]"
89565 [Forwarding findElement on session ced9814f66359f73d1c9aeafb4113844 to remote] DEBUG org.apache.http.wire  - http-outgoing-65 >> "{"using":"id","value":"password"}"
89615 [Forwarding findElement on session ced9814f66359f73d1c9aeafb4113844 to remote] DEBUG org.apache.http.wire  - http-outgoing-65 << "HTTP/1.1 200 OK[\r][\n]"
89615 [Forwarding findElement on session ced9814f66359f73d1c9aeafb4113844 to remote] DEBUG org.apache.http.wire  - http-outgoing-65 << "Content-Length:102[\r][\n]"
89615 [Forwarding findElement on session ced9814f66359f73d1c9aeafb4113844 to remote] DEBUG org.apache.http.wire  - http-outgoing-65 << "Content-Type:application/json; charset=utf-8[\r][\n]"
89615 [Forwarding findElement on session ced9814f66359f73d1c9aeafb4113844 to remote] DEBUG org.apache.http.wire  - http-outgoing-65 << "Connection:close[\r][\n]"
89615 [Forwarding findElement on session ced9814f66359f73d1c9aeafb4113844 to remote] DEBUG org.apache.http.wire  - http-outgoing-65 << "[\r][\n]"
89615 [Forwarding findElement on session ced9814f66359f73d1c9aeafb4113844 to remote] DEBUG org.apache.http.wire  - http-outgoing-65 << "{"sessionId":"ced9814f66359f73d1c9aeafb4113844","status":0,"value":{"ELEMENT":"0.6850721213250937-2"}}"
89615 [Forwarding findElement on session ced9814f66359f73d1c9aeafb4113844 to remote] DEBUG org.apache.http.headers  - http-outgoing-65 << HTTP/1.1 200 OK
89615 [Forwarding findElement on session ced9814f66359f73d1c9aeafb4113844 to remote] DEBUG org.apache.http.headers  - http-outgoing-65 << Content-Length:102
89615 [Forwarding findElement on session ced9814f66359f73d1c9aeafb4113844 to remote] DEBUG org.apache.http.headers  - http-outgoing-65 << Content-Type:application/json; charset=utf-8
89615 [Forwarding findElement on session ced9814f66359f73d1c9aeafb4113844 to remote] DEBUG org.apache.http.headers  - http-outgoing-65 << Connection:close
89616 [Forwarding findElement on session ced9814f66359f73d1c9aeafb4113844 to remote] DEBUG org.apache.http.impl.conn.DefaultManagedHttpClientConnection  - http-outgoing-65: Close connection
89616 [Forwarding findElement on session ced9814f66359f73d1c9aeafb4113844 to remote] DEBUG org.apache.http.impl.execchain.MainClientExec  - Connection discarded
89616 [Forwarding findElement on session ced9814f66359f73d1c9aeafb4113844 to remote] DEBUG org.apache.http.impl.conn.PoolingHttpClientConnectionManager  - Connection released: [id: 65][route: {}->http://localhost:28815][total kept alive: 0; route allocated: 0 of 2000; total allocated: 0 of 2000]
89617 [Forwarding sendKeysToElement on session ced9814f66359f73d1c9aeafb4113844 to remote] DEBUG org.apache.http.client.protocol.RequestAddCookies  - CookieSpec selected: default
89617 [Forwarding sendKeysToElement on session ced9814f66359f73d1c9aeafb4113844 to remote] DEBUG org.apache.http.client.protocol.RequestAuthCache  - Auth cache not set in the context
89618 [Forwarding sendKeysToElement on session ced9814f66359f73d1c9aeafb4113844 to remote] DEBUG org.apache.http.impl.conn.PoolingHttpClientConnectionManager  - Connection request: [route: {}->http://localhost:28815][total kept alive: 0; route allocated: 0 of 2000; total allocated: 0 of 2000]
89618 [Forwarding sendKeysToElement on session ced9814f66359f73d1c9aeafb4113844 to remote] DEBUG org.apache.http.impl.conn.PoolingHttpClientConnectionManager  - Connection leased: [id: 66][route: {}->http://localhost:28815][total kept alive: 0; route allocated: 1 of 2000; total allocated: 1 of 2000]
89618 [Forwarding sendKeysToElement on session ced9814f66359f73d1c9aeafb4113844 to remote] DEBUG org.apache.http.impl.execchain.MainClientExec  - Opening connection {}->http://localhost:28815
89618 [Forwarding sendKeysToElement on session ced9814f66359f73d1c9aeafb4113844 to remote] DEBUG org.apache.http.impl.conn.DefaultHttpClientConnectionOperator  - Connecting to localhost/127.0.0.1:28815
89618 [Forwarding sendKeysToElement on session ced9814f66359f73d1c9aeafb4113844 to remote] DEBUG org.apache.http.impl.conn.DefaultHttpClientConnectionOperator  - Connection established 127.0.0.1:62341<->127.0.0.1:28815
89618 [Forwarding sendKeysToElement on session ced9814f66359f73d1c9aeafb4113844 to remote] DEBUG org.apache.http.impl.conn.DefaultManagedHttpClientConnection  - http-outgoing-66: set socket timeout to 10800000
89619 [Forwarding sendKeysToElement on session ced9814f66359f73d1c9aeafb4113844 to remote] DEBUG org.apache.http.impl.execchain.MainClientExec  - Executing request POST /session/ced9814f66359f73d1c9aeafb4113844/element/0.6850721213250937-2/value HTTP/1.1
89619 [Forwarding sendKeysToElement on session ced9814f66359f73d1c9aeafb4113844 to remote] DEBUG org.apache.http.impl.execchain.MainClientExec  - Target auth state: UNCHALLENGED
89619 [Forwarding sendKeysToElement on session ced9814f66359f73d1c9aeafb4113844 to remote] DEBUG org.apache.http.impl.execchain.MainClientExec  - Proxy auth state: UNCHALLENGED
89619 [Forwarding sendKeysToElement on session ced9814f66359f73d1c9aeafb4113844 to remote] DEBUG org.apache.http.headers  - http-outgoing-66 >> POST /session/ced9814f66359f73d1c9aeafb4113844/element/0.6850721213250937-2/value HTTP/1.1
89619 [Forwarding sendKeysToElement on session ced9814f66359f73d1c9aeafb4113844 to remote] DEBUG org.apache.http.headers  - http-outgoing-66 >> Content-Type: application/json; charset=utf-8
89619 [Forwarding sendKeysToElement on session ced9814f66359f73d1c9aeafb4113844 to remote] DEBUG org.apache.http.headers  - http-outgoing-66 >> Content-Length: 52
89619 [Forwarding sendKeysToElement on session ced9814f66359f73d1c9aeafb4113844 to remote] DEBUG org.apache.http.headers  - http-outgoing-66 >> Host: localhost:28815
89619 [Forwarding sendKeysToElement on session ced9814f66359f73d1c9aeafb4113844 to remote] DEBUG org.apache.http.headers  - http-outgoing-66 >> Connection: Keep-Alive
89619 [Forwarding sendKeysToElement on session ced9814f66359f73d1c9aeafb4113844 to remote] DEBUG org.apache.http.headers  - http-outgoing-66 >> User-Agent: Apache-HttpClient/4.5.1 (Java/1.8.0_112)
89619 [Forwarding sendKeysToElement on session ced9814f66359f73d1c9aeafb4113844 to remote] DEBUG org.apache.http.headers  - http-outgoing-66 >> Accept-Encoding: gzip,deflate
89619 [Forwarding sendKeysToElement on session ced9814f66359f73d1c9aeafb4113844 to remote] DEBUG org.apache.http.wire  - http-outgoing-66 >> "POST /session/ced9814f66359f73d1c9aeafb4113844/element/0.6850721213250937-2/value HTTP/1.1[\r][\n]"
89619 [Forwarding sendKeysToElement on session ced9814f66359f73d1c9aeafb4113844 to remote] DEBUG org.apache.http.wire  - http-outgoing-66 >> "Content-Type: application/json; charset=utf-8[\r][\n]"
89619 [Forwarding sendKeysToElement on session ced9814f66359f73d1c9aeafb4113844 to remote] DEBUG org.apache.http.wire  - http-outgoing-66 >> "Content-Length: 52[\r][\n]"
89619 [Forwarding sendKeysToElement on session ced9814f66359f73d1c9aeafb4113844 to remote] DEBUG org.apache.http.wire  - http-outgoing-66 >> "Host: localhost:28815[\r][\n]"
89619 [Forwarding sendKeysToElement on session ced9814f66359f73d1c9aeafb4113844 to remote] DEBUG org.apache.http.wire  - http-outgoing-66 >> "Connection: Keep-Alive[\r][\n]"
89619 [Forwarding sendKeysToElement on session ced9814f66359f73d1c9aeafb4113844 to remote] DEBUG org.apache.http.wire  - http-outgoing-66 >> "User-Agent: Apache-HttpClient/4.5.1 (Java/1.8.0_112)[\r][\n]"
89619 [Forwarding sendKeysToElement on session ced9814f66359f73d1c9aeafb4113844 to remote] DEBUG org.apache.http.wire  - http-outgoing-66 >> "Accept-Encoding: gzip,deflate[\r][\n]"
89619 [Forwarding sendKeysToElement on session ced9814f66359f73d1c9aeafb4113844 to remote] DEBUG org.apache.http.wire  - http-outgoing-66 >> "[\r][\n]"
89619 [Forwarding sendKeysToElement on session ced9814f66359f73d1c9aeafb4113844 to remote] DEBUG org.apache.http.wire  - http-outgoing-66 >> "{"id":"0.6850721213250937-2","value":["B@geeshl2l"]}"
89797 [Forwarding sendKeysToElement on session ced9814f66359f73d1c9aeafb4113844 to remote] DEBUG org.apache.http.wire  - http-outgoing-66 << "HTTP/1.1 200 OK[\r][\n]"
89797 [Forwarding sendKeysToElement on session ced9814f66359f73d1c9aeafb4113844 to remote] DEBUG org.apache.http.wire  - http-outgoing-66 << "Content-Length:72[\r][\n]"
89797 [Forwarding sendKeysToElement on session ced9814f66359f73d1c9aeafb4113844 to remote] DEBUG org.apache.http.wire  - http-outgoing-66 << "Content-Type:application/json; charset=utf-8[\r][\n]"
89797 [Forwarding sendKeysToElement on session ced9814f66359f73d1c9aeafb4113844 to remote] DEBUG org.apache.http.wire  - http-outgoing-66 << "Connection:close[\r][\n]"
89797 [Forwarding sendKeysToElement on session ced9814f66359f73d1c9aeafb4113844 to remote] DEBUG org.apache.http.wire  - http-outgoing-66 << "[\r][\n]"
89797 [Forwarding sendKeysToElement on session ced9814f66359f73d1c9aeafb4113844 to remote] DEBUG org.apache.http.wire  - http-outgoing-66 << "{"sessionId":"ced9814f66359f73d1c9aeafb4113844","status":0,"value":null}"
89797 [Forwarding sendKeysToElement on session ced9814f66359f73d1c9aeafb4113844 to remote] DEBUG org.apache.http.headers  - http-outgoing-66 << HTTP/1.1 200 OK
89797 [Forwarding sendKeysToElement on session ced9814f66359f73d1c9aeafb4113844 to remote] DEBUG org.apache.http.headers  - http-outgoing-66 << Content-Length:72
89797 [Forwarding sendKeysToElement on session ced9814f66359f73d1c9aeafb4113844 to remote] DEBUG org.apache.http.headers  - http-outgoing-66 << Content-Type:application/json; charset=utf-8
89797 [Forwarding sendKeysToElement on session ced9814f66359f73d1c9aeafb4113844 to remote] DEBUG org.apache.http.headers  - http-outgoing-66 << Connection:close
89798 [Forwarding sendKeysToElement on session ced9814f66359f73d1c9aeafb4113844 to remote] DEBUG org.apache.http.impl.conn.DefaultManagedHttpClientConnection  - http-outgoing-66: Close connection
89798 [Forwarding sendKeysToElement on session ced9814f66359f73d1c9aeafb4113844 to remote] DEBUG org.apache.http.impl.execchain.MainClientExec  - Connection discarded
89798 [Forwarding sendKeysToElement on session ced9814f66359f73d1c9aeafb4113844 to remote] DEBUG org.apache.http.impl.conn.PoolingHttpClientConnectionManager  - Connection released: [id: 66][route: {}->http://localhost:28815][total kept alive: 0; route allocated: 0 of 2000; total allocated: 0 of 2000]
89800 [Forwarding findElement on session ced9814f66359f73d1c9aeafb4113844 to remote] DEBUG org.apache.http.client.protocol.RequestAddCookies  - CookieSpec selected: default
89800 [Forwarding findElement on session ced9814f66359f73d1c9aeafb4113844 to remote] DEBUG org.apache.http.client.protocol.RequestAuthCache  - Auth cache not set in the context
89800 [Forwarding findElement on session ced9814f66359f73d1c9aeafb4113844 to remote] DEBUG org.apache.http.impl.conn.PoolingHttpClientConnectionManager  - Connection request: [route: {}->http://localhost:28815][total kept alive: 0; route allocated: 0 of 2000; total allocated: 0 of 2000]
89800 [Forwarding findElement on session ced9814f66359f73d1c9aeafb4113844 to remote] DEBUG org.apache.http.impl.conn.PoolingHttpClientConnectionManager  - Connection leased: [id: 67][route: {}->http://localhost:28815][total kept alive: 0; route allocated: 1 of 2000; total allocated: 1 of 2000]
89800 [Forwarding findElement on session ced9814f66359f73d1c9aeafb4113844 to remote] DEBUG org.apache.http.impl.execchain.MainClientExec  - Opening connection {}->http://localhost:28815
89800 [Forwarding findElement on session ced9814f66359f73d1c9aeafb4113844 to remote] DEBUG org.apache.http.impl.conn.DefaultHttpClientConnectionOperator  - Connecting to localhost/127.0.0.1:28815
89801 [Forwarding findElement on session ced9814f66359f73d1c9aeafb4113844 to remote] DEBUG org.apache.http.impl.conn.DefaultHttpClientConnectionOperator  - Connection established 127.0.0.1:62343<->127.0.0.1:28815
89801 [Forwarding findElement on session ced9814f66359f73d1c9aeafb4113844 to remote] DEBUG org.apache.http.impl.conn.DefaultManagedHttpClientConnection  - http-outgoing-67: set socket timeout to 10800000
89801 [Forwarding findElement on session ced9814f66359f73d1c9aeafb4113844 to remote] DEBUG org.apache.http.impl.execchain.MainClientExec  - Executing request POST /session/ced9814f66359f73d1c9aeafb4113844/element HTTP/1.1
89801 [Forwarding findElement on session ced9814f66359f73d1c9aeafb4113844 to remote] DEBUG org.apache.http.impl.execchain.MainClientExec  - Target auth state: UNCHALLENGED
89801 [Forwarding findElement on session ced9814f66359f73d1c9aeafb4113844 to remote] DEBUG org.apache.http.impl.execchain.MainClientExec  - Proxy auth state: UNCHALLENGED
89801 [Forwarding findElement on session ced9814f66359f73d1c9aeafb4113844 to remote] DEBUG org.apache.http.headers  - http-outgoing-67 >> POST /session/ced9814f66359f73d1c9aeafb4113844/element HTTP/1.1
89801 [Forwarding findElement on session ced9814f66359f73d1c9aeafb4113844 to remote] DEBUG org.apache.http.headers  - http-outgoing-67 >> Content-Type: application/json; charset=utf-8
89801 [Forwarding findElement on session ced9814f66359f73d1c9aeafb4113844 to remote] DEBUG org.apache.http.headers  - http-outgoing-67 >> Content-Length: 30
89801 [Forwarding findElement on session ced9814f66359f73d1c9aeafb4113844 to remote] DEBUG org.apache.http.headers  - http-outgoing-67 >> Host: localhost:28815
89801 [Forwarding findElement on session ced9814f66359f73d1c9aeafb4113844 to remote] DEBUG org.apache.http.headers  - http-outgoing-67 >> Connection: Keep-Alive
89801 [Forwarding findElement on session ced9814f66359f73d1c9aeafb4113844 to remote] DEBUG org.apache.http.headers  - http-outgoing-67 >> User-Agent: Apache-HttpClient/4.5.1 (Java/1.8.0_112)
89801 [Forwarding findElement on session ced9814f66359f73d1c9aeafb4113844 to remote] DEBUG org.apache.http.headers  - http-outgoing-67 >> Accept-Encoding: gzip,deflate
89801 [Forwarding findElement on session ced9814f66359f73d1c9aeafb4113844 to remote] DEBUG org.apache.http.wire  - http-outgoing-67 >> "POST /session/ced9814f66359f73d1c9aeafb4113844/element HTTP/1.1[\r][\n]"
89801 [Forwarding findElement on session ced9814f66359f73d1c9aeafb4113844 to remote] DEBUG org.apache.http.wire  - http-outgoing-67 >> "Content-Type: application/json; charset=utf-8[\r][\n]"
89801 [Forwarding findElement on session ced9814f66359f73d1c9aeafb4113844 to remote] DEBUG org.apache.http.wire  - http-outgoing-67 >> "Content-Length: 30[\r][\n]"
89801 [Forwarding findElement on session ced9814f66359f73d1c9aeafb4113844 to remote] DEBUG org.apache.http.wire  - http-outgoing-67 >> "Host: localhost:28815[\r][\n]"
89801 [Forwarding findElement on session ced9814f66359f73d1c9aeafb4113844 to remote] DEBUG org.apache.http.wire  - http-outgoing-67 >> "Connection: Keep-Alive[\r][\n]"
89801 [Forwarding findElement on session ced9814f66359f73d1c9aeafb4113844 to remote] DEBUG org.apache.http.wire  - http-outgoing-67 >> "User-Agent: Apache-HttpClient/4.5.1 (Java/1.8.0_112)[\r][\n]"
89801 [Forwarding findElement on session ced9814f66359f73d1c9aeafb4113844 to remote] DEBUG org.apache.http.wire  - http-outgoing-67 >> "Accept-Encoding: gzip,deflate[\r][\n]"
89801 [Forwarding findElement on session ced9814f66359f73d1c9aeafb4113844 to remote] DEBUG org.apache.http.wire  - http-outgoing-67 >> "[\r][\n]"
89801 [Forwarding findElement on session ced9814f66359f73d1c9aeafb4113844 to remote] DEBUG org.apache.http.wire  - http-outgoing-67 >> "{"using":"id","value":"login"}"
89859 [Forwarding findElement on session ced9814f66359f73d1c9aeafb4113844 to remote] DEBUG org.apache.http.wire  - http-outgoing-67 << "HTTP/1.1 200 OK[\r][\n]"
89859 [Forwarding findElement on session ced9814f66359f73d1c9aeafb4113844 to remote] DEBUG org.apache.http.wire  - http-outgoing-67 << "Content-Length:102[\r][\n]"
89859 [Forwarding findElement on session ced9814f66359f73d1c9aeafb4113844 to remote] DEBUG org.apache.http.wire  - http-outgoing-67 << "Content-Type:application/json; charset=utf-8[\r][\n]"
89859 [Forwarding findElement on session ced9814f66359f73d1c9aeafb4113844 to remote] DEBUG org.apache.http.wire  - http-outgoing-67 << "Connection:close[\r][\n]"
89859 [Forwarding findElement on session ced9814f66359f73d1c9aeafb4113844 to remote] DEBUG org.apache.http.wire  - http-outgoing-67 << "[\r][\n]"
89859 [Forwarding findElement on session ced9814f66359f73d1c9aeafb4113844 to remote] DEBUG org.apache.http.wire  - http-outgoing-67 << "{"sessionId":"ced9814f66359f73d1c9aeafb4113844","status":0,"value":{"ELEMENT":"0.6850721213250937-3"}}"
89860 [Forwarding findElement on session ced9814f66359f73d1c9aeafb4113844 to remote] DEBUG org.apache.http.headers  - http-outgoing-67 << HTTP/1.1 200 OK
89860 [Forwarding findElement on session ced9814f66359f73d1c9aeafb4113844 to remote] DEBUG org.apache.http.headers  - http-outgoing-67 << Content-Length:102
89860 [Forwarding findElement on session ced9814f66359f73d1c9aeafb4113844 to remote] DEBUG org.apache.http.headers  - http-outgoing-67 << Content-Type:application/json; charset=utf-8
89860 [Forwarding findElement on session ced9814f66359f73d1c9aeafb4113844 to remote] DEBUG org.apache.http.headers  - http-outgoing-67 << Connection:close
89860 [Forwarding findElement on session ced9814f66359f73d1c9aeafb4113844 to remote] DEBUG org.apache.http.impl.conn.DefaultManagedHttpClientConnection  - http-outgoing-67: Close connection
89860 [Forwarding findElement on session ced9814f66359f73d1c9aeafb4113844 to remote] DEBUG org.apache.http.impl.execchain.MainClientExec  - Connection discarded
89860 [Forwarding findElement on session ced9814f66359f73d1c9aeafb4113844 to remote] DEBUG org.apache.http.impl.conn.PoolingHttpClientConnectionManager  - Connection released: [id: 67][route: {}->http://localhost:28815][total kept alive: 0; route allocated: 0 of 2000; total allocated: 0 of 2000]
89862 [Forwarding clickElement on session ced9814f66359f73d1c9aeafb4113844 to remote] DEBUG org.apache.http.client.protocol.RequestAddCookies  - CookieSpec selected: default
89862 [Forwarding clickElement on session ced9814f66359f73d1c9aeafb4113844 to remote] DEBUG org.apache.http.client.protocol.RequestAuthCache  - Auth cache not set in the context
89862 [Forwarding clickElement on session ced9814f66359f73d1c9aeafb4113844 to remote] DEBUG org.apache.http.impl.conn.PoolingHttpClientConnectionManager  - Connection request: [route: {}->http://localhost:28815][total kept alive: 0; route allocated: 0 of 2000; total allocated: 0 of 2000]
89862 [Forwarding clickElement on session ced9814f66359f73d1c9aeafb4113844 to remote] DEBUG org.apache.http.impl.conn.PoolingHttpClientConnectionManager  - Connection leased: [id: 68][route: {}->http://localhost:28815][total kept alive: 0; route allocated: 1 of 2000; total allocated: 1 of 2000]
89862 [Forwarding clickElement on session ced9814f66359f73d1c9aeafb4113844 to remote] DEBUG org.apache.http.impl.execchain.MainClientExec  - Opening connection {}->http://localhost:28815
89862 [Forwarding clickElement on session ced9814f66359f73d1c9aeafb4113844 to remote] DEBUG org.apache.http.impl.conn.DefaultHttpClientConnectionOperator  - Connecting to localhost/127.0.0.1:28815
89863 [Forwarding clickElement on session ced9814f66359f73d1c9aeafb4113844 to remote] DEBUG org.apache.http.impl.conn.DefaultHttpClientConnectionOperator  - Connection established 127.0.0.1:62344<->127.0.0.1:28815
89863 [Forwarding clickElement on session ced9814f66359f73d1c9aeafb4113844 to remote] DEBUG org.apache.http.impl.conn.DefaultManagedHttpClientConnection  - http-outgoing-68: set socket timeout to 10800000
89863 [Forwarding clickElement on session ced9814f66359f73d1c9aeafb4113844 to remote] DEBUG org.apache.http.impl.execchain.MainClientExec  - Executing request POST /session/ced9814f66359f73d1c9aeafb4113844/element/0.6850721213250937-3/click HTTP/1.1
89863 [Forwarding clickElement on session ced9814f66359f73d1c9aeafb4113844 to remote] DEBUG org.apache.http.impl.execchain.MainClientExec  - Target auth state: UNCHALLENGED
89863 [Forwarding clickElement on session ced9814f66359f73d1c9aeafb4113844 to remote] DEBUG org.apache.http.impl.execchain.MainClientExec  - Proxy auth state: UNCHALLENGED
89863 [Forwarding clickElement on session ced9814f66359f73d1c9aeafb4113844 to remote] DEBUG org.apache.http.headers  - http-outgoing-68 >> POST /session/ced9814f66359f73d1c9aeafb4113844/element/0.6850721213250937-3/click HTTP/1.1
89863 [Forwarding clickElement on session ced9814f66359f73d1c9aeafb4113844 to remote] DEBUG org.apache.http.headers  - http-outgoing-68 >> Content-Type: application/json; charset=utf-8
89863 [Forwarding clickElement on session ced9814f66359f73d1c9aeafb4113844 to remote] DEBUG org.apache.http.headers  - http-outgoing-68 >> Content-Length: 29
89863 [Forwarding clickElement on session ced9814f66359f73d1c9aeafb4113844 to remote] DEBUG org.apache.http.headers  - http-outgoing-68 >> Host: localhost:28815
89863 [Forwarding clickElement on session ced9814f66359f73d1c9aeafb4113844 to remote] DEBUG org.apache.http.headers  - http-outgoing-68 >> Connection: Keep-Alive
89863 [Forwarding clickElement on session ced9814f66359f73d1c9aeafb4113844 to remote] DEBUG org.apache.http.headers  - http-outgoing-68 >> User-Agent: Apache-HttpClient/4.5.1 (Java/1.8.0_112)
89863 [Forwarding clickElement on session ced9814f66359f73d1c9aeafb4113844 to remote] DEBUG org.apache.http.headers  - http-outgoing-68 >> Accept-Encoding: gzip,deflate
89863 [Forwarding clickElement on session ced9814f66359f73d1c9aeafb4113844 to remote] DEBUG org.apache.http.wire  - http-outgoing-68 >> "POST /session/ced9814f66359f73d1c9aeafb4113844/element/0.6850721213250937-3/click HTTP/1.1[\r][\n]"
89863 [Forwarding clickElement on session ced9814f66359f73d1c9aeafb4113844 to remote] DEBUG org.apache.http.wire  - http-outgoing-68 >> "Content-Type: application/json; charset=utf-8[\r][\n]"
89863 [Forwarding clickElement on session ced9814f66359f73d1c9aeafb4113844 to remote] DEBUG org.apache.http.wire  - http-outgoing-68 >> "Content-Length: 29[\r][\n]"
89863 [Forwarding clickElement on session ced9814f66359f73d1c9aeafb4113844 to remote] DEBUG org.apache.http.wire  - http-outgoing-68 >> "Host: localhost:28815[\r][\n]"
89863 [Forwarding clickElement on session ced9814f66359f73d1c9aeafb4113844 to remote] DEBUG org.apache.http.wire  - http-outgoing-68 >> "Connection: Keep-Alive[\r][\n]"
89863 [Forwarding clickElement on session ced9814f66359f73d1c9aeafb4113844 to remote] DEBUG org.apache.http.wire  - http-outgoing-68 >> "User-Agent: Apache-HttpClient/4.5.1 (Java/1.8.0_112)[\r][\n]"
89863 [Forwarding clickElement on session ced9814f66359f73d1c9aeafb4113844 to remote] DEBUG org.apache.http.wire  - http-outgoing-68 >> "Accept-Encoding: gzip,deflate[\r][\n]"
89863 [Forwarding clickElement on session ced9814f66359f73d1c9aeafb4113844 to remote] DEBUG org.apache.http.wire  - http-outgoing-68 >> "[\r][\n]"
89863 [Forwarding clickElement on session ced9814f66359f73d1c9aeafb4113844 to remote] DEBUG org.apache.http.wire  - http-outgoing-68 >> "{"id":"0.6850721213250937-3"}"
95828 [Forwarding clickElement on session ced9814f66359f73d1c9aeafb4113844 to remote] DEBUG org.apache.http.wire  - http-outgoing-68 << "HTTP/1.1 200 OK[\r][\n]"
95828 [Forwarding clickElement on session ced9814f66359f73d1c9aeafb4113844 to remote] DEBUG org.apache.http.wire  - http-outgoing-68 << "Content-Length:72[\r][\n]"
95828 [Forwarding clickElement on session ced9814f66359f73d1c9aeafb4113844 to remote] DEBUG org.apache.http.wire  - http-outgoing-68 << "Content-Type:application/json; charset=utf-8[\r][\n]"
95828 [Forwarding clickElement on session ced9814f66359f73d1c9aeafb4113844 to remote] DEBUG org.apache.http.wire  - http-outgoing-68 << "Connection:close[\r][\n]"
95828 [Forwarding clickElement on session ced9814f66359f73d1c9aeafb4113844 to remote] DEBUG org.apache.http.wire  - http-outgoing-68 << "[\r][\n]"
95828 [Forwarding clickElement on session ced9814f66359f73d1c9aeafb4113844 to remote] DEBUG org.apache.http.wire  - http-outgoing-68 << "{"sessionId":"ced9814f66359f73d1c9aeafb4113844","status":0,"value":null}"
95828 [Forwarding clickElement on session ced9814f66359f73d1c9aeafb4113844 to remote] DEBUG org.apache.http.headers  - http-outgoing-68 << HTTP/1.1 200 OK
95828 [Forwarding clickElement on session ced9814f66359f73d1c9aeafb4113844 to remote] DEBUG org.apache.http.headers  - http-outgoing-68 << Content-Length:72
95828 [Forwarding clickElement on session ced9814f66359f73d1c9aeafb4113844 to remote] DEBUG org.apache.http.headers  - http-outgoing-68 << Content-Type:application/json; charset=utf-8
95828 [Forwarding clickElement on session ced9814f66359f73d1c9aeafb4113844 to remote] DEBUG org.apache.http.headers  - http-outgoing-68 << Connection:close
95829 [Forwarding clickElement on session ced9814f66359f73d1c9aeafb4113844 to remote] DEBUG org.apache.http.impl.conn.DefaultManagedHttpClientConnection  - http-outgoing-68: Close connection
95829 [Forwarding clickElement on session ced9814f66359f73d1c9aeafb4113844 to remote] DEBUG org.apache.http.impl.execchain.MainClientExec  - Connection discarded
95829 [Forwarding clickElement on session ced9814f66359f73d1c9aeafb4113844 to remote] DEBUG org.apache.http.impl.conn.PoolingHttpClientConnectionManager  - Connection released: [id: 68][route: {}->http://localhost:28815][total kept alive: 0; route allocated: 0 of 2000; total allocated: 0 of 2000]
97831 [Forwarding findElement on session ced9814f66359f73d1c9aeafb4113844 to remote] DEBUG org.apache.http.client.protocol.RequestAddCookies  - CookieSpec selected: default
97831 [Forwarding findElement on session ced9814f66359f73d1c9aeafb4113844 to remote] DEBUG org.apache.http.client.protocol.RequestAuthCache  - Auth cache not set in the context
97832 [Forwarding findElement on session ced9814f66359f73d1c9aeafb4113844 to remote] DEBUG org.apache.http.impl.conn.PoolingHttpClientConnectionManager  - Connection request: [route: {}->http://localhost:28815][total kept alive: 0; route allocated: 0 of 2000; total allocated: 0 of 2000]
97833 [Forwarding findElement on session ced9814f66359f73d1c9aeafb4113844 to remote] DEBUG org.apache.http.impl.conn.PoolingHttpClientConnectionManager  - Connection leased: [id: 69][route: {}->http://localhost:28815][total kept alive: 0; route allocated: 1 of 2000; total allocated: 1 of 2000]
97833 [Forwarding findElement on session ced9814f66359f73d1c9aeafb4113844 to remote] DEBUG org.apache.http.impl.execchain.MainClientExec  - Opening connection {}->http://localhost:28815
97834 [Forwarding findElement on session ced9814f66359f73d1c9aeafb4113844 to remote] DEBUG org.apache.http.impl.conn.DefaultHttpClientConnectionOperator  - Connecting to localhost/127.0.0.1:28815
97835 [Forwarding findElement on session ced9814f66359f73d1c9aeafb4113844 to remote] DEBUG org.apache.http.impl.conn.DefaultHttpClientConnectionOperator  - Connection established 127.0.0.1:62363<->127.0.0.1:28815
97836 [Forwarding findElement on session ced9814f66359f73d1c9aeafb4113844 to remote] DEBUG org.apache.http.impl.conn.DefaultManagedHttpClientConnection  - http-outgoing-69: set socket timeout to 10800000
97836 [Forwarding findElement on session ced9814f66359f73d1c9aeafb4113844 to remote] DEBUG org.apache.http.impl.execchain.MainClientExec  - Executing request POST /session/ced9814f66359f73d1c9aeafb4113844/element HTTP/1.1
97836 [Forwarding findElement on session ced9814f66359f73d1c9aeafb4113844 to remote] DEBUG org.apache.http.impl.execchain.MainClientExec  - Target auth state: UNCHALLENGED
97836 [Forwarding findElement on session ced9814f66359f73d1c9aeafb4113844 to remote] DEBUG org.apache.http.impl.execchain.MainClientExec  - Proxy auth state: UNCHALLENGED
97836 [Forwarding findElement on session ced9814f66359f73d1c9aeafb4113844 to remote] DEBUG org.apache.http.headers  - http-outgoing-69 >> POST /session/ced9814f66359f73d1c9aeafb4113844/element HTTP/1.1
97836 [Forwarding findElement on session ced9814f66359f73d1c9aeafb4113844 to remote] DEBUG org.apache.http.headers  - http-outgoing-69 >> Content-Type: application/json; charset=utf-8
97836 [Forwarding findElement on session ced9814f66359f73d1c9aeafb4113844 to remote] DEBUG org.apache.http.headers  - http-outgoing-69 >> Content-Length: 139
97836 [Forwarding findElement on session ced9814f66359f73d1c9aeafb4113844 to remote] DEBUG org.apache.http.headers  - http-outgoing-69 >> Host: localhost:28815
97836 [Forwarding findElement on session ced9814f66359f73d1c9aeafb4113844 to remote] DEBUG org.apache.http.headers  - http-outgoing-69 >> Connection: Keep-Alive
97836 [Forwarding findElement on session ced9814f66359f73d1c9aeafb4113844 to remote] DEBUG org.apache.http.headers  - http-outgoing-69 >> User-Agent: Apache-HttpClient/4.5.1 (Java/1.8.0_112)
97837 [Forwarding findElement on session ced9814f66359f73d1c9aeafb4113844 to remote] DEBUG org.apache.http.headers  - http-outgoing-69 >> Accept-Encoding: gzip,deflate
97837 [Forwarding findElement on session ced9814f66359f73d1c9aeafb4113844 to remote] DEBUG org.apache.http.wire  - http-outgoing-69 >> "POST /session/ced9814f66359f73d1c9aeafb4113844/element HTTP/1.1[\r][\n]"
97837 [Forwarding findElement on session ced9814f66359f73d1c9aeafb4113844 to remote] DEBUG org.apache.http.wire  - http-outgoing-69 >> "Content-Type: application/json; charset=utf-8[\r][\n]"
97837 [Forwarding findElement on session ced9814f66359f73d1c9aeafb4113844 to remote] DEBUG org.apache.http.wire  - http-outgoing-69 >> "Content-Length: 139[\r][\n]"
97837 [Forwarding findElement on session ced9814f66359f73d1c9aeafb4113844 to remote] DEBUG org.apache.http.wire  - http-outgoing-69 >> "Host: localhost:28815[\r][\n]"
97837 [Forwarding findElement on session ced9814f66359f73d1c9aeafb4113844 to remote] DEBUG org.apache.http.wire  - http-outgoing-69 >> "Connection: Keep-Alive[\r][\n]"
97837 [Forwarding findElement on session ced9814f66359f73d1c9aeafb4113844 to remote] DEBUG org.apache.http.wire  - http-outgoing-69 >> "User-Agent: Apache-HttpClient/4.5.1 (Java/1.8.0_112)[\r][\n]"
97837 [Forwarding findElement on session ced9814f66359f73d1c9aeafb4113844 to remote] DEBUG org.apache.http.wire  - http-outgoing-69 >> "Accept-Encoding: gzip,deflate[\r][\n]"
97837 [Forwarding findElement on session ced9814f66359f73d1c9aeafb4113844 to remote] DEBUG org.apache.http.wire  - http-outgoing-69 >> "[\r][\n]"
97837 [Forwarding findElement on session ced9814f66359f73d1c9aeafb4113844 to remote] DEBUG org.apache.http.wire  - http-outgoing-69 >> "{"using":"xpath","value":"(/html//ul[@class='RecentlyUpdatedContent_listContainerStyle_3Vv']/li/div/div[@class='update-item-title']/a)[1]"}"
97899 [Forwarding findElement on session ced9814f66359f73d1c9aeafb4113844 to remote] DEBUG org.apache.http.wire  - http-outgoing-69 << "HTTP/1.1 200 OK[\r][\n]"
97899 [Forwarding findElement on session ced9814f66359f73d1c9aeafb4113844 to remote] DEBUG org.apache.http.wire  - http-outgoing-69 << "Content-Length:102[\r][\n]"
97899 [Forwarding findElement on session ced9814f66359f73d1c9aeafb4113844 to remote] DEBUG org.apache.http.wire  - http-outgoing-69 << "Content-Type:application/json; charset=utf-8[\r][\n]"
97899 [Forwarding findElement on session ced9814f66359f73d1c9aeafb4113844 to remote] DEBUG org.apache.http.wire  - http-outgoing-69 << "Connection:close[\r][\n]"
97899 [Forwarding findElement on session ced9814f66359f73d1c9aeafb4113844 to remote] DEBUG org.apache.http.wire  - http-outgoing-69 << "[\r][\n]"
97899 [Forwarding findElement on session ced9814f66359f73d1c9aeafb4113844 to remote] DEBUG org.apache.http.wire  - http-outgoing-69 << "{"sessionId":"ced9814f66359f73d1c9aeafb4113844","status":0,"value":{"ELEMENT":"0.8020419406563968-1"}}"
97899 [Forwarding findElement on session ced9814f66359f73d1c9aeafb4113844 to remote] DEBUG org.apache.http.headers  - http-outgoing-69 << HTTP/1.1 200 OK
97899 [Forwarding findElement on session ced9814f66359f73d1c9aeafb4113844 to remote] DEBUG org.apache.http.headers  - http-outgoing-69 << Content-Length:102
97899 [Forwarding findElement on session ced9814f66359f73d1c9aeafb4113844 to remote] DEBUG org.apache.http.headers  - http-outgoing-69 << Content-Type:application/json; charset=utf-8
97899 [Forwarding findElement on session ced9814f66359f73d1c9aeafb4113844 to remote] DEBUG org.apache.http.headers  - http-outgoing-69 << Connection:close
97900 [Forwarding findElement on session ced9814f66359f73d1c9aeafb4113844 to remote] DEBUG org.apache.http.impl.conn.DefaultManagedHttpClientConnection  - http-outgoing-69: Close connection
97900 [Forwarding findElement on session ced9814f66359f73d1c9aeafb4113844 to remote] DEBUG org.apache.http.impl.execchain.MainClientExec  - Connection discarded
97900 [Forwarding findElement on session ced9814f66359f73d1c9aeafb4113844 to remote] DEBUG org.apache.http.impl.conn.PoolingHttpClientConnectionManager  - Connection released: [id: 69][route: {}->http://localhost:28815][total kept alive: 0; route allocated: 0 of 2000; total allocated: 0 of 2000]
97902 [Forwarding clickElement on session ced9814f66359f73d1c9aeafb4113844 to remote] DEBUG org.apache.http.client.protocol.RequestAddCookies  - CookieSpec selected: default
97902 [Forwarding clickElement on session ced9814f66359f73d1c9aeafb4113844 to remote] DEBUG org.apache.http.client.protocol.RequestAuthCache  - Auth cache not set in the context
97902 [Forwarding clickElement on session ced9814f66359f73d1c9aeafb4113844 to remote] DEBUG org.apache.http.impl.conn.PoolingHttpClientConnectionManager  - Connection request: [route: {}->http://localhost:28815][total kept alive: 0; route allocated: 0 of 2000; total allocated: 0 of 2000]
97902 [Forwarding clickElement on session ced9814f66359f73d1c9aeafb4113844 to remote] DEBUG org.apache.http.impl.conn.PoolingHttpClientConnectionManager  - Connection leased: [id: 70][route: {}->http://localhost:28815][total kept alive: 0; route allocated: 1 of 2000; total allocated: 1 of 2000]
97902 [Forwarding clickElement on session ced9814f66359f73d1c9aeafb4113844 to remote] DEBUG org.apache.http.impl.execchain.MainClientExec  - Opening connection {}->http://localhost:28815
97902 [Forwarding clickElement on session ced9814f66359f73d1c9aeafb4113844 to remote] DEBUG org.apache.http.impl.conn.DefaultHttpClientConnectionOperator  - Connecting to localhost/127.0.0.1:28815
97903 [Forwarding clickElement on session ced9814f66359f73d1c9aeafb4113844 to remote] DEBUG org.apache.http.impl.conn.DefaultHttpClientConnectionOperator  - Connection established 127.0.0.1:62364<->127.0.0.1:28815
97903 [Forwarding clickElement on session ced9814f66359f73d1c9aeafb4113844 to remote] DEBUG org.apache.http.impl.conn.DefaultManagedHttpClientConnection  - http-outgoing-70: set socket timeout to 10800000
97903 [Forwarding clickElement on session ced9814f66359f73d1c9aeafb4113844 to remote] DEBUG org.apache.http.impl.execchain.MainClientExec  - Executing request POST /session/ced9814f66359f73d1c9aeafb4113844/element/0.8020419406563968-1/click HTTP/1.1
97903 [Forwarding clickElement on session ced9814f66359f73d1c9aeafb4113844 to remote] DEBUG org.apache.http.impl.execchain.MainClientExec  - Target auth state: UNCHALLENGED
97903 [Forwarding clickElement on session ced9814f66359f73d1c9aeafb4113844 to remote] DEBUG org.apache.http.impl.execchain.MainClientExec  - Proxy auth state: UNCHALLENGED
97903 [Forwarding clickElement on session ced9814f66359f73d1c9aeafb4113844 to remote] DEBUG org.apache.http.headers  - http-outgoing-70 >> POST /session/ced9814f66359f73d1c9aeafb4113844/element/0.8020419406563968-1/click HTTP/1.1
97903 [Forwarding clickElement on session ced9814f66359f73d1c9aeafb4113844 to remote] DEBUG org.apache.http.headers  - http-outgoing-70 >> Content-Type: application/json; charset=utf-8
97903 [Forwarding clickElement on session ced9814f66359f73d1c9aeafb4113844 to remote] DEBUG org.apache.http.headers  - http-outgoing-70 >> Content-Length: 29
97903 [Forwarding clickElement on session ced9814f66359f73d1c9aeafb4113844 to remote] DEBUG org.apache.http.headers  - http-outgoing-70 >> Host: localhost:28815
97903 [Forwarding clickElement on session ced9814f66359f73d1c9aeafb4113844 to remote] DEBUG org.apache.http.headers  - http-outgoing-70 >> Connection: Keep-Alive
97903 [Forwarding clickElement on session ced9814f66359f73d1c9aeafb4113844 to remote] DEBUG org.apache.http.headers  - http-outgoing-70 >> User-Agent: Apache-HttpClient/4.5.1 (Java/1.8.0_112)
97903 [Forwarding clickElement on session ced9814f66359f73d1c9aeafb4113844 to remote] DEBUG org.apache.http.headers  - http-outgoing-70 >> Accept-Encoding: gzip,deflate
97903 [Forwarding clickElement on session ced9814f66359f73d1c9aeafb4113844 to remote] DEBUG org.apache.http.wire  - http-outgoing-70 >> "POST /session/ced9814f66359f73d1c9aeafb4113844/element/0.8020419406563968-1/click HTTP/1.1[\r][\n]"
97903 [Forwarding clickElement on session ced9814f66359f73d1c9aeafb4113844 to remote] DEBUG org.apache.http.wire  - http-outgoing-70 >> "Content-Type: application/json; charset=utf-8[\r][\n]"
97903 [Forwarding clickElement on session ced9814f66359f73d1c9aeafb4113844 to remote] DEBUG org.apache.http.wire  - http-outgoing-70 >> "Content-Length: 29[\r][\n]"
97903 [Forwarding clickElement on session ced9814f66359f73d1c9aeafb4113844 to remote] DEBUG org.apache.http.wire  - http-outgoing-70 >> "Host: localhost:28815[\r][\n]"
97903 [Forwarding clickElement on session ced9814f66359f73d1c9aeafb4113844 to remote] DEBUG org.apache.http.wire  - http-outgoing-70 >> "Connection: Keep-Alive[\r][\n]"
97903 [Forwarding clickElement on session ced9814f66359f73d1c9aeafb4113844 to remote] DEBUG org.apache.http.wire  - http-outgoing-70 >> "User-Agent: Apache-HttpClient/4.5.1 (Java/1.8.0_112)[\r][\n]"
97903 [Forwarding clickElement on session ced9814f66359f73d1c9aeafb4113844 to remote] DEBUG org.apache.http.wire  - http-outgoing-70 >> "Accept-Encoding: gzip,deflate[\r][\n]"
97903 [Forwarding clickElement on session ced9814f66359f73d1c9aeafb4113844 to remote] DEBUG org.apache.http.wire  - http-outgoing-70 >> "[\r][\n]"
97904 [Forwarding clickElement on session ced9814f66359f73d1c9aeafb4113844 to remote] DEBUG org.apache.http.wire  - http-outgoing-70 >> "{"id":"0.8020419406563968-1"}"
100139 [Forwarding clickElement on session ced9814f66359f73d1c9aeafb4113844 to remote] DEBUG org.apache.http.wire  - http-outgoing-70 << "HTTP/1.1 200 OK[\r][\n]"
100139 [Forwarding clickElement on session ced9814f66359f73d1c9aeafb4113844 to remote] DEBUG org.apache.http.wire  - http-outgoing-70 << "Content-Length:72[\r][\n]"
100139 [Forwarding clickElement on session ced9814f66359f73d1c9aeafb4113844 to remote] DEBUG org.apache.http.wire  - http-outgoing-70 << "Content-Type:application/json; charset=utf-8[\r][\n]"
100139 [Forwarding clickElement on session ced9814f66359f73d1c9aeafb4113844 to remote] DEBUG org.apache.http.wire  - http-outgoing-70 << "Connection:close[\r][\n]"
100139 [Forwarding clickElement on session ced9814f66359f73d1c9aeafb4113844 to remote] DEBUG org.apache.http.wire  - http-outgoing-70 << "[\r][\n]"
100139 [Forwarding clickElement on session ced9814f66359f73d1c9aeafb4113844 to remote] DEBUG org.apache.http.wire  - http-outgoing-70 << "{"sessionId":"ced9814f66359f73d1c9aeafb4113844","status":0,"value":null}"
100139 [Forwarding clickElement on session ced9814f66359f73d1c9aeafb4113844 to remote] DEBUG org.apache.http.headers  - http-outgoing-70 << HTTP/1.1 200 OK
100139 [Forwarding clickElement on session ced9814f66359f73d1c9aeafb4113844 to remote] DEBUG org.apache.http.headers  - http-outgoing-70 << Content-Length:72
100139 [Forwarding clickElement on session ced9814f66359f73d1c9aeafb4113844 to remote] DEBUG org.apache.http.headers  - http-outgoing-70 << Content-Type:application/json; charset=utf-8
100139 [Forwarding clickElement on session ced9814f66359f73d1c9aeafb4113844 to remote] DEBUG org.apache.http.headers  - http-outgoing-70 << Connection:close
100140 [Forwarding clickElement on session ced9814f66359f73d1c9aeafb4113844 to remote] DEBUG org.apache.http.impl.conn.DefaultManagedHttpClientConnection  - http-outgoing-70: Close connection
100140 [Forwarding clickElement on session ced9814f66359f73d1c9aeafb4113844 to remote] DEBUG org.apache.http.impl.execchain.MainClientExec  - Connection discarded
100140 [Forwarding clickElement on session ced9814f66359f73d1c9aeafb4113844 to remote] DEBUG org.apache.http.impl.conn.PoolingHttpClientConnectionManager  - Connection released: [id: 70][route: {}->http://localhost:28815][total kept alive: 0; route allocated: 0 of 2000; total allocated: 0 of 2000]
102145 [Forwarding findElement on session ced9814f66359f73d1c9aeafb4113844 to remote] DEBUG org.apache.http.client.protocol.RequestAddCookies  - CookieSpec selected: default
102145 [Forwarding findElement on session ced9814f66359f73d1c9aeafb4113844 to remote] DEBUG org.apache.http.client.protocol.RequestAuthCache  - Auth cache not set in the context
102145 [Forwarding findElement on session ced9814f66359f73d1c9aeafb4113844 to remote] DEBUG org.apache.http.impl.conn.PoolingHttpClientConnectionManager  - Connection request: [route: {}->http://localhost:28815][total kept alive: 0; route allocated: 0 of 2000; total allocated: 0 of 2000]
102145 [Forwarding findElement on session ced9814f66359f73d1c9aeafb4113844 to remote] DEBUG org.apache.http.impl.conn.PoolingHttpClientConnectionManager  - Connection leased: [id: 71][route: {}->http://localhost:28815][total kept alive: 0; route allocated: 1 of 2000; total allocated: 1 of 2000]
102146 [Forwarding findElement on session ced9814f66359f73d1c9aeafb4113844 to remote] DEBUG org.apache.http.impl.execchain.MainClientExec  - Opening connection {}->http://localhost:28815
102149 [Forwarding findElement on session ced9814f66359f73d1c9aeafb4113844 to remote] DEBUG org.apache.http.impl.conn.DefaultHttpClientConnectionOperator  - Connecting to localhost/127.0.0.1:28815
102150 [Forwarding findElement on session ced9814f66359f73d1c9aeafb4113844 to remote] DEBUG org.apache.http.impl.conn.DefaultHttpClientConnectionOperator  - Connection established 127.0.0.1:62366<->127.0.0.1:28815
102150 [Forwarding findElement on session ced9814f66359f73d1c9aeafb4113844 to remote] DEBUG org.apache.http.impl.conn.DefaultManagedHttpClientConnection  - http-outgoing-71: set socket timeout to 10800000
102150 [Forwarding findElement on session ced9814f66359f73d1c9aeafb4113844 to remote] DEBUG org.apache.http.impl.execchain.MainClientExec  - Executing request POST /session/ced9814f66359f73d1c9aeafb4113844/element HTTP/1.1
102150 [Forwarding findElement on session ced9814f66359f73d1c9aeafb4113844 to remote] DEBUG org.apache.http.impl.execchain.MainClientExec  - Target auth state: UNCHALLENGED
102150 [Forwarding findElement on session ced9814f66359f73d1c9aeafb4113844 to remote] DEBUG org.apache.http.impl.execchain.MainClientExec  - Proxy auth state: UNCHALLENGED
102151 [Forwarding findElement on session ced9814f66359f73d1c9aeafb4113844 to remote] DEBUG org.apache.http.headers  - http-outgoing-71 >> POST /session/ced9814f66359f73d1c9aeafb4113844/element HTTP/1.1
102151 [Forwarding findElement on session ced9814f66359f73d1c9aeafb4113844 to remote] DEBUG org.apache.http.headers  - http-outgoing-71 >> Content-Type: application/json; charset=utf-8
102151 [Forwarding findElement on session ced9814f66359f73d1c9aeafb4113844 to remote] DEBUG org.apache.http.headers  - http-outgoing-71 >> Content-Length: 59
102151 [Forwarding findElement on session ced9814f66359f73d1c9aeafb4113844 to remote] DEBUG org.apache.http.headers  - http-outgoing-71 >> Host: localhost:28815
102151 [Forwarding findElement on session ced9814f66359f73d1c9aeafb4113844 to remote] DEBUG org.apache.http.headers  - http-outgoing-71 >> Connection: Keep-Alive
102151 [Forwarding findElement on session ced9814f66359f73d1c9aeafb4113844 to remote] DEBUG org.apache.http.headers  - http-outgoing-71 >> User-Agent: Apache-HttpClient/4.5.1 (Java/1.8.0_112)
102151 [Forwarding findElement on session ced9814f66359f73d1c9aeafb4113844 to remote] DEBUG org.apache.http.headers  - http-outgoing-71 >> Accept-Encoding: gzip,deflate
102151 [Forwarding findElement on session ced9814f66359f73d1c9aeafb4113844 to remote] DEBUG org.apache.http.wire  - http-outgoing-71 >> "POST /session/ced9814f66359f73d1c9aeafb4113844/element HTTP/1.1[\r][\n]"
102152 [Forwarding findElement on session ced9814f66359f73d1c9aeafb4113844 to remote] DEBUG org.apache.http.wire  - http-outgoing-71 >> "Content-Type: application/json; charset=utf-8[\r][\n]"
102152 [Forwarding findElement on session ced9814f66359f73d1c9aeafb4113844 to remote] DEBUG org.apache.http.wire  - http-outgoing-71 >> "Content-Length: 59[\r][\n]"
102152 [Forwarding findElement on session ced9814f66359f73d1c9aeafb4113844 to remote] DEBUG org.apache.http.wire  - http-outgoing-71 >> "Host: localhost:28815[\r][\n]"
102152 [Forwarding findElement on session ced9814f66359f73d1c9aeafb4113844 to remote] DEBUG org.apache.http.wire  - http-outgoing-71 >> "Connection: Keep-Alive[\r][\n]"
102152 [Forwarding findElement on session ced9814f66359f73d1c9aeafb4113844 to remote] DEBUG org.apache.http.wire  - http-outgoing-71 >> "User-Agent: Apache-HttpClient/4.5.1 (Java/1.8.0_112)[\r][\n]"
102152 [Forwarding findElement on session ced9814f66359f73d1c9aeafb4113844 to remote] DEBUG org.apache.http.wire  - http-outgoing-71 >> "Accept-Encoding: gzip,deflate[\r][\n]"
102152 [Forwarding findElement on session ced9814f66359f73d1c9aeafb4113844 to remote] DEBUG org.apache.http.wire  - http-outgoing-71 >> "[\r][\n]"
102152 [Forwarding findElement on session ced9814f66359f73d1c9aeafb4113844 to remote] DEBUG org.apache.http.wire  - http-outgoing-71 >> "{"using":"id","value":"content-metadata-page-restrictions"}"
102221 [Forwarding findElement on session ced9814f66359f73d1c9aeafb4113844 to remote] DEBUG org.apache.http.wire  - http-outgoing-71 << "HTTP/1.1 200 OK[\r][\n]"
102221 [Forwarding findElement on session ced9814f66359f73d1c9aeafb4113844 to remote] DEBUG org.apache.http.wire  - http-outgoing-71 << "Content-Length:103[\r][\n]"
102221 [Forwarding findElement on session ced9814f66359f73d1c9aeafb4113844 to remote] DEBUG org.apache.http.wire  - http-outgoing-71 << "Content-Type:application/json; charset=utf-8[\r][\n]"
102221 [Forwarding findElement on session ced9814f66359f73d1c9aeafb4113844 to remote] DEBUG org.apache.http.wire  - http-outgoing-71 << "Connection:close[\r][\n]"
102221 [Forwarding findElement on session ced9814f66359f73d1c9aeafb4113844 to remote] DEBUG org.apache.http.wire  - http-outgoing-71 << "[\r][\n]"
102221 [Forwarding findElement on session ced9814f66359f73d1c9aeafb4113844 to remote] DEBUG org.apache.http.wire  - http-outgoing-71 << "{"sessionId":"ced9814f66359f73d1c9aeafb4113844","status":0,"value":{"ELEMENT":"0.48094492607333406-1"}}"
102221 [Forwarding findElement on session ced9814f66359f73d1c9aeafb4113844 to remote] DEBUG org.apache.http.headers  - http-outgoing-71 << HTTP/1.1 200 OK
102221 [Forwarding findElement on session ced9814f66359f73d1c9aeafb4113844 to remote] DEBUG org.apache.http.headers  - http-outgoing-71 << Content-Length:103
102221 [Forwarding findElement on session ced9814f66359f73d1c9aeafb4113844 to remote] DEBUG org.apache.http.headers  - http-outgoing-71 << Content-Type:application/json; charset=utf-8
102221 [Forwarding findElement on session ced9814f66359f73d1c9aeafb4113844 to remote] DEBUG org.apache.http.headers  - http-outgoing-71 << Connection:close
102221 [Forwarding findElement on session ced9814f66359f73d1c9aeafb4113844 to remote] DEBUG org.apache.http.impl.conn.DefaultManagedHttpClientConnection  - http-outgoing-71: Close connection
102221 [Forwarding findElement on session ced9814f66359f73d1c9aeafb4113844 to remote] DEBUG org.apache.http.impl.execchain.MainClientExec  - Connection discarded
102221 [Forwarding findElement on session ced9814f66359f73d1c9aeafb4113844 to remote] DEBUG org.apache.http.impl.conn.PoolingHttpClientConnectionManager  - Connection released: [id: 71][route: {}->http://localhost:28815][total kept alive: 0; route allocated: 0 of 2000; total allocated: 0 of 2000]
102222 [Forwarding clickElement on session ced9814f66359f73d1c9aeafb4113844 to remote] DEBUG org.apache.http.client.protocol.RequestAddCookies  - CookieSpec selected: default
102223 [Forwarding clickElement on session ced9814f66359f73d1c9aeafb4113844 to remote] DEBUG org.apache.http.client.protocol.RequestAuthCache  - Auth cache not set in the context
102223 [Forwarding clickElement on session ced9814f66359f73d1c9aeafb4113844 to remote] DEBUG org.apache.http.impl.conn.PoolingHttpClientConnectionManager  - Connection request: [route: {}->http://localhost:28815][total kept alive: 0; route allocated: 0 of 2000; total allocated: 0 of 2000]
102223 [Forwarding clickElement on session ced9814f66359f73d1c9aeafb4113844 to remote] DEBUG org.apache.http.impl.conn.PoolingHttpClientConnectionManager  - Connection leased: [id: 72][route: {}->http://localhost:28815][total kept alive: 0; route allocated: 1 of 2000; total allocated: 1 of 2000]
102223 [Forwarding clickElement on session ced9814f66359f73d1c9aeafb4113844 to remote] DEBUG org.apache.http.impl.execchain.MainClientExec  - Opening connection {}->http://localhost:28815
102223 [Forwarding clickElement on session ced9814f66359f73d1c9aeafb4113844 to remote] DEBUG org.apache.http.impl.conn.DefaultHttpClientConnectionOperator  - Connecting to localhost/127.0.0.1:28815
102223 [Forwarding clickElement on session ced9814f66359f73d1c9aeafb4113844 to remote] DEBUG org.apache.http.impl.conn.DefaultHttpClientConnectionOperator  - Connection established 127.0.0.1:62367<->127.0.0.1:28815
102223 [Forwarding clickElement on session ced9814f66359f73d1c9aeafb4113844 to remote] DEBUG org.apache.http.impl.conn.DefaultManagedHttpClientConnection  - http-outgoing-72: set socket timeout to 10800000
102224 [Forwarding clickElement on session ced9814f66359f73d1c9aeafb4113844 to remote] DEBUG org.apache.http.impl.execchain.MainClientExec  - Executing request POST /session/ced9814f66359f73d1c9aeafb4113844/element/0.48094492607333406-1/click HTTP/1.1
102224 [Forwarding clickElement on session ced9814f66359f73d1c9aeafb4113844 to remote] DEBUG org.apache.http.impl.execchain.MainClientExec  - Target auth state: UNCHALLENGED
102224 [Forwarding clickElement on session ced9814f66359f73d1c9aeafb4113844 to remote] DEBUG org.apache.http.impl.execchain.MainClientExec  - Proxy auth state: UNCHALLENGED
102224 [Forwarding clickElement on session ced9814f66359f73d1c9aeafb4113844 to remote] DEBUG org.apache.http.headers  - http-outgoing-72 >> POST /session/ced9814f66359f73d1c9aeafb4113844/element/0.48094492607333406-1/click HTTP/1.1
102224 [Forwarding clickElement on session ced9814f66359f73d1c9aeafb4113844 to remote] DEBUG org.apache.http.headers  - http-outgoing-72 >> Content-Type: application/json; charset=utf-8
102224 [Forwarding clickElement on session ced9814f66359f73d1c9aeafb4113844 to remote] DEBUG org.apache.http.headers  - http-outgoing-72 >> Content-Length: 30
102224 [Forwarding clickElement on session ced9814f66359f73d1c9aeafb4113844 to remote] DEBUG org.apache.http.headers  - http-outgoing-72 >> Host: localhost:28815
102224 [Forwarding clickElement on session ced9814f66359f73d1c9aeafb4113844 to remote] DEBUG org.apache.http.headers  - http-outgoing-72 >> Connection: Keep-Alive
102224 [Forwarding clickElement on session ced9814f66359f73d1c9aeafb4113844 to remote] DEBUG org.apache.http.headers  - http-outgoing-72 >> User-Agent: Apache-HttpClient/4.5.1 (Java/1.8.0_112)
102224 [Forwarding clickElement on session ced9814f66359f73d1c9aeafb4113844 to remote] DEBUG org.apache.http.headers  - http-outgoing-72 >> Accept-Encoding: gzip,deflate
102224 [Forwarding clickElement on session ced9814f66359f73d1c9aeafb4113844 to remote] DEBUG org.apache.http.wire  - http-outgoing-72 >> "POST /session/ced9814f66359f73d1c9aeafb4113844/element/0.48094492607333406-1/click HTTP/1.1[\r][\n]"
102224 [Forwarding clickElement on session ced9814f66359f73d1c9aeafb4113844 to remote] DEBUG org.apache.http.wire  - http-outgoing-72 >> "Content-Type: application/json; charset=utf-8[\r][\n]"
102224 [Forwarding clickElement on session ced9814f66359f73d1c9aeafb4113844 to remote] DEBUG org.apache.http.wire  - http-outgoing-72 >> "Content-Length: 30[\r][\n]"
102224 [Forwarding clickElement on session ced9814f66359f73d1c9aeafb4113844 to remote] DEBUG org.apache.http.wire  - http-outgoing-72 >> "Host: localhost:28815[\r][\n]"
102224 [Forwarding clickElement on session ced9814f66359f73d1c9aeafb4113844 to remote] DEBUG org.apache.http.wire  - http-outgoing-72 >> "Connection: Keep-Alive[\r][\n]"
102224 [Forwarding clickElement on session ced9814f66359f73d1c9aeafb4113844 to remote] DEBUG org.apache.http.wire  - http-outgoing-72 >> "User-Agent: Apache-HttpClient/4.5.1 (Java/1.8.0_112)[\r][\n]"
102224 [Forwarding clickElement on session ced9814f66359f73d1c9aeafb4113844 to remote] DEBUG org.apache.http.wire  - http-outgoing-72 >> "Accept-Encoding: gzip,deflate[\r][\n]"
102224 [Forwarding clickElement on session ced9814f66359f73d1c9aeafb4113844 to remote] DEBUG org.apache.http.wire  - http-outgoing-72 >> "[\r][\n]"
102224 [Forwarding clickElement on session ced9814f66359f73d1c9aeafb4113844 to remote] DEBUG org.apache.http.wire  - http-outgoing-72 >> "{"id":"0.48094492607333406-1"}"
102293 [Forwarding clickElement on session ced9814f66359f73d1c9aeafb4113844 to remote] DEBUG org.apache.http.wire  - http-outgoing-72 << "HTTP/1.1 200 OK[\r][\n]"
102293 [Forwarding clickElement on session ced9814f66359f73d1c9aeafb4113844 to remote] DEBUG org.apache.http.wire  - http-outgoing-72 << "Content-Length:659[\r][\n]"
102293 [Forwarding clickElement on session ced9814f66359f73d1c9aeafb4113844 to remote] DEBUG org.apache.http.wire  - http-outgoing-72 << "Content-Type:application/json; charset=utf-8[\r][\n]"
102293 [Forwarding clickElement on session ced9814f66359f73d1c9aeafb4113844 to remote] DEBUG org.apache.http.wire  - http-outgoing-72 << "Connection:close[\r][\n]"
102293 [Forwarding clickElement on session ced9814f66359f73d1c9aeafb4113844 to remote] DEBUG org.apache.http.wire  - http-outgoing-72 << "[\r][\n]"
102293 [Forwarding clickElement on session ced9814f66359f73d1c9aeafb4113844 to remote] DEBUG org.apache.http.wire  - http-outgoing-72 << "{"sessionId":"ced9814f66359f73d1c9aeafb4113844","status":13,"value":{"message":"unknown error: Element \u003Ca href=\"\" title=\"Unrestricted\" id=\"content-metadata-page-restrictions\" class=\"aui-icon aui-icon-small aui-iconfont-unlocked system-metadata-restrictions\" resolved=\"\">\u003C/a> is not clickable at point (527, 16). Other element would receive the click: \u003Cnav class=\"aui-header aui-dropdown2-trigger-group\" role=\"navigation\" data-aui-responsive=\"true\">...\u003C/nav>\n  (Session info: chrome=56.0.2924.87)\n  (Driver info: chromedriver=2.27.440174 (e97a722caafc2d3a8b807ee115bfb307f7d2cfd9),platform=Windows NT 10.0.14393 x86_64)"}}"
102294 [Forwarding clickElement on session ced9814f66359f73d1c9aeafb4113844 to remote] DEBUG org.apache.http.headers  - http-outgoing-72 << HTTP/1.1 200 OK
102294 [Forwarding clickElement on session ced9814f66359f73d1c9aeafb4113844 to remote] DEBUG org.apache.http.headers  - http-outgoing-72 << Content-Length:659
102294 [Forwarding clickElement on session ced9814f66359f73d1c9aeafb4113844 to remote] DEBUG org.apache.http.headers  - http-outgoing-72 << Content-Type:application/json; charset=utf-8
102294 [Forwarding clickElement on session ced9814f66359f73d1c9aeafb4113844 to remote] DEBUG org.apache.http.headers  - http-outgoing-72 << Connection:close
102294 [Forwarding clickElement on session ced9814f66359f73d1c9aeafb4113844 to remote] DEBUG org.apache.http.impl.conn.DefaultManagedHttpClientConnection  - http-outgoing-72: Close connection
102294 [Forwarding clickElement on session ced9814f66359f73d1c9aeafb4113844 to remote] DEBUG org.apache.http.impl.execchain.MainClientExec  - Connection discarded
102294 [Forwarding clickElement on session ced9814f66359f73d1c9aeafb4113844 to remote] DEBUG org.apache.http.impl.conn.PoolingHttpClientConnectionManager  - Connection released: [id: 72][route: {}->http://localhost:28815][total kept alive: 0; route allocated: 0 of 2000; total allocated: 0 of 2000]
102300 [Forwarding quit on session ced9814f66359f73d1c9aeafb4113844 to remote] DEBUG org.apache.http.client.protocol.RequestAddCookies  - CookieSpec selected: default
102300 [Forwarding quit on session ced9814f66359f73d1c9aeafb4113844 to remote] DEBUG org.apache.http.client.protocol.RequestAuthCache  - Auth cache not set in the context
102300 [Forwarding quit on session ced9814f66359f73d1c9aeafb4113844 to remote] DEBUG org.apache.http.impl.conn.PoolingHttpClientConnectionManager  - Connection request: [route: {}->http://localhost:28815][total kept alive: 0; route allocated: 0 of 2000; total allocated: 0 of 2000]
102300 [Forwarding quit on session ced9814f66359f73d1c9aeafb4113844 to remote] DEBUG org.apache.http.impl.conn.PoolingHttpClientConnectionManager  - Connection leased: [id: 73][route: {}->http://localhost:28815][total kept alive: 0; route allocated: 1 of 2000; total allocated: 1 of 2000]
102300 [Forwarding quit on session ced9814f66359f73d1c9aeafb4113844 to remote] DEBUG org.apache.http.impl.execchain.MainClientExec  - Opening connection {}->http://localhost:28815
102300 [Forwarding quit on session ced9814f66359f73d1c9aeafb4113844 to remote] DEBUG org.apache.http.impl.conn.DefaultHttpClientConnectionOperator  - Connecting to localhost/127.0.0.1:28815
102301 [Forwarding quit on session ced9814f66359f73d1c9aeafb4113844 to remote] DEBUG org.apache.http.impl.conn.DefaultHttpClientConnectionOperator  - Connection established 127.0.0.1:62368<->127.0.0.1:28815
102301 [Forwarding quit on session ced9814f66359f73d1c9aeafb4113844 to remote] DEBUG org.apache.http.impl.conn.DefaultManagedHttpClientConnection  - http-outgoing-73: set socket timeout to 10800000
102301 [Forwarding quit on session ced9814f66359f73d1c9aeafb4113844 to remote] DEBUG org.apache.http.impl.execchain.MainClientExec  - Executing request DELETE /session/ced9814f66359f73d1c9aeafb4113844 HTTP/1.1
102301 [Forwarding quit on session ced9814f66359f73d1c9aeafb4113844 to remote] DEBUG org.apache.http.impl.execchain.MainClientExec  - Target auth state: UNCHALLENGED
102301 [Forwarding quit on session ced9814f66359f73d1c9aeafb4113844 to remote] DEBUG org.apache.http.impl.execchain.MainClientExec  - Proxy auth state: UNCHALLENGED
102301 [Forwarding quit on session ced9814f66359f73d1c9aeafb4113844 to remote] DEBUG org.apache.http.headers  - http-outgoing-73 >> DELETE /session/ced9814f66359f73d1c9aeafb4113844 HTTP/1.1
102301 [Forwarding quit on session ced9814f66359f73d1c9aeafb4113844 to remote] DEBUG org.apache.http.headers  - http-outgoing-73 >> Host: localhost:28815
102301 [Forwarding quit on session ced9814f66359f73d1c9aeafb4113844 to remote] DEBUG org.apache.http.headers  - http-outgoing-73 >> Connection: Keep-Alive
102301 [Forwarding quit on session ced9814f66359f73d1c9aeafb4113844 to remote] DEBUG org.apache.http.headers  - http-outgoing-73 >> User-Agent: Apache-HttpClient/4.5.1 (Java/1.8.0_112)
102301 [Forwarding quit on session ced9814f66359f73d1c9aeafb4113844 to remote] DEBUG org.apache.http.headers  - http-outgoing-73 >> Accept-Encoding: gzip,deflate
102301 [Forwarding quit on session ced9814f66359f73d1c9aeafb4113844 to remote] DEBUG org.apache.http.wire  - http-outgoing-73 >> "DELETE /session/ced9814f66359f73d1c9aeafb4113844 HTTP/1.1[\r][\n]"
102301 [Forwarding quit on session ced9814f66359f73d1c9aeafb4113844 to remote] DEBUG org.apache.http.wire  - http-outgoing-73 >> "Host: localhost:28815[\r][\n]"
102301 [Forwarding quit on session ced9814f66359f73d1c9aeafb4113844 to remote] DEBUG org.apache.http.wire  - http-outgoing-73 >> "Connection: Keep-Alive[\r][\n]"
102301 [Forwarding quit on session ced9814f66359f73d1c9aeafb4113844 to remote] DEBUG org.apache.http.wire  - http-outgoing-73 >> "User-Agent: Apache-HttpClient/4.5.1 (Java/1.8.0_112)[\r][\n]"
102301 [Forwarding quit on session ced9814f66359f73d1c9aeafb4113844 to remote] DEBUG org.apache.http.wire  - http-outgoing-73 >> "Accept-Encoding: gzip,deflate[\r][\n]"
102301 [Forwarding quit on session ced9814f66359f73d1c9aeafb4113844 to remote] DEBUG org.apache.http.wire  - http-outgoing-73 >> "[\r][\n]"
102421 [Forwarding quit on session ced9814f66359f73d1c9aeafb4113844 to remote] DEBUG org.apache.http.wire  - http-outgoing-73 << "HTTP/1.1 200 OK[\r][\n]"
102421 [Forwarding quit on session ced9814f66359f73d1c9aeafb4113844 to remote] DEBUG org.apache.http.wire  - http-outgoing-73 << "Content-Length:72[\r][\n]"
102421 [Forwarding quit on session ced9814f66359f73d1c9aeafb4113844 to remote] DEBUG org.apache.http.wire  - http-outgoing-73 << "Content-Type:application/json; charset=utf-8[\r][\n]"
102421 [Forwarding quit on session ced9814f66359f73d1c9aeafb4113844 to remote] DEBUG org.apache.http.wire  - http-outgoing-73 << "Connection:close[\r][\n]"
102421 [Forwarding quit on session ced9814f66359f73d1c9aeafb4113844 to remote] DEBUG org.apache.http.wire  - http-outgoing-73 << "[\r][\n]"
102421 [Forwarding quit on session ced9814f66359f73d1c9aeafb4113844 to remote] DEBUG org.apache.http.wire  - http-outgoing-73 << "{"sessionId":"ced9814f66359f73d1c9aeafb4113844","status":0,"value":null}"
102421 [Forwarding quit on session ced9814f66359f73d1c9aeafb4113844 to remote] DEBUG org.apache.http.headers  - http-outgoing-73 << HTTP/1.1 200 OK
102421 [Forwarding quit on session ced9814f66359f73d1c9aeafb4113844 to remote] DEBUG org.apache.http.headers  - http-outgoing-73 << Content-Length:72
102421 [Forwarding quit on session ced9814f66359f73d1c9aeafb4113844 to remote] DEBUG org.apache.http.headers  - http-outgoing-73 << Content-Type:application/json; charset=utf-8
102421 [Forwarding quit on session ced9814f66359f73d1c9aeafb4113844 to remote] DEBUG org.apache.http.headers  - http-outgoing-73 << Connection:close
102421 [Forwarding quit on session ced9814f66359f73d1c9aeafb4113844 to remote] DEBUG org.apache.http.impl.conn.DefaultManagedHttpClientConnection  - http-outgoing-73: Close connection
102421 [Forwarding quit on session ced9814f66359f73d1c9aeafb4113844 to remote] DEBUG org.apache.http.impl.execchain.MainClientExec  - Connection discarded
102421 [Forwarding quit on session ced9814f66359f73d1c9aeafb4113844 to remote] DEBUG org.apache.http.impl.conn.PoolingHttpClientConnectionManager  - Connection released: [id: 73][route: {}->http://localhost:28815][total kept alive: 0; route allocated: 0 of 2000; total allocated: 0 of 2000]
102422 [Forwarding quit on session ced9814f66359f73d1c9aeafb4113844 to remote] DEBUG org.apache.http.impl.conn.PoolingHttpClientConnectionManager  - Closing connections idle longer than 0 SECONDS
]]></system-out>
    <system-err><![CDATA[Starting ChromeDriver 2.27.440174 (e97a722caafc2d3a8b807ee115bfb307f7d2cfd9) on port 28815
Only local connections are allowed.
]]></system-err>
  </testcase>
  <testcase name="Test3" classname="com.webdriver.tests.RestrictionsTest" time="20.703">
    <error message="unknown error: Element &lt;a href=&quot;&quot; title=&quot;Unrestricted&quot; id=&quot;content-metadata-page-restrictions&quot; class=&quot;aui-icon aui-icon-small aui-iconfont-unlocked system-metadata-restrictions&quot; resolved=&quot;&quot;&gt;&lt;/a&gt; is not clickable at point (527, 16). Other element would receive the click: &lt;nav class=&quot;aui-header aui-dropdown2-trigger-group&quot; role=&quot;navigation&quot; data-aui-responsive=&quot;true&quot;&gt;...&lt;/nav&gt;&#10;  (Session info: chrome=56.0.2924.87)&#10;  (Driver info: chromedriver=2.27.440174 (e97a722caafc2d3a8b807ee115bfb307f7d2cfd9),platform=Windows NT 10.0.14393 x86_64) (WARNING: The server did not provide any stacktrace information)&#10;Command duration or timeout: 77 milliseconds&#10;Build info: version: &apos;2.53.1&apos;, revision: &apos;a36b8b1cd5757287168e54b817830adce9b0158d&apos;, time: &apos;2016-06-30 19:26:09&apos;&#10;System info: host: &apos;LAPTOP-6FVDA6L8&apos;, ip: &apos;192.168.1.112&apos;, os.name: &apos;Windows 10&apos;, os.arch: &apos;amd64&apos;, os.version: &apos;10.0&apos;, java.version: &apos;1.8.0_112&apos;&#10;Driver info: org.openqa.selenium.chrome.ChromeDriver&#10;Capabilities [{applicationCacheEnabled=false, rotatable=false, mobileEmulationEnabled=false, networkConnectionEnabled=false, chrome={chromedriverVersion=2.27.440174 (e97a722caafc2d3a8b807ee115bfb307f7d2cfd9), userDataDir=C:\Users\Bageesh\AppData\Local\Temp\scoped_dir4496_14233}, takesHeapSnapshot=true, pageLoadStrategy=normal, databaseEnabled=false, handlesAlerts=true, hasTouchScreen=false, version=56.0.2924.87, platform=XP, browserConnectionEnabled=false, nativeEvents=true, acceptSslCerts=true, locationContextEnabled=true, webStorageEnabled=true, browserName=chrome, takesScreenshot=true, javascriptEnabled=true, cssSelectorsEnabled=true, unexpectedAlertBehaviour=}]&#10;Session ID: 39e7cc50d215a8b5f2241b1affafa6c4" type="org.openqa.selenium.WebDriverException"><![CDATA[org.openqa.selenium.WebDriverException: unknown error: Element <a href="" title="Unrestricted" id="content-metadata-page-restrictions" class="aui-icon aui-icon-small aui-iconfont-unlocked system-metadata-restrictions" resolved=""></a> is not clickable at point (527, 16). Other element would receive the click: <nav class="aui-header aui-dropdown2-trigger-group" role="navigation" data-aui-responsive="true">...</nav>
  (Session info: chrome=56.0.2924.87)
  (Driver info: chromedriver=2.27.440174 (e97a722caafc2d3a8b807ee115bfb307f7d2cfd9),platform=Windows NT 10.0.14393 x86_64) (WARNING: The server did not provide any stacktrace information)
Command duration or timeout: 77 milliseconds
Build info: version: '2.53.1', revision: 'a36b8b1cd5757287168e54b817830adce9b0158d', time: '2016-06-30 19:26:09'
System info: host: 'LAPTOP-6FVDA6L8', ip: '192.168.1.112', os.name: 'Windows 10', os.arch: 'amd64', os.version: '10.0', java.version: '1.8.0_112'
Driver info: org.openqa.selenium.chrome.ChromeDriver
Capabilities [{applicationCacheEnabled=false, rotatable=false, mobileEmulationEnabled=false, networkConnectionEnabled=false, chrome={chromedriverVersion=2.27.440174 (e97a722caafc2d3a8b807ee115bfb307f7d2cfd9), userDataDir=C:\Users\Bageesh\AppData\Local\Temp\scoped_dir4496_14233}, takesHeapSnapshot=true, pageLoadStrategy=normal, databaseEnabled=false, handlesAlerts=true, hasTouchScreen=false, version=56.0.2924.87, platform=XP, browserConnectionEnabled=false, nativeEvents=true, acceptSslCerts=true, locationContextEnabled=true, webStorageEnabled=true, browserName=chrome, takesScreenshot=true, javascriptEnabled=true, cssSelectorsEnabled=true, unexpectedAlertBehaviour=}]
Session ID: 39e7cc50d215a8b5f2241b1affafa6c4
	at sun.reflect.NativeConstructorAccessorImpl.newInstance0(Native Method)
	at sun.reflect.NativeConstructorAccessorImpl.newInstance(NativeConstructorAccessorImpl.java:62)
	at sun.reflect.DelegatingConstructorAccessorImpl.newInstance(DelegatingConstructorAccessorImpl.java:45)
	at java.lang.reflect.Constructor.newInstance(Constructor.java:423)
	at org.openqa.selenium.remote.ErrorHandler.createThrowable(ErrorHandler.java:206)
	at org.openqa.selenium.remote.ErrorHandler.throwIfResponseFailed(ErrorHandler.java:158)
	at org.openqa.selenium.remote.RemoteWebDriver.execute(RemoteWebDriver.java:678)
	at org.openqa.selenium.remote.RemoteWebElement.execute(RemoteWebElement.java:327)
	at org.openqa.selenium.remote.RemoteWebElement.click(RemoteWebElement.java:85)
	at sun.reflect.NativeMethodAccessorImpl.invoke0(Native Method)
	at sun.reflect.NativeMethodAccessorImpl.invoke(NativeMethodAccessorImpl.java:62)
	at sun.reflect.DelegatingMethodAccessorImpl.invoke(DelegatingMethodAccessorImpl.java:43)
	at java.lang.reflect.Method.invoke(Method.java:498)
	at org.openqa.selenium.support.pagefactory.internal.LocatingElementHandler.invoke(LocatingElementHandler.java:51)
	at com.sun.proxy.$Proxy8.click(Unknown Source)
	at com.webdriver.pages.PublishedPage.selectRestrictionIcon(PublishedPage.java:42)
	at com.webdriver.tests.RestrictionsTest.Test3(RestrictionsTest.java:87)
]]></error>
    <system-out><![CDATA[103752 [Forwarding newSession on session null to remote] DEBUG org.apache.http.client.protocol.RequestAddCookies  - CookieSpec selected: default
103752 [Forwarding newSession on session null to remote] DEBUG org.apache.http.client.protocol.RequestAuthCache  - Auth cache not set in the context
103752 [Forwarding newSession on session null to remote] DEBUG org.apache.http.impl.conn.PoolingHttpClientConnectionManager  - Connection request: [route: {}->http://localhost:40784][total kept alive: 0; route allocated: 0 of 2000; total allocated: 0 of 2000]
103753 [Forwarding newSession on session null to remote] DEBUG org.apache.http.impl.conn.PoolingHttpClientConnectionManager  - Connection leased: [id: 74][route: {}->http://localhost:40784][total kept alive: 0; route allocated: 1 of 2000; total allocated: 1 of 2000]
103753 [Forwarding newSession on session null to remote] DEBUG org.apache.http.impl.execchain.MainClientExec  - Opening connection {}->http://localhost:40784
103754 [Forwarding newSession on session null to remote] DEBUG org.apache.http.impl.conn.DefaultHttpClientConnectionOperator  - Connecting to localhost/127.0.0.1:40784
103755 [Forwarding newSession on session null to remote] DEBUG org.apache.http.impl.conn.DefaultHttpClientConnectionOperator  - Connection established 127.0.0.1:62373<->127.0.0.1:40784
103755 [Forwarding newSession on session null to remote] DEBUG org.apache.http.impl.conn.DefaultManagedHttpClientConnection  - http-outgoing-74: set socket timeout to 10800000
103755 [Forwarding newSession on session null to remote] DEBUG org.apache.http.impl.execchain.MainClientExec  - Executing request POST /session HTTP/1.1
103756 [Forwarding newSession on session null to remote] DEBUG org.apache.http.impl.execchain.MainClientExec  - Target auth state: UNCHALLENGED
103756 [Forwarding newSession on session null to remote] DEBUG org.apache.http.impl.execchain.MainClientExec  - Proxy auth state: UNCHALLENGED
103756 [Forwarding newSession on session null to remote] DEBUG org.apache.http.headers  - http-outgoing-74 >> POST /session HTTP/1.1
103756 [Forwarding newSession on session null to remote] DEBUG org.apache.http.headers  - http-outgoing-74 >> Content-Type: application/json; charset=utf-8
103756 [Forwarding newSession on session null to remote] DEBUG org.apache.http.headers  - http-outgoing-74 >> Content-Length: 122
103756 [Forwarding newSession on session null to remote] DEBUG org.apache.http.headers  - http-outgoing-74 >> Host: localhost:40784
103756 [Forwarding newSession on session null to remote] DEBUG org.apache.http.headers  - http-outgoing-74 >> Connection: Keep-Alive
103756 [Forwarding newSession on session null to remote] DEBUG org.apache.http.headers  - http-outgoing-74 >> User-Agent: Apache-HttpClient/4.5.1 (Java/1.8.0_112)
103756 [Forwarding newSession on session null to remote] DEBUG org.apache.http.headers  - http-outgoing-74 >> Accept-Encoding: gzip,deflate
103756 [Forwarding newSession on session null to remote] DEBUG org.apache.http.wire  - http-outgoing-74 >> "POST /session HTTP/1.1[\r][\n]"
103757 [Forwarding newSession on session null to remote] DEBUG org.apache.http.wire  - http-outgoing-74 >> "Content-Type: application/json; charset=utf-8[\r][\n]"
103757 [Forwarding newSession on session null to remote] DEBUG org.apache.http.wire  - http-outgoing-74 >> "Content-Length: 122[\r][\n]"
103777 [Forwarding newSession on session null to remote] DEBUG org.apache.http.wire  - http-outgoing-74 >> "Host: localhost:40784[\r][\n]"
103777 [Forwarding newSession on session null to remote] DEBUG org.apache.http.wire  - http-outgoing-74 >> "Connection: Keep-Alive[\r][\n]"
103778 [Forwarding newSession on session null to remote] DEBUG org.apache.http.wire  - http-outgoing-74 >> "User-Agent: Apache-HttpClient/4.5.1 (Java/1.8.0_112)[\r][\n]"
103778 [Forwarding newSession on session null to remote] DEBUG org.apache.http.wire  - http-outgoing-74 >> "Accept-Encoding: gzip,deflate[\r][\n]"
103778 [Forwarding newSession on session null to remote] DEBUG org.apache.http.wire  - http-outgoing-74 >> "[\r][\n]"
103778 [Forwarding newSession on session null to remote] DEBUG org.apache.http.wire  - http-outgoing-74 >> "{"desiredCapabilities":{"browserName":"chrome","chromeOptions":{"args":[],"extensions":[]},"version":"","platform":"ANY"}}"
105175 [Forwarding newSession on session null to remote] DEBUG org.apache.http.wire  - http-outgoing-74 << "HTTP/1.1 200 OK[\r][\n]"
105175 [Forwarding newSession on session null to remote] DEBUG org.apache.http.wire  - http-outgoing-74 << "Content-Length:780[\r][\n]"
105175 [Forwarding newSession on session null to remote] DEBUG org.apache.http.wire  - http-outgoing-74 << "Content-Type:application/json; charset=utf-8[\r][\n]"
105175 [Forwarding newSession on session null to remote] DEBUG org.apache.http.wire  - http-outgoing-74 << "Connection:close[\r][\n]"
105175 [Forwarding newSession on session null to remote] DEBUG org.apache.http.wire  - http-outgoing-74 << "[\r][\n]"
105176 [Forwarding newSession on session null to remote] DEBUG org.apache.http.wire  - http-outgoing-74 << "{"sessionId":"39e7cc50d215a8b5f2241b1affafa6c4","status":0,"value":{"acceptSslCerts":true,"applicationCacheEnabled":false,"browserConnectionEnabled":false,"browserName":"chrome","chrome":{"chromedriverVersion":"2.27.440174 (e97a722caafc2d3a8b807ee115bfb307f7d2cfd9)","userDataDir":"C:\\Users\\Bageesh\\AppData\\Local\\Temp\\scoped_dir4496_14233"},"cssSelectorsEnabled":true,"databaseEnabled":false,"handlesAlerts":true,"hasTouchScreen":false,"javascriptEnabled":true,"locationContextEnabled":true,"mobileEmulationEnabled":false,"nativeEvents":true,"networkConnectionEnabled":false,"pageLoadStrategy":"normal","platform":"Windows NT","rotatable":false,"takesHeapSnapshot":true,"takesScreenshot":true,"unexpectedAlertBehaviour":"","version":"56.0.2924.87","webStorageEnabled":true}}"
105176 [Forwarding newSession on session null to remote] DEBUG org.apache.http.headers  - http-outgoing-74 << HTTP/1.1 200 OK
105176 [Forwarding newSession on session null to remote] DEBUG org.apache.http.headers  - http-outgoing-74 << Content-Length:780
105176 [Forwarding newSession on session null to remote] DEBUG org.apache.http.headers  - http-outgoing-74 << Content-Type:application/json; charset=utf-8
105176 [Forwarding newSession on session null to remote] DEBUG org.apache.http.headers  - http-outgoing-74 << Connection:close
105176 [Forwarding newSession on session null to remote] DEBUG org.apache.http.impl.conn.DefaultManagedHttpClientConnection  - http-outgoing-74: Close connection
105177 [Forwarding newSession on session null to remote] DEBUG org.apache.http.impl.execchain.MainClientExec  - Connection discarded
105177 [Forwarding newSession on session null to remote] DEBUG org.apache.http.impl.conn.PoolingHttpClientConnectionManager  - Connection released: [id: 74][route: {}->http://localhost:40784][total kept alive: 0; route allocated: 0 of 2000; total allocated: 0 of 2000]
105181 [Forwarding setWindowSize on session 39e7cc50d215a8b5f2241b1affafa6c4 to remote] DEBUG org.apache.http.client.protocol.RequestAddCookies  - CookieSpec selected: default
105181 [Forwarding setWindowSize on session 39e7cc50d215a8b5f2241b1affafa6c4 to remote] DEBUG org.apache.http.client.protocol.RequestAuthCache  - Auth cache not set in the context
105181 [Forwarding setWindowSize on session 39e7cc50d215a8b5f2241b1affafa6c4 to remote] DEBUG org.apache.http.impl.conn.PoolingHttpClientConnectionManager  - Connection request: [route: {}->http://localhost:40784][total kept alive: 0; route allocated: 0 of 2000; total allocated: 0 of 2000]
105182 [Forwarding setWindowSize on session 39e7cc50d215a8b5f2241b1affafa6c4 to remote] DEBUG org.apache.http.impl.conn.PoolingHttpClientConnectionManager  - Connection leased: [id: 75][route: {}->http://localhost:40784][total kept alive: 0; route allocated: 1 of 2000; total allocated: 1 of 2000]
105182 [Forwarding setWindowSize on session 39e7cc50d215a8b5f2241b1affafa6c4 to remote] DEBUG org.apache.http.impl.execchain.MainClientExec  - Opening connection {}->http://localhost:40784
105182 [Forwarding setWindowSize on session 39e7cc50d215a8b5f2241b1affafa6c4 to remote] DEBUG org.apache.http.impl.conn.DefaultHttpClientConnectionOperator  - Connecting to localhost/127.0.0.1:40784
105183 [Forwarding setWindowSize on session 39e7cc50d215a8b5f2241b1affafa6c4 to remote] DEBUG org.apache.http.impl.conn.DefaultHttpClientConnectionOperator  - Connection established 127.0.0.1:62380<->127.0.0.1:40784
105183 [Forwarding setWindowSize on session 39e7cc50d215a8b5f2241b1affafa6c4 to remote] DEBUG org.apache.http.impl.conn.DefaultManagedHttpClientConnection  - http-outgoing-75: set socket timeout to 10800000
105183 [Forwarding setWindowSize on session 39e7cc50d215a8b5f2241b1affafa6c4 to remote] DEBUG org.apache.http.impl.execchain.MainClientExec  - Executing request POST /session/39e7cc50d215a8b5f2241b1affafa6c4/window/current/size HTTP/1.1
105183 [Forwarding setWindowSize on session 39e7cc50d215a8b5f2241b1affafa6c4 to remote] DEBUG org.apache.http.impl.execchain.MainClientExec  - Target auth state: UNCHALLENGED
105183 [Forwarding setWindowSize on session 39e7cc50d215a8b5f2241b1affafa6c4 to remote] DEBUG org.apache.http.impl.execchain.MainClientExec  - Proxy auth state: UNCHALLENGED
105183 [Forwarding setWindowSize on session 39e7cc50d215a8b5f2241b1affafa6c4 to remote] DEBUG org.apache.http.headers  - http-outgoing-75 >> POST /session/39e7cc50d215a8b5f2241b1affafa6c4/window/current/size HTTP/1.1
105183 [Forwarding setWindowSize on session 39e7cc50d215a8b5f2241b1affafa6c4 to remote] DEBUG org.apache.http.headers  - http-outgoing-75 >> Content-Type: application/json; charset=utf-8
105183 [Forwarding setWindowSize on session 39e7cc50d215a8b5f2241b1affafa6c4 to remote] DEBUG org.apache.http.headers  - http-outgoing-75 >> Content-Length: 52
105183 [Forwarding setWindowSize on session 39e7cc50d215a8b5f2241b1affafa6c4 to remote] DEBUG org.apache.http.headers  - http-outgoing-75 >> Host: localhost:40784
105183 [Forwarding setWindowSize on session 39e7cc50d215a8b5f2241b1affafa6c4 to remote] DEBUG org.apache.http.headers  - http-outgoing-75 >> Connection: Keep-Alive
105183 [Forwarding setWindowSize on session 39e7cc50d215a8b5f2241b1affafa6c4 to remote] DEBUG org.apache.http.headers  - http-outgoing-75 >> User-Agent: Apache-HttpClient/4.5.1 (Java/1.8.0_112)
105183 [Forwarding setWindowSize on session 39e7cc50d215a8b5f2241b1affafa6c4 to remote] DEBUG org.apache.http.headers  - http-outgoing-75 >> Accept-Encoding: gzip,deflate
105184 [Forwarding setWindowSize on session 39e7cc50d215a8b5f2241b1affafa6c4 to remote] DEBUG org.apache.http.wire  - http-outgoing-75 >> "POST /session/39e7cc50d215a8b5f2241b1affafa6c4/window/current/size HTTP/1.1[\r][\n]"
105184 [Forwarding setWindowSize on session 39e7cc50d215a8b5f2241b1affafa6c4 to remote] DEBUG org.apache.http.wire  - http-outgoing-75 >> "Content-Type: application/json; charset=utf-8[\r][\n]"
105184 [Forwarding setWindowSize on session 39e7cc50d215a8b5f2241b1affafa6c4 to remote] DEBUG org.apache.http.wire  - http-outgoing-75 >> "Content-Length: 52[\r][\n]"
105184 [Forwarding setWindowSize on session 39e7cc50d215a8b5f2241b1affafa6c4 to remote] DEBUG org.apache.http.wire  - http-outgoing-75 >> "Host: localhost:40784[\r][\n]"
105184 [Forwarding setWindowSize on session 39e7cc50d215a8b5f2241b1affafa6c4 to remote] DEBUG org.apache.http.wire  - http-outgoing-75 >> "Connection: Keep-Alive[\r][\n]"
105184 [Forwarding setWindowSize on session 39e7cc50d215a8b5f2241b1affafa6c4 to remote] DEBUG org.apache.http.wire  - http-outgoing-75 >> "User-Agent: Apache-HttpClient/4.5.1 (Java/1.8.0_112)[\r][\n]"
105184 [Forwarding setWindowSize on session 39e7cc50d215a8b5f2241b1affafa6c4 to remote] DEBUG org.apache.http.wire  - http-outgoing-75 >> "Accept-Encoding: gzip,deflate[\r][\n]"
105184 [Forwarding setWindowSize on session 39e7cc50d215a8b5f2241b1affafa6c4 to remote] DEBUG org.apache.http.wire  - http-outgoing-75 >> "[\r][\n]"
105184 [Forwarding setWindowSize on session 39e7cc50d215a8b5f2241b1affafa6c4 to remote] DEBUG org.apache.http.wire  - http-outgoing-75 >> "{"windowHandle":"current","width":1200,"height":850}"
106356 [Forwarding setWindowSize on session 39e7cc50d215a8b5f2241b1affafa6c4 to remote] DEBUG org.apache.http.wire  - http-outgoing-75 << "HTTP/1.1 200 OK[\r][\n]"
106356 [Forwarding setWindowSize on session 39e7cc50d215a8b5f2241b1affafa6c4 to remote] DEBUG org.apache.http.wire  - http-outgoing-75 << "Content-Length:72[\r][\n]"
106356 [Forwarding setWindowSize on session 39e7cc50d215a8b5f2241b1affafa6c4 to remote] DEBUG org.apache.http.wire  - http-outgoing-75 << "Content-Type:application/json; charset=utf-8[\r][\n]"
106356 [Forwarding setWindowSize on session 39e7cc50d215a8b5f2241b1affafa6c4 to remote] DEBUG org.apache.http.wire  - http-outgoing-75 << "Connection:close[\r][\n]"
106356 [Forwarding setWindowSize on session 39e7cc50d215a8b5f2241b1affafa6c4 to remote] DEBUG org.apache.http.wire  - http-outgoing-75 << "[\r][\n]"
106356 [Forwarding setWindowSize on session 39e7cc50d215a8b5f2241b1affafa6c4 to remote] DEBUG org.apache.http.wire  - http-outgoing-75 << "{"sessionId":"39e7cc50d215a8b5f2241b1affafa6c4","status":0,"value":null}"
106356 [Forwarding setWindowSize on session 39e7cc50d215a8b5f2241b1affafa6c4 to remote] DEBUG org.apache.http.headers  - http-outgoing-75 << HTTP/1.1 200 OK
106356 [Forwarding setWindowSize on session 39e7cc50d215a8b5f2241b1affafa6c4 to remote] DEBUG org.apache.http.headers  - http-outgoing-75 << Content-Length:72
106356 [Forwarding setWindowSize on session 39e7cc50d215a8b5f2241b1affafa6c4 to remote] DEBUG org.apache.http.headers  - http-outgoing-75 << Content-Type:application/json; charset=utf-8
106356 [Forwarding setWindowSize on session 39e7cc50d215a8b5f2241b1affafa6c4 to remote] DEBUG org.apache.http.headers  - http-outgoing-75 << Connection:close
106357 [Forwarding setWindowSize on session 39e7cc50d215a8b5f2241b1affafa6c4 to remote] DEBUG org.apache.http.impl.conn.DefaultManagedHttpClientConnection  - http-outgoing-75: Close connection
106357 [Forwarding setWindowSize on session 39e7cc50d215a8b5f2241b1affafa6c4 to remote] DEBUG org.apache.http.impl.execchain.MainClientExec  - Connection discarded
106358 [Forwarding setWindowSize on session 39e7cc50d215a8b5f2241b1affafa6c4 to remote] DEBUG org.apache.http.impl.conn.PoolingHttpClientConnectionManager  - Connection released: [id: 75][route: {}->http://localhost:40784][total kept alive: 0; route allocated: 0 of 2000; total allocated: 0 of 2000]
106361 [Forwarding get on session 39e7cc50d215a8b5f2241b1affafa6c4 to remote] DEBUG org.apache.http.client.protocol.RequestAddCookies  - CookieSpec selected: default
106361 [Forwarding get on session 39e7cc50d215a8b5f2241b1affafa6c4 to remote] DEBUG org.apache.http.client.protocol.RequestAuthCache  - Auth cache not set in the context
106361 [Forwarding get on session 39e7cc50d215a8b5f2241b1affafa6c4 to remote] DEBUG org.apache.http.impl.conn.PoolingHttpClientConnectionManager  - Connection request: [route: {}->http://localhost:40784][total kept alive: 0; route allocated: 0 of 2000; total allocated: 0 of 2000]
106361 [Forwarding get on session 39e7cc50d215a8b5f2241b1affafa6c4 to remote] DEBUG org.apache.http.impl.conn.PoolingHttpClientConnectionManager  - Connection leased: [id: 76][route: {}->http://localhost:40784][total kept alive: 0; route allocated: 1 of 2000; total allocated: 1 of 2000]
106361 [Forwarding get on session 39e7cc50d215a8b5f2241b1affafa6c4 to remote] DEBUG org.apache.http.impl.execchain.MainClientExec  - Opening connection {}->http://localhost:40784
106362 [Forwarding get on session 39e7cc50d215a8b5f2241b1affafa6c4 to remote] DEBUG org.apache.http.impl.conn.DefaultHttpClientConnectionOperator  - Connecting to localhost/127.0.0.1:40784
106364 [Forwarding get on session 39e7cc50d215a8b5f2241b1affafa6c4 to remote] DEBUG org.apache.http.impl.conn.DefaultHttpClientConnectionOperator  - Connection established 127.0.0.1:62383<->127.0.0.1:40784
106364 [Forwarding get on session 39e7cc50d215a8b5f2241b1affafa6c4 to remote] DEBUG org.apache.http.impl.conn.DefaultManagedHttpClientConnection  - http-outgoing-76: set socket timeout to 10800000
106364 [Forwarding get on session 39e7cc50d215a8b5f2241b1affafa6c4 to remote] DEBUG org.apache.http.impl.execchain.MainClientExec  - Executing request POST /session/39e7cc50d215a8b5f2241b1affafa6c4/url HTTP/1.1
106364 [Forwarding get on session 39e7cc50d215a8b5f2241b1affafa6c4 to remote] DEBUG org.apache.http.impl.execchain.MainClientExec  - Target auth state: UNCHALLENGED
106364 [Forwarding get on session 39e7cc50d215a8b5f2241b1affafa6c4 to remote] DEBUG org.apache.http.impl.execchain.MainClientExec  - Proxy auth state: UNCHALLENGED
106364 [Forwarding get on session 39e7cc50d215a8b5f2241b1affafa6c4 to remote] DEBUG org.apache.http.headers  - http-outgoing-76 >> POST /session/39e7cc50d215a8b5f2241b1affafa6c4/url HTTP/1.1
106364 [Forwarding get on session 39e7cc50d215a8b5f2241b1affafa6c4 to remote] DEBUG org.apache.http.headers  - http-outgoing-76 >> Content-Type: application/json; charset=utf-8
106364 [Forwarding get on session 39e7cc50d215a8b5f2241b1affafa6c4 to remote] DEBUG org.apache.http.headers  - http-outgoing-76 >> Content-Length: 47
106364 [Forwarding get on session 39e7cc50d215a8b5f2241b1affafa6c4 to remote] DEBUG org.apache.http.headers  - http-outgoing-76 >> Host: localhost:40784
106364 [Forwarding get on session 39e7cc50d215a8b5f2241b1affafa6c4 to remote] DEBUG org.apache.http.headers  - http-outgoing-76 >> Connection: Keep-Alive
106364 [Forwarding get on session 39e7cc50d215a8b5f2241b1affafa6c4 to remote] DEBUG org.apache.http.headers  - http-outgoing-76 >> User-Agent: Apache-HttpClient/4.5.1 (Java/1.8.0_112)
106365 [Forwarding get on session 39e7cc50d215a8b5f2241b1affafa6c4 to remote] DEBUG org.apache.http.headers  - http-outgoing-76 >> Accept-Encoding: gzip,deflate
106365 [Forwarding get on session 39e7cc50d215a8b5f2241b1affafa6c4 to remote] DEBUG org.apache.http.wire  - http-outgoing-76 >> "POST /session/39e7cc50d215a8b5f2241b1affafa6c4/url HTTP/1.1[\r][\n]"
106365 [Forwarding get on session 39e7cc50d215a8b5f2241b1affafa6c4 to remote] DEBUG org.apache.http.wire  - http-outgoing-76 >> "Content-Type: application/json; charset=utf-8[\r][\n]"
106365 [Forwarding get on session 39e7cc50d215a8b5f2241b1affafa6c4 to remote] DEBUG org.apache.http.wire  - http-outgoing-76 >> "Content-Length: 47[\r][\n]"
106365 [Forwarding get on session 39e7cc50d215a8b5f2241b1affafa6c4 to remote] DEBUG org.apache.http.wire  - http-outgoing-76 >> "Host: localhost:40784[\r][\n]"
106365 [Forwarding get on session 39e7cc50d215a8b5f2241b1affafa6c4 to remote] DEBUG org.apache.http.wire  - http-outgoing-76 >> "Connection: Keep-Alive[\r][\n]"
106365 [Forwarding get on session 39e7cc50d215a8b5f2241b1affafa6c4 to remote] DEBUG org.apache.http.wire  - http-outgoing-76 >> "User-Agent: Apache-HttpClient/4.5.1 (Java/1.8.0_112)[\r][\n]"
106365 [Forwarding get on session 39e7cc50d215a8b5f2241b1affafa6c4 to remote] DEBUG org.apache.http.wire  - http-outgoing-76 >> "Accept-Encoding: gzip,deflate[\r][\n]"
106365 [Forwarding get on session 39e7cc50d215a8b5f2241b1affafa6c4 to remote] DEBUG org.apache.http.wire  - http-outgoing-76 >> "[\r][\n]"
106365 [Forwarding get on session 39e7cc50d215a8b5f2241b1affafa6c4 to remote] DEBUG org.apache.http.wire  - http-outgoing-76 >> "{"url":"https://bageeshlal.atlassian.net/wiki"}"
110865 [Forwarding get on session 39e7cc50d215a8b5f2241b1affafa6c4 to remote] DEBUG org.apache.http.wire  - http-outgoing-76 << "HTTP/1.1 200 OK[\r][\n]"
110865 [Forwarding get on session 39e7cc50d215a8b5f2241b1affafa6c4 to remote] DEBUG org.apache.http.wire  - http-outgoing-76 << "Content-Length:72[\r][\n]"
110865 [Forwarding get on session 39e7cc50d215a8b5f2241b1affafa6c4 to remote] DEBUG org.apache.http.wire  - http-outgoing-76 << "Content-Type:application/json; charset=utf-8[\r][\n]"
110865 [Forwarding get on session 39e7cc50d215a8b5f2241b1affafa6c4 to remote] DEBUG org.apache.http.wire  - http-outgoing-76 << "Connection:close[\r][\n]"
110865 [Forwarding get on session 39e7cc50d215a8b5f2241b1affafa6c4 to remote] DEBUG org.apache.http.wire  - http-outgoing-76 << "[\r][\n]"
110866 [Forwarding get on session 39e7cc50d215a8b5f2241b1affafa6c4 to remote] DEBUG org.apache.http.wire  - http-outgoing-76 << "{"sessionId":"39e7cc50d215a8b5f2241b1affafa6c4","status":0,"value":null}"
110866 [Forwarding get on session 39e7cc50d215a8b5f2241b1affafa6c4 to remote] DEBUG org.apache.http.headers  - http-outgoing-76 << HTTP/1.1 200 OK
110866 [Forwarding get on session 39e7cc50d215a8b5f2241b1affafa6c4 to remote] DEBUG org.apache.http.headers  - http-outgoing-76 << Content-Length:72
110866 [Forwarding get on session 39e7cc50d215a8b5f2241b1affafa6c4 to remote] DEBUG org.apache.http.headers  - http-outgoing-76 << Content-Type:application/json; charset=utf-8
110866 [Forwarding get on session 39e7cc50d215a8b5f2241b1affafa6c4 to remote] DEBUG org.apache.http.headers  - http-outgoing-76 << Connection:close
110867 [Forwarding get on session 39e7cc50d215a8b5f2241b1affafa6c4 to remote] DEBUG org.apache.http.impl.conn.DefaultManagedHttpClientConnection  - http-outgoing-76: Close connection
110868 [Forwarding get on session 39e7cc50d215a8b5f2241b1affafa6c4 to remote] DEBUG org.apache.http.impl.execchain.MainClientExec  - Connection discarded
110868 [Forwarding get on session 39e7cc50d215a8b5f2241b1affafa6c4 to remote] DEBUG org.apache.http.impl.conn.PoolingHttpClientConnectionManager  - Connection released: [id: 76][route: {}->http://localhost:40784][total kept alive: 0; route allocated: 0 of 2000; total allocated: 0 of 2000]
110872 [Forwarding findElement on session 39e7cc50d215a8b5f2241b1affafa6c4 to remote] DEBUG org.apache.http.client.protocol.RequestAddCookies  - CookieSpec selected: default
110872 [Forwarding findElement on session 39e7cc50d215a8b5f2241b1affafa6c4 to remote] DEBUG org.apache.http.client.protocol.RequestAuthCache  - Auth cache not set in the context
110873 [Forwarding findElement on session 39e7cc50d215a8b5f2241b1affafa6c4 to remote] DEBUG org.apache.http.impl.conn.PoolingHttpClientConnectionManager  - Connection request: [route: {}->http://localhost:40784][total kept alive: 0; route allocated: 0 of 2000; total allocated: 0 of 2000]
110873 [Forwarding findElement on session 39e7cc50d215a8b5f2241b1affafa6c4 to remote] DEBUG org.apache.http.impl.conn.PoolingHttpClientConnectionManager  - Connection leased: [id: 77][route: {}->http://localhost:40784][total kept alive: 0; route allocated: 1 of 2000; total allocated: 1 of 2000]
110873 [Forwarding findElement on session 39e7cc50d215a8b5f2241b1affafa6c4 to remote] DEBUG org.apache.http.impl.execchain.MainClientExec  - Opening connection {}->http://localhost:40784
110874 [Forwarding findElement on session 39e7cc50d215a8b5f2241b1affafa6c4 to remote] DEBUG org.apache.http.impl.conn.DefaultHttpClientConnectionOperator  - Connecting to localhost/127.0.0.1:40784
110876 [Forwarding findElement on session 39e7cc50d215a8b5f2241b1affafa6c4 to remote] DEBUG org.apache.http.impl.conn.DefaultHttpClientConnectionOperator  - Connection established 127.0.0.1:62390<->127.0.0.1:40784
110876 [Forwarding findElement on session 39e7cc50d215a8b5f2241b1affafa6c4 to remote] DEBUG org.apache.http.impl.conn.DefaultManagedHttpClientConnection  - http-outgoing-77: set socket timeout to 10800000
110876 [Forwarding findElement on session 39e7cc50d215a8b5f2241b1affafa6c4 to remote] DEBUG org.apache.http.impl.execchain.MainClientExec  - Executing request POST /session/39e7cc50d215a8b5f2241b1affafa6c4/element HTTP/1.1
110876 [Forwarding findElement on session 39e7cc50d215a8b5f2241b1affafa6c4 to remote] DEBUG org.apache.http.impl.execchain.MainClientExec  - Target auth state: UNCHALLENGED
110876 [Forwarding findElement on session 39e7cc50d215a8b5f2241b1affafa6c4 to remote] DEBUG org.apache.http.impl.execchain.MainClientExec  - Proxy auth state: UNCHALLENGED
110876 [Forwarding findElement on session 39e7cc50d215a8b5f2241b1affafa6c4 to remote] DEBUG org.apache.http.headers  - http-outgoing-77 >> POST /session/39e7cc50d215a8b5f2241b1affafa6c4/element HTTP/1.1
110876 [Forwarding findElement on session 39e7cc50d215a8b5f2241b1affafa6c4 to remote] DEBUG org.apache.http.headers  - http-outgoing-77 >> Content-Type: application/json; charset=utf-8
110877 [Forwarding findElement on session 39e7cc50d215a8b5f2241b1affafa6c4 to remote] DEBUG org.apache.http.headers  - http-outgoing-77 >> Content-Length: 33
110877 [Forwarding findElement on session 39e7cc50d215a8b5f2241b1affafa6c4 to remote] DEBUG org.apache.http.headers  - http-outgoing-77 >> Host: localhost:40784
110877 [Forwarding findElement on session 39e7cc50d215a8b5f2241b1affafa6c4 to remote] DEBUG org.apache.http.headers  - http-outgoing-77 >> Connection: Keep-Alive
110877 [Forwarding findElement on session 39e7cc50d215a8b5f2241b1affafa6c4 to remote] DEBUG org.apache.http.headers  - http-outgoing-77 >> User-Agent: Apache-HttpClient/4.5.1 (Java/1.8.0_112)
110877 [Forwarding findElement on session 39e7cc50d215a8b5f2241b1affafa6c4 to remote] DEBUG org.apache.http.headers  - http-outgoing-77 >> Accept-Encoding: gzip,deflate
110877 [Forwarding findElement on session 39e7cc50d215a8b5f2241b1affafa6c4 to remote] DEBUG org.apache.http.wire  - http-outgoing-77 >> "POST /session/39e7cc50d215a8b5f2241b1affafa6c4/element HTTP/1.1[\r][\n]"
110877 [Forwarding findElement on session 39e7cc50d215a8b5f2241b1affafa6c4 to remote] DEBUG org.apache.http.wire  - http-outgoing-77 >> "Content-Type: application/json; charset=utf-8[\r][\n]"
110877 [Forwarding findElement on session 39e7cc50d215a8b5f2241b1affafa6c4 to remote] DEBUG org.apache.http.wire  - http-outgoing-77 >> "Content-Length: 33[\r][\n]"
110877 [Forwarding findElement on session 39e7cc50d215a8b5f2241b1affafa6c4 to remote] DEBUG org.apache.http.wire  - http-outgoing-77 >> "Host: localhost:40784[\r][\n]"
110877 [Forwarding findElement on session 39e7cc50d215a8b5f2241b1affafa6c4 to remote] DEBUG org.apache.http.wire  - http-outgoing-77 >> "Connection: Keep-Alive[\r][\n]"
110877 [Forwarding findElement on session 39e7cc50d215a8b5f2241b1affafa6c4 to remote] DEBUG org.apache.http.wire  - http-outgoing-77 >> "User-Agent: Apache-HttpClient/4.5.1 (Java/1.8.0_112)[\r][\n]"
110877 [Forwarding findElement on session 39e7cc50d215a8b5f2241b1affafa6c4 to remote] DEBUG org.apache.http.wire  - http-outgoing-77 >> "Accept-Encoding: gzip,deflate[\r][\n]"
110878 [Forwarding findElement on session 39e7cc50d215a8b5f2241b1affafa6c4 to remote] DEBUG org.apache.http.wire  - http-outgoing-77 >> "[\r][\n]"
110878 [Forwarding findElement on session 39e7cc50d215a8b5f2241b1affafa6c4 to remote] DEBUG org.apache.http.wire  - http-outgoing-77 >> "{"using":"id","value":"username"}"
110933 [Forwarding findElement on session 39e7cc50d215a8b5f2241b1affafa6c4 to remote] DEBUG org.apache.http.wire  - http-outgoing-77 << "HTTP/1.1 200 OK[\r][\n]"
110933 [Forwarding findElement on session 39e7cc50d215a8b5f2241b1affafa6c4 to remote] DEBUG org.apache.http.wire  - http-outgoing-77 << "Content-Length:103[\r][\n]"
110933 [Forwarding findElement on session 39e7cc50d215a8b5f2241b1affafa6c4 to remote] DEBUG org.apache.http.wire  - http-outgoing-77 << "Content-Type:application/json; charset=utf-8[\r][\n]"
110933 [Forwarding findElement on session 39e7cc50d215a8b5f2241b1affafa6c4 to remote] DEBUG org.apache.http.wire  - http-outgoing-77 << "Connection:close[\r][\n]"
110933 [Forwarding findElement on session 39e7cc50d215a8b5f2241b1affafa6c4 to remote] DEBUG org.apache.http.wire  - http-outgoing-77 << "[\r][\n]"
110933 [Forwarding findElement on session 39e7cc50d215a8b5f2241b1affafa6c4 to remote] DEBUG org.apache.http.wire  - http-outgoing-77 << "{"sessionId":"39e7cc50d215a8b5f2241b1affafa6c4","status":0,"value":{"ELEMENT":"0.09723359818044419-1"}}"
110933 [Forwarding findElement on session 39e7cc50d215a8b5f2241b1affafa6c4 to remote] DEBUG org.apache.http.headers  - http-outgoing-77 << HTTP/1.1 200 OK
110933 [Forwarding findElement on session 39e7cc50d215a8b5f2241b1affafa6c4 to remote] DEBUG org.apache.http.headers  - http-outgoing-77 << Content-Length:103
110933 [Forwarding findElement on session 39e7cc50d215a8b5f2241b1affafa6c4 to remote] DEBUG org.apache.http.headers  - http-outgoing-77 << Content-Type:application/json; charset=utf-8
110933 [Forwarding findElement on session 39e7cc50d215a8b5f2241b1affafa6c4 to remote] DEBUG org.apache.http.headers  - http-outgoing-77 << Connection:close
110933 [Forwarding findElement on session 39e7cc50d215a8b5f2241b1affafa6c4 to remote] DEBUG org.apache.http.impl.conn.DefaultManagedHttpClientConnection  - http-outgoing-77: Close connection
110934 [Forwarding findElement on session 39e7cc50d215a8b5f2241b1affafa6c4 to remote] DEBUG org.apache.http.impl.execchain.MainClientExec  - Connection discarded
110934 [Forwarding findElement on session 39e7cc50d215a8b5f2241b1affafa6c4 to remote] DEBUG org.apache.http.impl.conn.PoolingHttpClientConnectionManager  - Connection released: [id: 77][route: {}->http://localhost:40784][total kept alive: 0; route allocated: 0 of 2000; total allocated: 0 of 2000]
110935 [Forwarding sendKeysToElement on session 39e7cc50d215a8b5f2241b1affafa6c4 to remote] DEBUG org.apache.http.client.protocol.RequestAddCookies  - CookieSpec selected: default
110935 [Forwarding sendKeysToElement on session 39e7cc50d215a8b5f2241b1affafa6c4 to remote] DEBUG org.apache.http.client.protocol.RequestAuthCache  - Auth cache not set in the context
110935 [Forwarding sendKeysToElement on session 39e7cc50d215a8b5f2241b1affafa6c4 to remote] DEBUG org.apache.http.impl.conn.PoolingHttpClientConnectionManager  - Connection request: [route: {}->http://localhost:40784][total kept alive: 0; route allocated: 0 of 2000; total allocated: 0 of 2000]
110935 [Forwarding sendKeysToElement on session 39e7cc50d215a8b5f2241b1affafa6c4 to remote] DEBUG org.apache.http.impl.conn.PoolingHttpClientConnectionManager  - Connection leased: [id: 78][route: {}->http://localhost:40784][total kept alive: 0; route allocated: 1 of 2000; total allocated: 1 of 2000]
110935 [Forwarding sendKeysToElement on session 39e7cc50d215a8b5f2241b1affafa6c4 to remote] DEBUG org.apache.http.impl.execchain.MainClientExec  - Opening connection {}->http://localhost:40784
110935 [Forwarding sendKeysToElement on session 39e7cc50d215a8b5f2241b1affafa6c4 to remote] DEBUG org.apache.http.impl.conn.DefaultHttpClientConnectionOperator  - Connecting to localhost/127.0.0.1:40784
110936 [Forwarding sendKeysToElement on session 39e7cc50d215a8b5f2241b1affafa6c4 to remote] DEBUG org.apache.http.impl.conn.DefaultHttpClientConnectionOperator  - Connection established 127.0.0.1:62391<->127.0.0.1:40784
110936 [Forwarding sendKeysToElement on session 39e7cc50d215a8b5f2241b1affafa6c4 to remote] DEBUG org.apache.http.impl.conn.DefaultManagedHttpClientConnection  - http-outgoing-78: set socket timeout to 10800000
110936 [Forwarding sendKeysToElement on session 39e7cc50d215a8b5f2241b1affafa6c4 to remote] DEBUG org.apache.http.impl.execchain.MainClientExec  - Executing request POST /session/39e7cc50d215a8b5f2241b1affafa6c4/element/0.09723359818044419-1/value HTTP/1.1
110936 [Forwarding sendKeysToElement on session 39e7cc50d215a8b5f2241b1affafa6c4 to remote] DEBUG org.apache.http.impl.execchain.MainClientExec  - Target auth state: UNCHALLENGED
110936 [Forwarding sendKeysToElement on session 39e7cc50d215a8b5f2241b1affafa6c4 to remote] DEBUG org.apache.http.impl.execchain.MainClientExec  - Proxy auth state: UNCHALLENGED
110936 [Forwarding sendKeysToElement on session 39e7cc50d215a8b5f2241b1affafa6c4 to remote] DEBUG org.apache.http.headers  - http-outgoing-78 >> POST /session/39e7cc50d215a8b5f2241b1affafa6c4/element/0.09723359818044419-1/value HTTP/1.1
110936 [Forwarding sendKeysToElement on session 39e7cc50d215a8b5f2241b1affafa6c4 to remote] DEBUG org.apache.http.headers  - http-outgoing-78 >> Content-Type: application/json; charset=utf-8
110936 [Forwarding sendKeysToElement on session 39e7cc50d215a8b5f2241b1affafa6c4 to remote] DEBUG org.apache.http.headers  - http-outgoing-78 >> Content-Length: 63
110936 [Forwarding sendKeysToElement on session 39e7cc50d215a8b5f2241b1affafa6c4 to remote] DEBUG org.apache.http.headers  - http-outgoing-78 >> Host: localhost:40784
110936 [Forwarding sendKeysToElement on session 39e7cc50d215a8b5f2241b1affafa6c4 to remote] DEBUG org.apache.http.headers  - http-outgoing-78 >> Connection: Keep-Alive
110936 [Forwarding sendKeysToElement on session 39e7cc50d215a8b5f2241b1affafa6c4 to remote] DEBUG org.apache.http.headers  - http-outgoing-78 >> User-Agent: Apache-HttpClient/4.5.1 (Java/1.8.0_112)
110936 [Forwarding sendKeysToElement on session 39e7cc50d215a8b5f2241b1affafa6c4 to remote] DEBUG org.apache.http.headers  - http-outgoing-78 >> Accept-Encoding: gzip,deflate
110936 [Forwarding sendKeysToElement on session 39e7cc50d215a8b5f2241b1affafa6c4 to remote] DEBUG org.apache.http.wire  - http-outgoing-78 >> "POST /session/39e7cc50d215a8b5f2241b1affafa6c4/element/0.09723359818044419-1/value HTTP/1.1[\r][\n]"
110936 [Forwarding sendKeysToElement on session 39e7cc50d215a8b5f2241b1affafa6c4 to remote] DEBUG org.apache.http.wire  - http-outgoing-78 >> "Content-Type: application/json; charset=utf-8[\r][\n]"
110936 [Forwarding sendKeysToElement on session 39e7cc50d215a8b5f2241b1affafa6c4 to remote] DEBUG org.apache.http.wire  - http-outgoing-78 >> "Content-Length: 63[\r][\n]"
110936 [Forwarding sendKeysToElement on session 39e7cc50d215a8b5f2241b1affafa6c4 to remote] DEBUG org.apache.http.wire  - http-outgoing-78 >> "Host: localhost:40784[\r][\n]"
110936 [Forwarding sendKeysToElement on session 39e7cc50d215a8b5f2241b1affafa6c4 to remote] DEBUG org.apache.http.wire  - http-outgoing-78 >> "Connection: Keep-Alive[\r][\n]"
110936 [Forwarding sendKeysToElement on session 39e7cc50d215a8b5f2241b1affafa6c4 to remote] DEBUG org.apache.http.wire  - http-outgoing-78 >> "User-Agent: Apache-HttpClient/4.5.1 (Java/1.8.0_112)[\r][\n]"
110936 [Forwarding sendKeysToElement on session 39e7cc50d215a8b5f2241b1affafa6c4 to remote] DEBUG org.apache.http.wire  - http-outgoing-78 >> "Accept-Encoding: gzip,deflate[\r][\n]"
110936 [Forwarding sendKeysToElement on session 39e7cc50d215a8b5f2241b1affafa6c4 to remote] DEBUG org.apache.http.wire  - http-outgoing-78 >> "[\r][\n]"
110936 [Forwarding sendKeysToElement on session 39e7cc50d215a8b5f2241b1affafa6c4 to remote] DEBUG org.apache.http.wire  - http-outgoing-78 >> "{"id":"0.09723359818044419-1","value":["bageeshlal@gmail.com"]}"
111023 [Forwarding sendKeysToElement on session 39e7cc50d215a8b5f2241b1affafa6c4 to remote] DEBUG org.apache.http.wire  - http-outgoing-78 << "HTTP/1.1 200 OK[\r][\n]"
111023 [Forwarding sendKeysToElement on session 39e7cc50d215a8b5f2241b1affafa6c4 to remote] DEBUG org.apache.http.wire  - http-outgoing-78 << "Content-Length:72[\r][\n]"
111023 [Forwarding sendKeysToElement on session 39e7cc50d215a8b5f2241b1affafa6c4 to remote] DEBUG org.apache.http.wire  - http-outgoing-78 << "Content-Type:application/json; charset=utf-8[\r][\n]"
111023 [Forwarding sendKeysToElement on session 39e7cc50d215a8b5f2241b1affafa6c4 to remote] DEBUG org.apache.http.wire  - http-outgoing-78 << "Connection:close[\r][\n]"
111023 [Forwarding sendKeysToElement on session 39e7cc50d215a8b5f2241b1affafa6c4 to remote] DEBUG org.apache.http.wire  - http-outgoing-78 << "[\r][\n]"
111023 [Forwarding sendKeysToElement on session 39e7cc50d215a8b5f2241b1affafa6c4 to remote] DEBUG org.apache.http.wire  - http-outgoing-78 << "{"sessionId":"39e7cc50d215a8b5f2241b1affafa6c4","status":0,"value":null}"
111023 [Forwarding sendKeysToElement on session 39e7cc50d215a8b5f2241b1affafa6c4 to remote] DEBUG org.apache.http.headers  - http-outgoing-78 << HTTP/1.1 200 OK
111023 [Forwarding sendKeysToElement on session 39e7cc50d215a8b5f2241b1affafa6c4 to remote] DEBUG org.apache.http.headers  - http-outgoing-78 << Content-Length:72
111023 [Forwarding sendKeysToElement on session 39e7cc50d215a8b5f2241b1affafa6c4 to remote] DEBUG org.apache.http.headers  - http-outgoing-78 << Content-Type:application/json; charset=utf-8
111023 [Forwarding sendKeysToElement on session 39e7cc50d215a8b5f2241b1affafa6c4 to remote] DEBUG org.apache.http.headers  - http-outgoing-78 << Connection:close
111024 [Forwarding sendKeysToElement on session 39e7cc50d215a8b5f2241b1affafa6c4 to remote] DEBUG org.apache.http.impl.conn.DefaultManagedHttpClientConnection  - http-outgoing-78: Close connection
111024 [Forwarding sendKeysToElement on session 39e7cc50d215a8b5f2241b1affafa6c4 to remote] DEBUG org.apache.http.impl.execchain.MainClientExec  - Connection discarded
111024 [Forwarding sendKeysToElement on session 39e7cc50d215a8b5f2241b1affafa6c4 to remote] DEBUG org.apache.http.impl.conn.PoolingHttpClientConnectionManager  - Connection released: [id: 78][route: {}->http://localhost:40784][total kept alive: 0; route allocated: 0 of 2000; total allocated: 0 of 2000]
111026 [Forwarding findElement on session 39e7cc50d215a8b5f2241b1affafa6c4 to remote] DEBUG org.apache.http.client.protocol.RequestAddCookies  - CookieSpec selected: default
111026 [Forwarding findElement on session 39e7cc50d215a8b5f2241b1affafa6c4 to remote] DEBUG org.apache.http.client.protocol.RequestAuthCache  - Auth cache not set in the context
111026 [Forwarding findElement on session 39e7cc50d215a8b5f2241b1affafa6c4 to remote] DEBUG org.apache.http.impl.conn.PoolingHttpClientConnectionManager  - Connection request: [route: {}->http://localhost:40784][total kept alive: 0; route allocated: 0 of 2000; total allocated: 0 of 2000]
111026 [Forwarding findElement on session 39e7cc50d215a8b5f2241b1affafa6c4 to remote] DEBUG org.apache.http.impl.conn.PoolingHttpClientConnectionManager  - Connection leased: [id: 79][route: {}->http://localhost:40784][total kept alive: 0; route allocated: 1 of 2000; total allocated: 1 of 2000]
111026 [Forwarding findElement on session 39e7cc50d215a8b5f2241b1affafa6c4 to remote] DEBUG org.apache.http.impl.execchain.MainClientExec  - Opening connection {}->http://localhost:40784
111026 [Forwarding findElement on session 39e7cc50d215a8b5f2241b1affafa6c4 to remote] DEBUG org.apache.http.impl.conn.DefaultHttpClientConnectionOperator  - Connecting to localhost/127.0.0.1:40784
111027 [Forwarding findElement on session 39e7cc50d215a8b5f2241b1affafa6c4 to remote] DEBUG org.apache.http.impl.conn.DefaultHttpClientConnectionOperator  - Connection established 127.0.0.1:62393<->127.0.0.1:40784
111027 [Forwarding findElement on session 39e7cc50d215a8b5f2241b1affafa6c4 to remote] DEBUG org.apache.http.impl.conn.DefaultManagedHttpClientConnection  - http-outgoing-79: set socket timeout to 10800000
111027 [Forwarding findElement on session 39e7cc50d215a8b5f2241b1affafa6c4 to remote] DEBUG org.apache.http.impl.execchain.MainClientExec  - Executing request POST /session/39e7cc50d215a8b5f2241b1affafa6c4/element HTTP/1.1
111027 [Forwarding findElement on session 39e7cc50d215a8b5f2241b1affafa6c4 to remote] DEBUG org.apache.http.impl.execchain.MainClientExec  - Target auth state: UNCHALLENGED
111027 [Forwarding findElement on session 39e7cc50d215a8b5f2241b1affafa6c4 to remote] DEBUG org.apache.http.impl.execchain.MainClientExec  - Proxy auth state: UNCHALLENGED
111027 [Forwarding findElement on session 39e7cc50d215a8b5f2241b1affafa6c4 to remote] DEBUG org.apache.http.headers  - http-outgoing-79 >> POST /session/39e7cc50d215a8b5f2241b1affafa6c4/element HTTP/1.1
111027 [Forwarding findElement on session 39e7cc50d215a8b5f2241b1affafa6c4 to remote] DEBUG org.apache.http.headers  - http-outgoing-79 >> Content-Type: application/json; charset=utf-8
111027 [Forwarding findElement on session 39e7cc50d215a8b5f2241b1affafa6c4 to remote] DEBUG org.apache.http.headers  - http-outgoing-79 >> Content-Length: 33
111027 [Forwarding findElement on session 39e7cc50d215a8b5f2241b1affafa6c4 to remote] DEBUG org.apache.http.headers  - http-outgoing-79 >> Host: localhost:40784
111027 [Forwarding findElement on session 39e7cc50d215a8b5f2241b1affafa6c4 to remote] DEBUG org.apache.http.headers  - http-outgoing-79 >> Connection: Keep-Alive
111027 [Forwarding findElement on session 39e7cc50d215a8b5f2241b1affafa6c4 to remote] DEBUG org.apache.http.headers  - http-outgoing-79 >> User-Agent: Apache-HttpClient/4.5.1 (Java/1.8.0_112)
111027 [Forwarding findElement on session 39e7cc50d215a8b5f2241b1affafa6c4 to remote] DEBUG org.apache.http.headers  - http-outgoing-79 >> Accept-Encoding: gzip,deflate
111027 [Forwarding findElement on session 39e7cc50d215a8b5f2241b1affafa6c4 to remote] DEBUG org.apache.http.wire  - http-outgoing-79 >> "POST /session/39e7cc50d215a8b5f2241b1affafa6c4/element HTTP/1.1[\r][\n]"
111027 [Forwarding findElement on session 39e7cc50d215a8b5f2241b1affafa6c4 to remote] DEBUG org.apache.http.wire  - http-outgoing-79 >> "Content-Type: application/json; charset=utf-8[\r][\n]"
111027 [Forwarding findElement on session 39e7cc50d215a8b5f2241b1affafa6c4 to remote] DEBUG org.apache.http.wire  - http-outgoing-79 >> "Content-Length: 33[\r][\n]"
111027 [Forwarding findElement on session 39e7cc50d215a8b5f2241b1affafa6c4 to remote] DEBUG org.apache.http.wire  - http-outgoing-79 >> "Host: localhost:40784[\r][\n]"
111027 [Forwarding findElement on session 39e7cc50d215a8b5f2241b1affafa6c4 to remote] DEBUG org.apache.http.wire  - http-outgoing-79 >> "Connection: Keep-Alive[\r][\n]"
111027 [Forwarding findElement on session 39e7cc50d215a8b5f2241b1affafa6c4 to remote] DEBUG org.apache.http.wire  - http-outgoing-79 >> "User-Agent: Apache-HttpClient/4.5.1 (Java/1.8.0_112)[\r][\n]"
111027 [Forwarding findElement on session 39e7cc50d215a8b5f2241b1affafa6c4 to remote] DEBUG org.apache.http.wire  - http-outgoing-79 >> "Accept-Encoding: gzip,deflate[\r][\n]"
111027 [Forwarding findElement on session 39e7cc50d215a8b5f2241b1affafa6c4 to remote] DEBUG org.apache.http.wire  - http-outgoing-79 >> "[\r][\n]"
111027 [Forwarding findElement on session 39e7cc50d215a8b5f2241b1affafa6c4 to remote] DEBUG org.apache.http.wire  - http-outgoing-79 >> "{"using":"id","value":"password"}"
111064 [Forwarding findElement on session 39e7cc50d215a8b5f2241b1affafa6c4 to remote] DEBUG org.apache.http.wire  - http-outgoing-79 << "HTTP/1.1 200 OK[\r][\n]"
111064 [Forwarding findElement on session 39e7cc50d215a8b5f2241b1affafa6c4 to remote] DEBUG org.apache.http.wire  - http-outgoing-79 << "Content-Length:103[\r][\n]"
111064 [Forwarding findElement on session 39e7cc50d215a8b5f2241b1affafa6c4 to remote] DEBUG org.apache.http.wire  - http-outgoing-79 << "Content-Type:application/json; charset=utf-8[\r][\n]"
111064 [Forwarding findElement on session 39e7cc50d215a8b5f2241b1affafa6c4 to remote] DEBUG org.apache.http.wire  - http-outgoing-79 << "Connection:close[\r][\n]"
111064 [Forwarding findElement on session 39e7cc50d215a8b5f2241b1affafa6c4 to remote] DEBUG org.apache.http.wire  - http-outgoing-79 << "[\r][\n]"
111064 [Forwarding findElement on session 39e7cc50d215a8b5f2241b1affafa6c4 to remote] DEBUG org.apache.http.wire  - http-outgoing-79 << "{"sessionId":"39e7cc50d215a8b5f2241b1affafa6c4","status":0,"value":{"ELEMENT":"0.09723359818044419-2"}}"
111064 [Forwarding findElement on session 39e7cc50d215a8b5f2241b1affafa6c4 to remote] DEBUG org.apache.http.headers  - http-outgoing-79 << HTTP/1.1 200 OK
111064 [Forwarding findElement on session 39e7cc50d215a8b5f2241b1affafa6c4 to remote] DEBUG org.apache.http.headers  - http-outgoing-79 << Content-Length:103
111064 [Forwarding findElement on session 39e7cc50d215a8b5f2241b1affafa6c4 to remote] DEBUG org.apache.http.headers  - http-outgoing-79 << Content-Type:application/json; charset=utf-8
111064 [Forwarding findElement on session 39e7cc50d215a8b5f2241b1affafa6c4 to remote] DEBUG org.apache.http.headers  - http-outgoing-79 << Connection:close
111064 [Forwarding findElement on session 39e7cc50d215a8b5f2241b1affafa6c4 to remote] DEBUG org.apache.http.impl.conn.DefaultManagedHttpClientConnection  - http-outgoing-79: Close connection
111065 [Forwarding findElement on session 39e7cc50d215a8b5f2241b1affafa6c4 to remote] DEBUG org.apache.http.impl.execchain.MainClientExec  - Connection discarded
111065 [Forwarding findElement on session 39e7cc50d215a8b5f2241b1affafa6c4 to remote] DEBUG org.apache.http.impl.conn.PoolingHttpClientConnectionManager  - Connection released: [id: 79][route: {}->http://localhost:40784][total kept alive: 0; route allocated: 0 of 2000; total allocated: 0 of 2000]
111066 [Forwarding sendKeysToElement on session 39e7cc50d215a8b5f2241b1affafa6c4 to remote] DEBUG org.apache.http.client.protocol.RequestAddCookies  - CookieSpec selected: default
111066 [Forwarding sendKeysToElement on session 39e7cc50d215a8b5f2241b1affafa6c4 to remote] DEBUG org.apache.http.client.protocol.RequestAuthCache  - Auth cache not set in the context
111066 [Forwarding sendKeysToElement on session 39e7cc50d215a8b5f2241b1affafa6c4 to remote] DEBUG org.apache.http.impl.conn.PoolingHttpClientConnectionManager  - Connection request: [route: {}->http://localhost:40784][total kept alive: 0; route allocated: 0 of 2000; total allocated: 0 of 2000]
111066 [Forwarding sendKeysToElement on session 39e7cc50d215a8b5f2241b1affafa6c4 to remote] DEBUG org.apache.http.impl.conn.PoolingHttpClientConnectionManager  - Connection leased: [id: 80][route: {}->http://localhost:40784][total kept alive: 0; route allocated: 1 of 2000; total allocated: 1 of 2000]
111066 [Forwarding sendKeysToElement on session 39e7cc50d215a8b5f2241b1affafa6c4 to remote] DEBUG org.apache.http.impl.execchain.MainClientExec  - Opening connection {}->http://localhost:40784
111067 [Forwarding sendKeysToElement on session 39e7cc50d215a8b5f2241b1affafa6c4 to remote] DEBUG org.apache.http.impl.conn.DefaultHttpClientConnectionOperator  - Connecting to localhost/127.0.0.1:40784
111067 [Forwarding sendKeysToElement on session 39e7cc50d215a8b5f2241b1affafa6c4 to remote] DEBUG org.apache.http.impl.conn.DefaultHttpClientConnectionOperator  - Connection established 127.0.0.1:62394<->127.0.0.1:40784
111067 [Forwarding sendKeysToElement on session 39e7cc50d215a8b5f2241b1affafa6c4 to remote] DEBUG org.apache.http.impl.conn.DefaultManagedHttpClientConnection  - http-outgoing-80: set socket timeout to 10800000
111067 [Forwarding sendKeysToElement on session 39e7cc50d215a8b5f2241b1affafa6c4 to remote] DEBUG org.apache.http.impl.execchain.MainClientExec  - Executing request POST /session/39e7cc50d215a8b5f2241b1affafa6c4/element/0.09723359818044419-2/value HTTP/1.1
111067 [Forwarding sendKeysToElement on session 39e7cc50d215a8b5f2241b1affafa6c4 to remote] DEBUG org.apache.http.impl.execchain.MainClientExec  - Target auth state: UNCHALLENGED
111067 [Forwarding sendKeysToElement on session 39e7cc50d215a8b5f2241b1affafa6c4 to remote] DEBUG org.apache.http.impl.execchain.MainClientExec  - Proxy auth state: UNCHALLENGED
111068 [Forwarding sendKeysToElement on session 39e7cc50d215a8b5f2241b1affafa6c4 to remote] DEBUG org.apache.http.headers  - http-outgoing-80 >> POST /session/39e7cc50d215a8b5f2241b1affafa6c4/element/0.09723359818044419-2/value HTTP/1.1
111068 [Forwarding sendKeysToElement on session 39e7cc50d215a8b5f2241b1affafa6c4 to remote] DEBUG org.apache.http.headers  - http-outgoing-80 >> Content-Type: application/json; charset=utf-8
111068 [Forwarding sendKeysToElement on session 39e7cc50d215a8b5f2241b1affafa6c4 to remote] DEBUG org.apache.http.headers  - http-outgoing-80 >> Content-Length: 53
111068 [Forwarding sendKeysToElement on session 39e7cc50d215a8b5f2241b1affafa6c4 to remote] DEBUG org.apache.http.headers  - http-outgoing-80 >> Host: localhost:40784
111068 [Forwarding sendKeysToElement on session 39e7cc50d215a8b5f2241b1affafa6c4 to remote] DEBUG org.apache.http.headers  - http-outgoing-80 >> Connection: Keep-Alive
111068 [Forwarding sendKeysToElement on session 39e7cc50d215a8b5f2241b1affafa6c4 to remote] DEBUG org.apache.http.headers  - http-outgoing-80 >> User-Agent: Apache-HttpClient/4.5.1 (Java/1.8.0_112)
111068 [Forwarding sendKeysToElement on session 39e7cc50d215a8b5f2241b1affafa6c4 to remote] DEBUG org.apache.http.headers  - http-outgoing-80 >> Accept-Encoding: gzip,deflate
111068 [Forwarding sendKeysToElement on session 39e7cc50d215a8b5f2241b1affafa6c4 to remote] DEBUG org.apache.http.wire  - http-outgoing-80 >> "POST /session/39e7cc50d215a8b5f2241b1affafa6c4/element/0.09723359818044419-2/value HTTP/1.1[\r][\n]"
111068 [Forwarding sendKeysToElement on session 39e7cc50d215a8b5f2241b1affafa6c4 to remote] DEBUG org.apache.http.wire  - http-outgoing-80 >> "Content-Type: application/json; charset=utf-8[\r][\n]"
111068 [Forwarding sendKeysToElement on session 39e7cc50d215a8b5f2241b1affafa6c4 to remote] DEBUG org.apache.http.wire  - http-outgoing-80 >> "Content-Length: 53[\r][\n]"
111068 [Forwarding sendKeysToElement on session 39e7cc50d215a8b5f2241b1affafa6c4 to remote] DEBUG org.apache.http.wire  - http-outgoing-80 >> "Host: localhost:40784[\r][\n]"
111068 [Forwarding sendKeysToElement on session 39e7cc50d215a8b5f2241b1affafa6c4 to remote] DEBUG org.apache.http.wire  - http-outgoing-80 >> "Connection: Keep-Alive[\r][\n]"
111068 [Forwarding sendKeysToElement on session 39e7cc50d215a8b5f2241b1affafa6c4 to remote] DEBUG org.apache.http.wire  - http-outgoing-80 >> "User-Agent: Apache-HttpClient/4.5.1 (Java/1.8.0_112)[\r][\n]"
111068 [Forwarding sendKeysToElement on session 39e7cc50d215a8b5f2241b1affafa6c4 to remote] DEBUG org.apache.http.wire  - http-outgoing-80 >> "Accept-Encoding: gzip,deflate[\r][\n]"
111068 [Forwarding sendKeysToElement on session 39e7cc50d215a8b5f2241b1affafa6c4 to remote] DEBUG org.apache.http.wire  - http-outgoing-80 >> "[\r][\n]"
111068 [Forwarding sendKeysToElement on session 39e7cc50d215a8b5f2241b1affafa6c4 to remote] DEBUG org.apache.http.wire  - http-outgoing-80 >> "{"id":"0.09723359818044419-2","value":["B@geeshl2l"]}"
111136 [Forwarding sendKeysToElement on session 39e7cc50d215a8b5f2241b1affafa6c4 to remote] DEBUG org.apache.http.wire  - http-outgoing-80 << "HTTP/1.1 200 OK[\r][\n]"
111136 [Forwarding sendKeysToElement on session 39e7cc50d215a8b5f2241b1affafa6c4 to remote] DEBUG org.apache.http.wire  - http-outgoing-80 << "Content-Length:72[\r][\n]"
111136 [Forwarding sendKeysToElement on session 39e7cc50d215a8b5f2241b1affafa6c4 to remote] DEBUG org.apache.http.wire  - http-outgoing-80 << "Content-Type:application/json; charset=utf-8[\r][\n]"
111136 [Forwarding sendKeysToElement on session 39e7cc50d215a8b5f2241b1affafa6c4 to remote] DEBUG org.apache.http.wire  - http-outgoing-80 << "Connection:close[\r][\n]"
111136 [Forwarding sendKeysToElement on session 39e7cc50d215a8b5f2241b1affafa6c4 to remote] DEBUG org.apache.http.wire  - http-outgoing-80 << "[\r][\n]"
111136 [Forwarding sendKeysToElement on session 39e7cc50d215a8b5f2241b1affafa6c4 to remote] DEBUG org.apache.http.wire  - http-outgoing-80 << "{"sessionId":"39e7cc50d215a8b5f2241b1affafa6c4","status":0,"value":null}"
111136 [Forwarding sendKeysToElement on session 39e7cc50d215a8b5f2241b1affafa6c4 to remote] DEBUG org.apache.http.headers  - http-outgoing-80 << HTTP/1.1 200 OK
111136 [Forwarding sendKeysToElement on session 39e7cc50d215a8b5f2241b1affafa6c4 to remote] DEBUG org.apache.http.headers  - http-outgoing-80 << Content-Length:72
111136 [Forwarding sendKeysToElement on session 39e7cc50d215a8b5f2241b1affafa6c4 to remote] DEBUG org.apache.http.headers  - http-outgoing-80 << Content-Type:application/json; charset=utf-8
111136 [Forwarding sendKeysToElement on session 39e7cc50d215a8b5f2241b1affafa6c4 to remote] DEBUG org.apache.http.headers  - http-outgoing-80 << Connection:close
111137 [Forwarding sendKeysToElement on session 39e7cc50d215a8b5f2241b1affafa6c4 to remote] DEBUG org.apache.http.impl.conn.DefaultManagedHttpClientConnection  - http-outgoing-80: Close connection
111137 [Forwarding sendKeysToElement on session 39e7cc50d215a8b5f2241b1affafa6c4 to remote] DEBUG org.apache.http.impl.execchain.MainClientExec  - Connection discarded
111137 [Forwarding sendKeysToElement on session 39e7cc50d215a8b5f2241b1affafa6c4 to remote] DEBUG org.apache.http.impl.conn.PoolingHttpClientConnectionManager  - Connection released: [id: 80][route: {}->http://localhost:40784][total kept alive: 0; route allocated: 0 of 2000; total allocated: 0 of 2000]
111138 [Forwarding findElement on session 39e7cc50d215a8b5f2241b1affafa6c4 to remote] DEBUG org.apache.http.client.protocol.RequestAddCookies  - CookieSpec selected: default
111138 [Forwarding findElement on session 39e7cc50d215a8b5f2241b1affafa6c4 to remote] DEBUG org.apache.http.client.protocol.RequestAuthCache  - Auth cache not set in the context
111138 [Forwarding findElement on session 39e7cc50d215a8b5f2241b1affafa6c4 to remote] DEBUG org.apache.http.impl.conn.PoolingHttpClientConnectionManager  - Connection request: [route: {}->http://localhost:40784][total kept alive: 0; route allocated: 0 of 2000; total allocated: 0 of 2000]
111138 [Forwarding findElement on session 39e7cc50d215a8b5f2241b1affafa6c4 to remote] DEBUG org.apache.http.impl.conn.PoolingHttpClientConnectionManager  - Connection leased: [id: 81][route: {}->http://localhost:40784][total kept alive: 0; route allocated: 1 of 2000; total allocated: 1 of 2000]
111138 [Forwarding findElement on session 39e7cc50d215a8b5f2241b1affafa6c4 to remote] DEBUG org.apache.http.impl.execchain.MainClientExec  - Opening connection {}->http://localhost:40784
111138 [Forwarding findElement on session 39e7cc50d215a8b5f2241b1affafa6c4 to remote] DEBUG org.apache.http.impl.conn.DefaultHttpClientConnectionOperator  - Connecting to localhost/127.0.0.1:40784
111139 [Forwarding findElement on session 39e7cc50d215a8b5f2241b1affafa6c4 to remote] DEBUG org.apache.http.impl.conn.DefaultHttpClientConnectionOperator  - Connection established 127.0.0.1:62395<->127.0.0.1:40784
111139 [Forwarding findElement on session 39e7cc50d215a8b5f2241b1affafa6c4 to remote] DEBUG org.apache.http.impl.conn.DefaultManagedHttpClientConnection  - http-outgoing-81: set socket timeout to 10800000
111139 [Forwarding findElement on session 39e7cc50d215a8b5f2241b1affafa6c4 to remote] DEBUG org.apache.http.impl.execchain.MainClientExec  - Executing request POST /session/39e7cc50d215a8b5f2241b1affafa6c4/element HTTP/1.1
111139 [Forwarding findElement on session 39e7cc50d215a8b5f2241b1affafa6c4 to remote] DEBUG org.apache.http.impl.execchain.MainClientExec  - Target auth state: UNCHALLENGED
111139 [Forwarding findElement on session 39e7cc50d215a8b5f2241b1affafa6c4 to remote] DEBUG org.apache.http.impl.execchain.MainClientExec  - Proxy auth state: UNCHALLENGED
111139 [Forwarding findElement on session 39e7cc50d215a8b5f2241b1affafa6c4 to remote] DEBUG org.apache.http.headers  - http-outgoing-81 >> POST /session/39e7cc50d215a8b5f2241b1affafa6c4/element HTTP/1.1
111139 [Forwarding findElement on session 39e7cc50d215a8b5f2241b1affafa6c4 to remote] DEBUG org.apache.http.headers  - http-outgoing-81 >> Content-Type: application/json; charset=utf-8
111139 [Forwarding findElement on session 39e7cc50d215a8b5f2241b1affafa6c4 to remote] DEBUG org.apache.http.headers  - http-outgoing-81 >> Content-Length: 30
111139 [Forwarding findElement on session 39e7cc50d215a8b5f2241b1affafa6c4 to remote] DEBUG org.apache.http.headers  - http-outgoing-81 >> Host: localhost:40784
111139 [Forwarding findElement on session 39e7cc50d215a8b5f2241b1affafa6c4 to remote] DEBUG org.apache.http.headers  - http-outgoing-81 >> Connection: Keep-Alive
111139 [Forwarding findElement on session 39e7cc50d215a8b5f2241b1affafa6c4 to remote] DEBUG org.apache.http.headers  - http-outgoing-81 >> User-Agent: Apache-HttpClient/4.5.1 (Java/1.8.0_112)
111139 [Forwarding findElement on session 39e7cc50d215a8b5f2241b1affafa6c4 to remote] DEBUG org.apache.http.headers  - http-outgoing-81 >> Accept-Encoding: gzip,deflate
111139 [Forwarding findElement on session 39e7cc50d215a8b5f2241b1affafa6c4 to remote] DEBUG org.apache.http.wire  - http-outgoing-81 >> "POST /session/39e7cc50d215a8b5f2241b1affafa6c4/element HTTP/1.1[\r][\n]"
111139 [Forwarding findElement on session 39e7cc50d215a8b5f2241b1affafa6c4 to remote] DEBUG org.apache.http.wire  - http-outgoing-81 >> "Content-Type: application/json; charset=utf-8[\r][\n]"
111139 [Forwarding findElement on session 39e7cc50d215a8b5f2241b1affafa6c4 to remote] DEBUG org.apache.http.wire  - http-outgoing-81 >> "Content-Length: 30[\r][\n]"
111139 [Forwarding findElement on session 39e7cc50d215a8b5f2241b1affafa6c4 to remote] DEBUG org.apache.http.wire  - http-outgoing-81 >> "Host: localhost:40784[\r][\n]"
111139 [Forwarding findElement on session 39e7cc50d215a8b5f2241b1affafa6c4 to remote] DEBUG org.apache.http.wire  - http-outgoing-81 >> "Connection: Keep-Alive[\r][\n]"
111139 [Forwarding findElement on session 39e7cc50d215a8b5f2241b1affafa6c4 to remote] DEBUG org.apache.http.wire  - http-outgoing-81 >> "User-Agent: Apache-HttpClient/4.5.1 (Java/1.8.0_112)[\r][\n]"
111139 [Forwarding findElement on session 39e7cc50d215a8b5f2241b1affafa6c4 to remote] DEBUG org.apache.http.wire  - http-outgoing-81 >> "Accept-Encoding: gzip,deflate[\r][\n]"
111139 [Forwarding findElement on session 39e7cc50d215a8b5f2241b1affafa6c4 to remote] DEBUG org.apache.http.wire  - http-outgoing-81 >> "[\r][\n]"
111139 [Forwarding findElement on session 39e7cc50d215a8b5f2241b1affafa6c4 to remote] DEBUG org.apache.http.wire  - http-outgoing-81 >> "{"using":"id","value":"login"}"
111169 [Forwarding findElement on session 39e7cc50d215a8b5f2241b1affafa6c4 to remote] DEBUG org.apache.http.wire  - http-outgoing-81 << "HTTP/1.1 200 OK[\r][\n]"
111169 [Forwarding findElement on session 39e7cc50d215a8b5f2241b1affafa6c4 to remote] DEBUG org.apache.http.wire  - http-outgoing-81 << "Content-Length:103[\r][\n]"
111169 [Forwarding findElement on session 39e7cc50d215a8b5f2241b1affafa6c4 to remote] DEBUG org.apache.http.wire  - http-outgoing-81 << "Content-Type:application/json; charset=utf-8[\r][\n]"
111169 [Forwarding findElement on session 39e7cc50d215a8b5f2241b1affafa6c4 to remote] DEBUG org.apache.http.wire  - http-outgoing-81 << "Connection:close[\r][\n]"
111169 [Forwarding findElement on session 39e7cc50d215a8b5f2241b1affafa6c4 to remote] DEBUG org.apache.http.wire  - http-outgoing-81 << "[\r][\n]"
111169 [Forwarding findElement on session 39e7cc50d215a8b5f2241b1affafa6c4 to remote] DEBUG org.apache.http.wire  - http-outgoing-81 << "{"sessionId":"39e7cc50d215a8b5f2241b1affafa6c4","status":0,"value":{"ELEMENT":"0.09723359818044419-3"}}"
111169 [Forwarding findElement on session 39e7cc50d215a8b5f2241b1affafa6c4 to remote] DEBUG org.apache.http.headers  - http-outgoing-81 << HTTP/1.1 200 OK
111169 [Forwarding findElement on session 39e7cc50d215a8b5f2241b1affafa6c4 to remote] DEBUG org.apache.http.headers  - http-outgoing-81 << Content-Length:103
111169 [Forwarding findElement on session 39e7cc50d215a8b5f2241b1affafa6c4 to remote] DEBUG org.apache.http.headers  - http-outgoing-81 << Content-Type:application/json; charset=utf-8
111169 [Forwarding findElement on session 39e7cc50d215a8b5f2241b1affafa6c4 to remote] DEBUG org.apache.http.headers  - http-outgoing-81 << Connection:close
111169 [Forwarding findElement on session 39e7cc50d215a8b5f2241b1affafa6c4 to remote] DEBUG org.apache.http.impl.conn.DefaultManagedHttpClientConnection  - http-outgoing-81: Close connection
111169 [Forwarding findElement on session 39e7cc50d215a8b5f2241b1affafa6c4 to remote] DEBUG org.apache.http.impl.execchain.MainClientExec  - Connection discarded
111170 [Forwarding findElement on session 39e7cc50d215a8b5f2241b1affafa6c4 to remote] DEBUG org.apache.http.impl.conn.PoolingHttpClientConnectionManager  - Connection released: [id: 81][route: {}->http://localhost:40784][total kept alive: 0; route allocated: 0 of 2000; total allocated: 0 of 2000]
111171 [Forwarding clickElement on session 39e7cc50d215a8b5f2241b1affafa6c4 to remote] DEBUG org.apache.http.client.protocol.RequestAddCookies  - CookieSpec selected: default
111171 [Forwarding clickElement on session 39e7cc50d215a8b5f2241b1affafa6c4 to remote] DEBUG org.apache.http.client.protocol.RequestAuthCache  - Auth cache not set in the context
111171 [Forwarding clickElement on session 39e7cc50d215a8b5f2241b1affafa6c4 to remote] DEBUG org.apache.http.impl.conn.PoolingHttpClientConnectionManager  - Connection request: [route: {}->http://localhost:40784][total kept alive: 0; route allocated: 0 of 2000; total allocated: 0 of 2000]
111171 [Forwarding clickElement on session 39e7cc50d215a8b5f2241b1affafa6c4 to remote] DEBUG org.apache.http.impl.conn.PoolingHttpClientConnectionManager  - Connection leased: [id: 82][route: {}->http://localhost:40784][total kept alive: 0; route allocated: 1 of 2000; total allocated: 1 of 2000]
111171 [Forwarding clickElement on session 39e7cc50d215a8b5f2241b1affafa6c4 to remote] DEBUG org.apache.http.impl.execchain.MainClientExec  - Opening connection {}->http://localhost:40784
111171 [Forwarding clickElement on session 39e7cc50d215a8b5f2241b1affafa6c4 to remote] DEBUG org.apache.http.impl.conn.DefaultHttpClientConnectionOperator  - Connecting to localhost/127.0.0.1:40784
111172 [Forwarding clickElement on session 39e7cc50d215a8b5f2241b1affafa6c4 to remote] DEBUG org.apache.http.impl.conn.DefaultHttpClientConnectionOperator  - Connection established 127.0.0.1:62396<->127.0.0.1:40784
111172 [Forwarding clickElement on session 39e7cc50d215a8b5f2241b1affafa6c4 to remote] DEBUG org.apache.http.impl.conn.DefaultManagedHttpClientConnection  - http-outgoing-82: set socket timeout to 10800000
111172 [Forwarding clickElement on session 39e7cc50d215a8b5f2241b1affafa6c4 to remote] DEBUG org.apache.http.impl.execchain.MainClientExec  - Executing request POST /session/39e7cc50d215a8b5f2241b1affafa6c4/element/0.09723359818044419-3/click HTTP/1.1
111172 [Forwarding clickElement on session 39e7cc50d215a8b5f2241b1affafa6c4 to remote] DEBUG org.apache.http.impl.execchain.MainClientExec  - Target auth state: UNCHALLENGED
111172 [Forwarding clickElement on session 39e7cc50d215a8b5f2241b1affafa6c4 to remote] DEBUG org.apache.http.impl.execchain.MainClientExec  - Proxy auth state: UNCHALLENGED
111172 [Forwarding clickElement on session 39e7cc50d215a8b5f2241b1affafa6c4 to remote] DEBUG org.apache.http.headers  - http-outgoing-82 >> POST /session/39e7cc50d215a8b5f2241b1affafa6c4/element/0.09723359818044419-3/click HTTP/1.1
111172 [Forwarding clickElement on session 39e7cc50d215a8b5f2241b1affafa6c4 to remote] DEBUG org.apache.http.headers  - http-outgoing-82 >> Content-Type: application/json; charset=utf-8
111172 [Forwarding clickElement on session 39e7cc50d215a8b5f2241b1affafa6c4 to remote] DEBUG org.apache.http.headers  - http-outgoing-82 >> Content-Length: 30
111172 [Forwarding clickElement on session 39e7cc50d215a8b5f2241b1affafa6c4 to remote] DEBUG org.apache.http.headers  - http-outgoing-82 >> Host: localhost:40784
111172 [Forwarding clickElement on session 39e7cc50d215a8b5f2241b1affafa6c4 to remote] DEBUG org.apache.http.headers  - http-outgoing-82 >> Connection: Keep-Alive
111172 [Forwarding clickElement on session 39e7cc50d215a8b5f2241b1affafa6c4 to remote] DEBUG org.apache.http.headers  - http-outgoing-82 >> User-Agent: Apache-HttpClient/4.5.1 (Java/1.8.0_112)
111172 [Forwarding clickElement on session 39e7cc50d215a8b5f2241b1affafa6c4 to remote] DEBUG org.apache.http.headers  - http-outgoing-82 >> Accept-Encoding: gzip,deflate
111172 [Forwarding clickElement on session 39e7cc50d215a8b5f2241b1affafa6c4 to remote] DEBUG org.apache.http.wire  - http-outgoing-82 >> "POST /session/39e7cc50d215a8b5f2241b1affafa6c4/element/0.09723359818044419-3/click HTTP/1.1[\r][\n]"
111172 [Forwarding clickElement on session 39e7cc50d215a8b5f2241b1affafa6c4 to remote] DEBUG org.apache.http.wire  - http-outgoing-82 >> "Content-Type: application/json; charset=utf-8[\r][\n]"
111172 [Forwarding clickElement on session 39e7cc50d215a8b5f2241b1affafa6c4 to remote] DEBUG org.apache.http.wire  - http-outgoing-82 >> "Content-Length: 30[\r][\n]"
111172 [Forwarding clickElement on session 39e7cc50d215a8b5f2241b1affafa6c4 to remote] DEBUG org.apache.http.wire  - http-outgoing-82 >> "Host: localhost:40784[\r][\n]"
111172 [Forwarding clickElement on session 39e7cc50d215a8b5f2241b1affafa6c4 to remote] DEBUG org.apache.http.wire  - http-outgoing-82 >> "Connection: Keep-Alive[\r][\n]"
111172 [Forwarding clickElement on session 39e7cc50d215a8b5f2241b1affafa6c4 to remote] DEBUG org.apache.http.wire  - http-outgoing-82 >> "User-Agent: Apache-HttpClient/4.5.1 (Java/1.8.0_112)[\r][\n]"
111172 [Forwarding clickElement on session 39e7cc50d215a8b5f2241b1affafa6c4 to remote] DEBUG org.apache.http.wire  - http-outgoing-82 >> "Accept-Encoding: gzip,deflate[\r][\n]"
111172 [Forwarding clickElement on session 39e7cc50d215a8b5f2241b1affafa6c4 to remote] DEBUG org.apache.http.wire  - http-outgoing-82 >> "[\r][\n]"
111173 [Forwarding clickElement on session 39e7cc50d215a8b5f2241b1affafa6c4 to remote] DEBUG org.apache.http.wire  - http-outgoing-82 >> "{"id":"0.09723359818044419-3"}"
116752 [Forwarding clickElement on session 39e7cc50d215a8b5f2241b1affafa6c4 to remote] DEBUG org.apache.http.wire  - http-outgoing-82 << "HTTP/1.1 200 OK[\r][\n]"
116753 [Forwarding clickElement on session 39e7cc50d215a8b5f2241b1affafa6c4 to remote] DEBUG org.apache.http.wire  - http-outgoing-82 << "Content-Length:72[\r][\n]"
116753 [Forwarding clickElement on session 39e7cc50d215a8b5f2241b1affafa6c4 to remote] DEBUG org.apache.http.wire  - http-outgoing-82 << "Content-Type:application/json; charset=utf-8[\r][\n]"
116753 [Forwarding clickElement on session 39e7cc50d215a8b5f2241b1affafa6c4 to remote] DEBUG org.apache.http.wire  - http-outgoing-82 << "Connection:close[\r][\n]"
116753 [Forwarding clickElement on session 39e7cc50d215a8b5f2241b1affafa6c4 to remote] DEBUG org.apache.http.wire  - http-outgoing-82 << "[\r][\n]"
116753 [Forwarding clickElement on session 39e7cc50d215a8b5f2241b1affafa6c4 to remote] DEBUG org.apache.http.wire  - http-outgoing-82 << "{"sessionId":"39e7cc50d215a8b5f2241b1affafa6c4","status":0,"value":null}"
116753 [Forwarding clickElement on session 39e7cc50d215a8b5f2241b1affafa6c4 to remote] DEBUG org.apache.http.headers  - http-outgoing-82 << HTTP/1.1 200 OK
116753 [Forwarding clickElement on session 39e7cc50d215a8b5f2241b1affafa6c4 to remote] DEBUG org.apache.http.headers  - http-outgoing-82 << Content-Length:72
116753 [Forwarding clickElement on session 39e7cc50d215a8b5f2241b1affafa6c4 to remote] DEBUG org.apache.http.headers  - http-outgoing-82 << Content-Type:application/json; charset=utf-8
116753 [Forwarding clickElement on session 39e7cc50d215a8b5f2241b1affafa6c4 to remote] DEBUG org.apache.http.headers  - http-outgoing-82 << Connection:close
116753 [Forwarding clickElement on session 39e7cc50d215a8b5f2241b1affafa6c4 to remote] DEBUG org.apache.http.impl.conn.DefaultManagedHttpClientConnection  - http-outgoing-82: Close connection
116754 [Forwarding clickElement on session 39e7cc50d215a8b5f2241b1affafa6c4 to remote] DEBUG org.apache.http.impl.execchain.MainClientExec  - Connection discarded
116754 [Forwarding clickElement on session 39e7cc50d215a8b5f2241b1affafa6c4 to remote] DEBUG org.apache.http.impl.conn.PoolingHttpClientConnectionManager  - Connection released: [id: 82][route: {}->http://localhost:40784][total kept alive: 0; route allocated: 0 of 2000; total allocated: 0 of 2000]
118757 [Forwarding findElement on session 39e7cc50d215a8b5f2241b1affafa6c4 to remote] DEBUG org.apache.http.client.protocol.RequestAddCookies  - CookieSpec selected: default
118757 [Forwarding findElement on session 39e7cc50d215a8b5f2241b1affafa6c4 to remote] DEBUG org.apache.http.client.protocol.RequestAuthCache  - Auth cache not set in the context
118757 [Forwarding findElement on session 39e7cc50d215a8b5f2241b1affafa6c4 to remote] DEBUG org.apache.http.impl.conn.PoolingHttpClientConnectionManager  - Connection request: [route: {}->http://localhost:40784][total kept alive: 0; route allocated: 0 of 2000; total allocated: 0 of 2000]
118758 [Forwarding findElement on session 39e7cc50d215a8b5f2241b1affafa6c4 to remote] DEBUG org.apache.http.impl.conn.PoolingHttpClientConnectionManager  - Connection leased: [id: 83][route: {}->http://localhost:40784][total kept alive: 0; route allocated: 1 of 2000; total allocated: 1 of 2000]
118758 [Forwarding findElement on session 39e7cc50d215a8b5f2241b1affafa6c4 to remote] DEBUG org.apache.http.impl.execchain.MainClientExec  - Opening connection {}->http://localhost:40784
118758 [Forwarding findElement on session 39e7cc50d215a8b5f2241b1affafa6c4 to remote] DEBUG org.apache.http.impl.conn.DefaultHttpClientConnectionOperator  - Connecting to localhost/127.0.0.1:40784
118760 [Forwarding findElement on session 39e7cc50d215a8b5f2241b1affafa6c4 to remote] DEBUG org.apache.http.impl.conn.DefaultHttpClientConnectionOperator  - Connection established 127.0.0.1:62413<->127.0.0.1:40784
118761 [Forwarding findElement on session 39e7cc50d215a8b5f2241b1affafa6c4 to remote] DEBUG org.apache.http.impl.conn.DefaultManagedHttpClientConnection  - http-outgoing-83: set socket timeout to 10800000
118761 [Forwarding findElement on session 39e7cc50d215a8b5f2241b1affafa6c4 to remote] DEBUG org.apache.http.impl.execchain.MainClientExec  - Executing request POST /session/39e7cc50d215a8b5f2241b1affafa6c4/element HTTP/1.1
118762 [Forwarding findElement on session 39e7cc50d215a8b5f2241b1affafa6c4 to remote] DEBUG org.apache.http.impl.execchain.MainClientExec  - Target auth state: UNCHALLENGED
118762 [Forwarding findElement on session 39e7cc50d215a8b5f2241b1affafa6c4 to remote] DEBUG org.apache.http.impl.execchain.MainClientExec  - Proxy auth state: UNCHALLENGED
118762 [Forwarding findElement on session 39e7cc50d215a8b5f2241b1affafa6c4 to remote] DEBUG org.apache.http.headers  - http-outgoing-83 >> POST /session/39e7cc50d215a8b5f2241b1affafa6c4/element HTTP/1.1
118762 [Forwarding findElement on session 39e7cc50d215a8b5f2241b1affafa6c4 to remote] DEBUG org.apache.http.headers  - http-outgoing-83 >> Content-Type: application/json; charset=utf-8
118763 [Forwarding findElement on session 39e7cc50d215a8b5f2241b1affafa6c4 to remote] DEBUG org.apache.http.headers  - http-outgoing-83 >> Content-Length: 139
118763 [Forwarding findElement on session 39e7cc50d215a8b5f2241b1affafa6c4 to remote] DEBUG org.apache.http.headers  - http-outgoing-83 >> Host: localhost:40784
118763 [Forwarding findElement on session 39e7cc50d215a8b5f2241b1affafa6c4 to remote] DEBUG org.apache.http.headers  - http-outgoing-83 >> Connection: Keep-Alive
118763 [Forwarding findElement on session 39e7cc50d215a8b5f2241b1affafa6c4 to remote] DEBUG org.apache.http.headers  - http-outgoing-83 >> User-Agent: Apache-HttpClient/4.5.1 (Java/1.8.0_112)
118763 [Forwarding findElement on session 39e7cc50d215a8b5f2241b1affafa6c4 to remote] DEBUG org.apache.http.headers  - http-outgoing-83 >> Accept-Encoding: gzip,deflate
118763 [Forwarding findElement on session 39e7cc50d215a8b5f2241b1affafa6c4 to remote] DEBUG org.apache.http.wire  - http-outgoing-83 >> "POST /session/39e7cc50d215a8b5f2241b1affafa6c4/element HTTP/1.1[\r][\n]"
118763 [Forwarding findElement on session 39e7cc50d215a8b5f2241b1affafa6c4 to remote] DEBUG org.apache.http.wire  - http-outgoing-83 >> "Content-Type: application/json; charset=utf-8[\r][\n]"
118763 [Forwarding findElement on session 39e7cc50d215a8b5f2241b1affafa6c4 to remote] DEBUG org.apache.http.wire  - http-outgoing-83 >> "Content-Length: 139[\r][\n]"
118763 [Forwarding findElement on session 39e7cc50d215a8b5f2241b1affafa6c4 to remote] DEBUG org.apache.http.wire  - http-outgoing-83 >> "Host: localhost:40784[\r][\n]"
118763 [Forwarding findElement on session 39e7cc50d215a8b5f2241b1affafa6c4 to remote] DEBUG org.apache.http.wire  - http-outgoing-83 >> "Connection: Keep-Alive[\r][\n]"
118763 [Forwarding findElement on session 39e7cc50d215a8b5f2241b1affafa6c4 to remote] DEBUG org.apache.http.wire  - http-outgoing-83 >> "User-Agent: Apache-HttpClient/4.5.1 (Java/1.8.0_112)[\r][\n]"
118763 [Forwarding findElement on session 39e7cc50d215a8b5f2241b1affafa6c4 to remote] DEBUG org.apache.http.wire  - http-outgoing-83 >> "Accept-Encoding: gzip,deflate[\r][\n]"
118763 [Forwarding findElement on session 39e7cc50d215a8b5f2241b1affafa6c4 to remote] DEBUG org.apache.http.wire  - http-outgoing-83 >> "[\r][\n]"
118763 [Forwarding findElement on session 39e7cc50d215a8b5f2241b1affafa6c4 to remote] DEBUG org.apache.http.wire  - http-outgoing-83 >> "{"using":"xpath","value":"(/html//ul[@class='RecentlyUpdatedContent_listContainerStyle_3Vv']/li/div/div[@class='update-item-title']/a)[1]"}"
118823 [Forwarding findElement on session 39e7cc50d215a8b5f2241b1affafa6c4 to remote] DEBUG org.apache.http.wire  - http-outgoing-83 << "HTTP/1.1 200 OK[\r][\n]"
118823 [Forwarding findElement on session 39e7cc50d215a8b5f2241b1affafa6c4 to remote] DEBUG org.apache.http.wire  - http-outgoing-83 << "Content-Length:102[\r][\n]"
118823 [Forwarding findElement on session 39e7cc50d215a8b5f2241b1affafa6c4 to remote] DEBUG org.apache.http.wire  - http-outgoing-83 << "Content-Type:application/json; charset=utf-8[\r][\n]"
118823 [Forwarding findElement on session 39e7cc50d215a8b5f2241b1affafa6c4 to remote] DEBUG org.apache.http.wire  - http-outgoing-83 << "Connection:close[\r][\n]"
118823 [Forwarding findElement on session 39e7cc50d215a8b5f2241b1affafa6c4 to remote] DEBUG org.apache.http.wire  - http-outgoing-83 << "[\r][\n]"
118823 [Forwarding findElement on session 39e7cc50d215a8b5f2241b1affafa6c4 to remote] DEBUG org.apache.http.wire  - http-outgoing-83 << "{"sessionId":"39e7cc50d215a8b5f2241b1affafa6c4","status":0,"value":{"ELEMENT":"0.5101847186164987-1"}}"
118823 [Forwarding findElement on session 39e7cc50d215a8b5f2241b1affafa6c4 to remote] DEBUG org.apache.http.headers  - http-outgoing-83 << HTTP/1.1 200 OK
118824 [Forwarding findElement on session 39e7cc50d215a8b5f2241b1affafa6c4 to remote] DEBUG org.apache.http.headers  - http-outgoing-83 << Content-Length:102
118824 [Forwarding findElement on session 39e7cc50d215a8b5f2241b1affafa6c4 to remote] DEBUG org.apache.http.headers  - http-outgoing-83 << Content-Type:application/json; charset=utf-8
118824 [Forwarding findElement on session 39e7cc50d215a8b5f2241b1affafa6c4 to remote] DEBUG org.apache.http.headers  - http-outgoing-83 << Connection:close
118824 [Forwarding findElement on session 39e7cc50d215a8b5f2241b1affafa6c4 to remote] DEBUG org.apache.http.impl.conn.DefaultManagedHttpClientConnection  - http-outgoing-83: Close connection
118824 [Forwarding findElement on session 39e7cc50d215a8b5f2241b1affafa6c4 to remote] DEBUG org.apache.http.impl.execchain.MainClientExec  - Connection discarded
118824 [Forwarding findElement on session 39e7cc50d215a8b5f2241b1affafa6c4 to remote] DEBUG org.apache.http.impl.conn.PoolingHttpClientConnectionManager  - Connection released: [id: 83][route: {}->http://localhost:40784][total kept alive: 0; route allocated: 0 of 2000; total allocated: 0 of 2000]
118826 [Forwarding clickElement on session 39e7cc50d215a8b5f2241b1affafa6c4 to remote] DEBUG org.apache.http.client.protocol.RequestAddCookies  - CookieSpec selected: default
118826 [Forwarding clickElement on session 39e7cc50d215a8b5f2241b1affafa6c4 to remote] DEBUG org.apache.http.client.protocol.RequestAuthCache  - Auth cache not set in the context
118826 [Forwarding clickElement on session 39e7cc50d215a8b5f2241b1affafa6c4 to remote] DEBUG org.apache.http.impl.conn.PoolingHttpClientConnectionManager  - Connection request: [route: {}->http://localhost:40784][total kept alive: 0; route allocated: 0 of 2000; total allocated: 0 of 2000]
118826 [Forwarding clickElement on session 39e7cc50d215a8b5f2241b1affafa6c4 to remote] DEBUG org.apache.http.impl.conn.PoolingHttpClientConnectionManager  - Connection leased: [id: 84][route: {}->http://localhost:40784][total kept alive: 0; route allocated: 1 of 2000; total allocated: 1 of 2000]
118826 [Forwarding clickElement on session 39e7cc50d215a8b5f2241b1affafa6c4 to remote] DEBUG org.apache.http.impl.execchain.MainClientExec  - Opening connection {}->http://localhost:40784
118826 [Forwarding clickElement on session 39e7cc50d215a8b5f2241b1affafa6c4 to remote] DEBUG org.apache.http.impl.conn.DefaultHttpClientConnectionOperator  - Connecting to localhost/127.0.0.1:40784
118827 [Forwarding clickElement on session 39e7cc50d215a8b5f2241b1affafa6c4 to remote] DEBUG org.apache.http.impl.conn.DefaultHttpClientConnectionOperator  - Connection established 127.0.0.1:62414<->127.0.0.1:40784
118827 [Forwarding clickElement on session 39e7cc50d215a8b5f2241b1affafa6c4 to remote] DEBUG org.apache.http.impl.conn.DefaultManagedHttpClientConnection  - http-outgoing-84: set socket timeout to 10800000
118827 [Forwarding clickElement on session 39e7cc50d215a8b5f2241b1affafa6c4 to remote] DEBUG org.apache.http.impl.execchain.MainClientExec  - Executing request POST /session/39e7cc50d215a8b5f2241b1affafa6c4/element/0.5101847186164987-1/click HTTP/1.1
118827 [Forwarding clickElement on session 39e7cc50d215a8b5f2241b1affafa6c4 to remote] DEBUG org.apache.http.impl.execchain.MainClientExec  - Target auth state: UNCHALLENGED
118827 [Forwarding clickElement on session 39e7cc50d215a8b5f2241b1affafa6c4 to remote] DEBUG org.apache.http.impl.execchain.MainClientExec  - Proxy auth state: UNCHALLENGED
118827 [Forwarding clickElement on session 39e7cc50d215a8b5f2241b1affafa6c4 to remote] DEBUG org.apache.http.headers  - http-outgoing-84 >> POST /session/39e7cc50d215a8b5f2241b1affafa6c4/element/0.5101847186164987-1/click HTTP/1.1
118827 [Forwarding clickElement on session 39e7cc50d215a8b5f2241b1affafa6c4 to remote] DEBUG org.apache.http.headers  - http-outgoing-84 >> Content-Type: application/json; charset=utf-8
118827 [Forwarding clickElement on session 39e7cc50d215a8b5f2241b1affafa6c4 to remote] DEBUG org.apache.http.headers  - http-outgoing-84 >> Content-Length: 29
118827 [Forwarding clickElement on session 39e7cc50d215a8b5f2241b1affafa6c4 to remote] DEBUG org.apache.http.headers  - http-outgoing-84 >> Host: localhost:40784
118827 [Forwarding clickElement on session 39e7cc50d215a8b5f2241b1affafa6c4 to remote] DEBUG org.apache.http.headers  - http-outgoing-84 >> Connection: Keep-Alive
118827 [Forwarding clickElement on session 39e7cc50d215a8b5f2241b1affafa6c4 to remote] DEBUG org.apache.http.headers  - http-outgoing-84 >> User-Agent: Apache-HttpClient/4.5.1 (Java/1.8.0_112)
118827 [Forwarding clickElement on session 39e7cc50d215a8b5f2241b1affafa6c4 to remote] DEBUG org.apache.http.headers  - http-outgoing-84 >> Accept-Encoding: gzip,deflate
118827 [Forwarding clickElement on session 39e7cc50d215a8b5f2241b1affafa6c4 to remote] DEBUG org.apache.http.wire  - http-outgoing-84 >> "POST /session/39e7cc50d215a8b5f2241b1affafa6c4/element/0.5101847186164987-1/click HTTP/1.1[\r][\n]"
118827 [Forwarding clickElement on session 39e7cc50d215a8b5f2241b1affafa6c4 to remote] DEBUG org.apache.http.wire  - http-outgoing-84 >> "Content-Type: application/json; charset=utf-8[\r][\n]"
118827 [Forwarding clickElement on session 39e7cc50d215a8b5f2241b1affafa6c4 to remote] DEBUG org.apache.http.wire  - http-outgoing-84 >> "Content-Length: 29[\r][\n]"
118827 [Forwarding clickElement on session 39e7cc50d215a8b5f2241b1affafa6c4 to remote] DEBUG org.apache.http.wire  - http-outgoing-84 >> "Host: localhost:40784[\r][\n]"
118827 [Forwarding clickElement on session 39e7cc50d215a8b5f2241b1affafa6c4 to remote] DEBUG org.apache.http.wire  - http-outgoing-84 >> "Connection: Keep-Alive[\r][\n]"
118827 [Forwarding clickElement on session 39e7cc50d215a8b5f2241b1affafa6c4 to remote] DEBUG org.apache.http.wire  - http-outgoing-84 >> "User-Agent: Apache-HttpClient/4.5.1 (Java/1.8.0_112)[\r][\n]"
118827 [Forwarding clickElement on session 39e7cc50d215a8b5f2241b1affafa6c4 to remote] DEBUG org.apache.http.wire  - http-outgoing-84 >> "Accept-Encoding: gzip,deflate[\r][\n]"
118827 [Forwarding clickElement on session 39e7cc50d215a8b5f2241b1affafa6c4 to remote] DEBUG org.apache.http.wire  - http-outgoing-84 >> "[\r][\n]"
118827 [Forwarding clickElement on session 39e7cc50d215a8b5f2241b1affafa6c4 to remote] DEBUG org.apache.http.wire  - http-outgoing-84 >> "{"id":"0.5101847186164987-1"}"
120770 [Forwarding clickElement on session 39e7cc50d215a8b5f2241b1affafa6c4 to remote] DEBUG org.apache.http.wire  - http-outgoing-84 << "HTTP/1.1 200 OK[\r][\n]"
120770 [Forwarding clickElement on session 39e7cc50d215a8b5f2241b1affafa6c4 to remote] DEBUG org.apache.http.wire  - http-outgoing-84 << "Content-Length:72[\r][\n]"
120770 [Forwarding clickElement on session 39e7cc50d215a8b5f2241b1affafa6c4 to remote] DEBUG org.apache.http.wire  - http-outgoing-84 << "Content-Type:application/json; charset=utf-8[\r][\n]"
120770 [Forwarding clickElement on session 39e7cc50d215a8b5f2241b1affafa6c4 to remote] DEBUG org.apache.http.wire  - http-outgoing-84 << "Connection:close[\r][\n]"
120771 [Forwarding clickElement on session 39e7cc50d215a8b5f2241b1affafa6c4 to remote] DEBUG org.apache.http.wire  - http-outgoing-84 << "[\r][\n]"
120771 [Forwarding clickElement on session 39e7cc50d215a8b5f2241b1affafa6c4 to remote] DEBUG org.apache.http.wire  - http-outgoing-84 << "{"sessionId":"39e7cc50d215a8b5f2241b1affafa6c4","status":0,"value":null}"
120771 [Forwarding clickElement on session 39e7cc50d215a8b5f2241b1affafa6c4 to remote] DEBUG org.apache.http.headers  - http-outgoing-84 << HTTP/1.1 200 OK
120771 [Forwarding clickElement on session 39e7cc50d215a8b5f2241b1affafa6c4 to remote] DEBUG org.apache.http.headers  - http-outgoing-84 << Content-Length:72
120771 [Forwarding clickElement on session 39e7cc50d215a8b5f2241b1affafa6c4 to remote] DEBUG org.apache.http.headers  - http-outgoing-84 << Content-Type:application/json; charset=utf-8
120771 [Forwarding clickElement on session 39e7cc50d215a8b5f2241b1affafa6c4 to remote] DEBUG org.apache.http.headers  - http-outgoing-84 << Connection:close
120772 [Forwarding clickElement on session 39e7cc50d215a8b5f2241b1affafa6c4 to remote] DEBUG org.apache.http.impl.conn.DefaultManagedHttpClientConnection  - http-outgoing-84: Close connection
120772 [Forwarding clickElement on session 39e7cc50d215a8b5f2241b1affafa6c4 to remote] DEBUG org.apache.http.impl.execchain.MainClientExec  - Connection discarded
120773 [Forwarding clickElement on session 39e7cc50d215a8b5f2241b1affafa6c4 to remote] DEBUG org.apache.http.impl.conn.PoolingHttpClientConnectionManager  - Connection released: [id: 84][route: {}->http://localhost:40784][total kept alive: 0; route allocated: 0 of 2000; total allocated: 0 of 2000]
122777 [Forwarding findElement on session 39e7cc50d215a8b5f2241b1affafa6c4 to remote] DEBUG org.apache.http.client.protocol.RequestAddCookies  - CookieSpec selected: default
122777 [Forwarding findElement on session 39e7cc50d215a8b5f2241b1affafa6c4 to remote] DEBUG org.apache.http.client.protocol.RequestAuthCache  - Auth cache not set in the context
122778 [Forwarding findElement on session 39e7cc50d215a8b5f2241b1affafa6c4 to remote] DEBUG org.apache.http.impl.conn.PoolingHttpClientConnectionManager  - Connection request: [route: {}->http://localhost:40784][total kept alive: 0; route allocated: 0 of 2000; total allocated: 0 of 2000]
122779 [Forwarding findElement on session 39e7cc50d215a8b5f2241b1affafa6c4 to remote] DEBUG org.apache.http.impl.conn.PoolingHttpClientConnectionManager  - Connection leased: [id: 85][route: {}->http://localhost:40784][total kept alive: 0; route allocated: 1 of 2000; total allocated: 1 of 2000]
122779 [Forwarding findElement on session 39e7cc50d215a8b5f2241b1affafa6c4 to remote] DEBUG org.apache.http.impl.execchain.MainClientExec  - Opening connection {}->http://localhost:40784
122780 [Forwarding findElement on session 39e7cc50d215a8b5f2241b1affafa6c4 to remote] DEBUG org.apache.http.impl.conn.DefaultHttpClientConnectionOperator  - Connecting to localhost/127.0.0.1:40784
122782 [Forwarding findElement on session 39e7cc50d215a8b5f2241b1affafa6c4 to remote] DEBUG org.apache.http.impl.conn.DefaultHttpClientConnectionOperator  - Connection established 127.0.0.1:62415<->127.0.0.1:40784
122782 [Forwarding findElement on session 39e7cc50d215a8b5f2241b1affafa6c4 to remote] DEBUG org.apache.http.impl.conn.DefaultManagedHttpClientConnection  - http-outgoing-85: set socket timeout to 10800000
122782 [Forwarding findElement on session 39e7cc50d215a8b5f2241b1affafa6c4 to remote] DEBUG org.apache.http.impl.execchain.MainClientExec  - Executing request POST /session/39e7cc50d215a8b5f2241b1affafa6c4/element HTTP/1.1
122782 [Forwarding findElement on session 39e7cc50d215a8b5f2241b1affafa6c4 to remote] DEBUG org.apache.http.impl.execchain.MainClientExec  - Target auth state: UNCHALLENGED
122782 [Forwarding findElement on session 39e7cc50d215a8b5f2241b1affafa6c4 to remote] DEBUG org.apache.http.impl.execchain.MainClientExec  - Proxy auth state: UNCHALLENGED
122782 [Forwarding findElement on session 39e7cc50d215a8b5f2241b1affafa6c4 to remote] DEBUG org.apache.http.headers  - http-outgoing-85 >> POST /session/39e7cc50d215a8b5f2241b1affafa6c4/element HTTP/1.1
122782 [Forwarding findElement on session 39e7cc50d215a8b5f2241b1affafa6c4 to remote] DEBUG org.apache.http.headers  - http-outgoing-85 >> Content-Type: application/json; charset=utf-8
122783 [Forwarding findElement on session 39e7cc50d215a8b5f2241b1affafa6c4 to remote] DEBUG org.apache.http.headers  - http-outgoing-85 >> Content-Length: 59
122783 [Forwarding findElement on session 39e7cc50d215a8b5f2241b1affafa6c4 to remote] DEBUG org.apache.http.headers  - http-outgoing-85 >> Host: localhost:40784
122783 [Forwarding findElement on session 39e7cc50d215a8b5f2241b1affafa6c4 to remote] DEBUG org.apache.http.headers  - http-outgoing-85 >> Connection: Keep-Alive
122783 [Forwarding findElement on session 39e7cc50d215a8b5f2241b1affafa6c4 to remote] DEBUG org.apache.http.headers  - http-outgoing-85 >> User-Agent: Apache-HttpClient/4.5.1 (Java/1.8.0_112)
122783 [Forwarding findElement on session 39e7cc50d215a8b5f2241b1affafa6c4 to remote] DEBUG org.apache.http.headers  - http-outgoing-85 >> Accept-Encoding: gzip,deflate
122783 [Forwarding findElement on session 39e7cc50d215a8b5f2241b1affafa6c4 to remote] DEBUG org.apache.http.wire  - http-outgoing-85 >> "POST /session/39e7cc50d215a8b5f2241b1affafa6c4/element HTTP/1.1[\r][\n]"
122783 [Forwarding findElement on session 39e7cc50d215a8b5f2241b1affafa6c4 to remote] DEBUG org.apache.http.wire  - http-outgoing-85 >> "Content-Type: application/json; charset=utf-8[\r][\n]"
122783 [Forwarding findElement on session 39e7cc50d215a8b5f2241b1affafa6c4 to remote] DEBUG org.apache.http.wire  - http-outgoing-85 >> "Content-Length: 59[\r][\n]"
122783 [Forwarding findElement on session 39e7cc50d215a8b5f2241b1affafa6c4 to remote] DEBUG org.apache.http.wire  - http-outgoing-85 >> "Host: localhost:40784[\r][\n]"
122783 [Forwarding findElement on session 39e7cc50d215a8b5f2241b1affafa6c4 to remote] DEBUG org.apache.http.wire  - http-outgoing-85 >> "Connection: Keep-Alive[\r][\n]"
122783 [Forwarding findElement on session 39e7cc50d215a8b5f2241b1affafa6c4 to remote] DEBUG org.apache.http.wire  - http-outgoing-85 >> "User-Agent: Apache-HttpClient/4.5.1 (Java/1.8.0_112)[\r][\n]"
122784 [Forwarding findElement on session 39e7cc50d215a8b5f2241b1affafa6c4 to remote] DEBUG org.apache.http.wire  - http-outgoing-85 >> "Accept-Encoding: gzip,deflate[\r][\n]"
122784 [Forwarding findElement on session 39e7cc50d215a8b5f2241b1affafa6c4 to remote] DEBUG org.apache.http.wire  - http-outgoing-85 >> "[\r][\n]"
122784 [Forwarding findElement on session 39e7cc50d215a8b5f2241b1affafa6c4 to remote] DEBUG org.apache.http.wire  - http-outgoing-85 >> "{"using":"id","value":"content-metadata-page-restrictions"}"
122842 [Forwarding findElement on session 39e7cc50d215a8b5f2241b1affafa6c4 to remote] DEBUG org.apache.http.wire  - http-outgoing-85 << "HTTP/1.1 200 OK[\r][\n]"
122842 [Forwarding findElement on session 39e7cc50d215a8b5f2241b1affafa6c4 to remote] DEBUG org.apache.http.wire  - http-outgoing-85 << "Content-Length:102[\r][\n]"
122842 [Forwarding findElement on session 39e7cc50d215a8b5f2241b1affafa6c4 to remote] DEBUG org.apache.http.wire  - http-outgoing-85 << "Content-Type:application/json; charset=utf-8[\r][\n]"
122842 [Forwarding findElement on session 39e7cc50d215a8b5f2241b1affafa6c4 to remote] DEBUG org.apache.http.wire  - http-outgoing-85 << "Connection:close[\r][\n]"
122842 [Forwarding findElement on session 39e7cc50d215a8b5f2241b1affafa6c4 to remote] DEBUG org.apache.http.wire  - http-outgoing-85 << "[\r][\n]"
122842 [Forwarding findElement on session 39e7cc50d215a8b5f2241b1affafa6c4 to remote] DEBUG org.apache.http.wire  - http-outgoing-85 << "{"sessionId":"39e7cc50d215a8b5f2241b1affafa6c4","status":0,"value":{"ELEMENT":"0.8855124148360078-1"}}"
122842 [Forwarding findElement on session 39e7cc50d215a8b5f2241b1affafa6c4 to remote] DEBUG org.apache.http.headers  - http-outgoing-85 << HTTP/1.1 200 OK
122842 [Forwarding findElement on session 39e7cc50d215a8b5f2241b1affafa6c4 to remote] DEBUG org.apache.http.headers  - http-outgoing-85 << Content-Length:102
122842 [Forwarding findElement on session 39e7cc50d215a8b5f2241b1affafa6c4 to remote] DEBUG org.apache.http.headers  - http-outgoing-85 << Content-Type:application/json; charset=utf-8
122842 [Forwarding findElement on session 39e7cc50d215a8b5f2241b1affafa6c4 to remote] DEBUG org.apache.http.headers  - http-outgoing-85 << Connection:close
122842 [Forwarding findElement on session 39e7cc50d215a8b5f2241b1affafa6c4 to remote] DEBUG org.apache.http.impl.conn.DefaultManagedHttpClientConnection  - http-outgoing-85: Close connection
122843 [Forwarding findElement on session 39e7cc50d215a8b5f2241b1affafa6c4 to remote] DEBUG org.apache.http.impl.execchain.MainClientExec  - Connection discarded
122843 [Forwarding findElement on session 39e7cc50d215a8b5f2241b1affafa6c4 to remote] DEBUG org.apache.http.impl.conn.PoolingHttpClientConnectionManager  - Connection released: [id: 85][route: {}->http://localhost:40784][total kept alive: 0; route allocated: 0 of 2000; total allocated: 0 of 2000]
122848 [Forwarding clickElement on session 39e7cc50d215a8b5f2241b1affafa6c4 to remote] DEBUG org.apache.http.client.protocol.RequestAddCookies  - CookieSpec selected: default
122848 [Forwarding clickElement on session 39e7cc50d215a8b5f2241b1affafa6c4 to remote] DEBUG org.apache.http.client.protocol.RequestAuthCache  - Auth cache not set in the context
122848 [Forwarding clickElement on session 39e7cc50d215a8b5f2241b1affafa6c4 to remote] DEBUG org.apache.http.impl.conn.PoolingHttpClientConnectionManager  - Connection request: [route: {}->http://localhost:40784][total kept alive: 0; route allocated: 0 of 2000; total allocated: 0 of 2000]
122848 [Forwarding clickElement on session 39e7cc50d215a8b5f2241b1affafa6c4 to remote] DEBUG org.apache.http.impl.conn.PoolingHttpClientConnectionManager  - Connection leased: [id: 86][route: {}->http://localhost:40784][total kept alive: 0; route allocated: 1 of 2000; total allocated: 1 of 2000]
122848 [Forwarding clickElement on session 39e7cc50d215a8b5f2241b1affafa6c4 to remote] DEBUG org.apache.http.impl.execchain.MainClientExec  - Opening connection {}->http://localhost:40784
122849 [Forwarding clickElement on session 39e7cc50d215a8b5f2241b1affafa6c4 to remote] DEBUG org.apache.http.impl.conn.DefaultHttpClientConnectionOperator  - Connecting to localhost/127.0.0.1:40784
122849 [Forwarding clickElement on session 39e7cc50d215a8b5f2241b1affafa6c4 to remote] DEBUG org.apache.http.impl.conn.DefaultHttpClientConnectionOperator  - Connection established 127.0.0.1:62416<->127.0.0.1:40784
122849 [Forwarding clickElement on session 39e7cc50d215a8b5f2241b1affafa6c4 to remote] DEBUG org.apache.http.impl.conn.DefaultManagedHttpClientConnection  - http-outgoing-86: set socket timeout to 10800000
122850 [Forwarding clickElement on session 39e7cc50d215a8b5f2241b1affafa6c4 to remote] DEBUG org.apache.http.impl.execchain.MainClientExec  - Executing request POST /session/39e7cc50d215a8b5f2241b1affafa6c4/element/0.8855124148360078-1/click HTTP/1.1
122850 [Forwarding clickElement on session 39e7cc50d215a8b5f2241b1affafa6c4 to remote] DEBUG org.apache.http.impl.execchain.MainClientExec  - Target auth state: UNCHALLENGED
122850 [Forwarding clickElement on session 39e7cc50d215a8b5f2241b1affafa6c4 to remote] DEBUG org.apache.http.impl.execchain.MainClientExec  - Proxy auth state: UNCHALLENGED
122850 [Forwarding clickElement on session 39e7cc50d215a8b5f2241b1affafa6c4 to remote] DEBUG org.apache.http.headers  - http-outgoing-86 >> POST /session/39e7cc50d215a8b5f2241b1affafa6c4/element/0.8855124148360078-1/click HTTP/1.1
122850 [Forwarding clickElement on session 39e7cc50d215a8b5f2241b1affafa6c4 to remote] DEBUG org.apache.http.headers  - http-outgoing-86 >> Content-Type: application/json; charset=utf-8
122850 [Forwarding clickElement on session 39e7cc50d215a8b5f2241b1affafa6c4 to remote] DEBUG org.apache.http.headers  - http-outgoing-86 >> Content-Length: 29
122850 [Forwarding clickElement on session 39e7cc50d215a8b5f2241b1affafa6c4 to remote] DEBUG org.apache.http.headers  - http-outgoing-86 >> Host: localhost:40784
122850 [Forwarding clickElement on session 39e7cc50d215a8b5f2241b1affafa6c4 to remote] DEBUG org.apache.http.headers  - http-outgoing-86 >> Connection: Keep-Alive
122851 [Forwarding clickElement on session 39e7cc50d215a8b5f2241b1affafa6c4 to remote] DEBUG org.apache.http.headers  - http-outgoing-86 >> User-Agent: Apache-HttpClient/4.5.1 (Java/1.8.0_112)
122851 [Forwarding clickElement on session 39e7cc50d215a8b5f2241b1affafa6c4 to remote] DEBUG org.apache.http.headers  - http-outgoing-86 >> Accept-Encoding: gzip,deflate
122851 [Forwarding clickElement on session 39e7cc50d215a8b5f2241b1affafa6c4 to remote] DEBUG org.apache.http.wire  - http-outgoing-86 >> "POST /session/39e7cc50d215a8b5f2241b1affafa6c4/element/0.8855124148360078-1/click HTTP/1.1[\r][\n]"
122851 [Forwarding clickElement on session 39e7cc50d215a8b5f2241b1affafa6c4 to remote] DEBUG org.apache.http.wire  - http-outgoing-86 >> "Content-Type: application/json; charset=utf-8[\r][\n]"
122851 [Forwarding clickElement on session 39e7cc50d215a8b5f2241b1affafa6c4 to remote] DEBUG org.apache.http.wire  - http-outgoing-86 >> "Content-Length: 29[\r][\n]"
122851 [Forwarding clickElement on session 39e7cc50d215a8b5f2241b1affafa6c4 to remote] DEBUG org.apache.http.wire  - http-outgoing-86 >> "Host: localhost:40784[\r][\n]"
122851 [Forwarding clickElement on session 39e7cc50d215a8b5f2241b1affafa6c4 to remote] DEBUG org.apache.http.wire  - http-outgoing-86 >> "Connection: Keep-Alive[\r][\n]"
122851 [Forwarding clickElement on session 39e7cc50d215a8b5f2241b1affafa6c4 to remote] DEBUG org.apache.http.wire  - http-outgoing-86 >> "User-Agent: Apache-HttpClient/4.5.1 (Java/1.8.0_112)[\r][\n]"
122851 [Forwarding clickElement on session 39e7cc50d215a8b5f2241b1affafa6c4 to remote] DEBUG org.apache.http.wire  - http-outgoing-86 >> "Accept-Encoding: gzip,deflate[\r][\n]"
122851 [Forwarding clickElement on session 39e7cc50d215a8b5f2241b1affafa6c4 to remote] DEBUG org.apache.http.wire  - http-outgoing-86 >> "[\r][\n]"
122851 [Forwarding clickElement on session 39e7cc50d215a8b5f2241b1affafa6c4 to remote] DEBUG org.apache.http.wire  - http-outgoing-86 >> "{"id":"0.8855124148360078-1"}"
122920 [Forwarding clickElement on session 39e7cc50d215a8b5f2241b1affafa6c4 to remote] DEBUG org.apache.http.wire  - http-outgoing-86 << "HTTP/1.1 200 OK[\r][\n]"
122920 [Forwarding clickElement on session 39e7cc50d215a8b5f2241b1affafa6c4 to remote] DEBUG org.apache.http.wire  - http-outgoing-86 << "Content-Length:659[\r][\n]"
122920 [Forwarding clickElement on session 39e7cc50d215a8b5f2241b1affafa6c4 to remote] DEBUG org.apache.http.wire  - http-outgoing-86 << "Content-Type:application/json; charset=utf-8[\r][\n]"
122920 [Forwarding clickElement on session 39e7cc50d215a8b5f2241b1affafa6c4 to remote] DEBUG org.apache.http.wire  - http-outgoing-86 << "Connection:close[\r][\n]"
122920 [Forwarding clickElement on session 39e7cc50d215a8b5f2241b1affafa6c4 to remote] DEBUG org.apache.http.wire  - http-outgoing-86 << "[\r][\n]"
122920 [Forwarding clickElement on session 39e7cc50d215a8b5f2241b1affafa6c4 to remote] DEBUG org.apache.http.wire  - http-outgoing-86 << "{"sessionId":"39e7cc50d215a8b5f2241b1affafa6c4","status":13,"value":{"message":"unknown error: Element \u003Ca href=\"\" title=\"Unrestricted\" id=\"content-metadata-page-restrictions\" class=\"aui-icon aui-icon-small aui-iconfont-unlocked system-metadata-restrictions\" resolved=\"\">\u003C/a> is not clickable at point (527, 16). Other element would receive the click: \u003Cnav class=\"aui-header aui-dropdown2-trigger-group\" role=\"navigation\" data-aui-responsive=\"true\">...\u003C/nav>\n  (Session info: chrome=56.0.2924.87)\n  (Driver info: chromedriver=2.27.440174 (e97a722caafc2d3a8b807ee115bfb307f7d2cfd9),platform=Windows NT 10.0.14393 x86_64)"}}"
122920 [Forwarding clickElement on session 39e7cc50d215a8b5f2241b1affafa6c4 to remote] DEBUG org.apache.http.headers  - http-outgoing-86 << HTTP/1.1 200 OK
122920 [Forwarding clickElement on session 39e7cc50d215a8b5f2241b1affafa6c4 to remote] DEBUG org.apache.http.headers  - http-outgoing-86 << Content-Length:659
122920 [Forwarding clickElement on session 39e7cc50d215a8b5f2241b1affafa6c4 to remote] DEBUG org.apache.http.headers  - http-outgoing-86 << Content-Type:application/json; charset=utf-8
122920 [Forwarding clickElement on session 39e7cc50d215a8b5f2241b1affafa6c4 to remote] DEBUG org.apache.http.headers  - http-outgoing-86 << Connection:close
122921 [Forwarding clickElement on session 39e7cc50d215a8b5f2241b1affafa6c4 to remote] DEBUG org.apache.http.impl.conn.DefaultManagedHttpClientConnection  - http-outgoing-86: Close connection
122921 [Forwarding clickElement on session 39e7cc50d215a8b5f2241b1affafa6c4 to remote] DEBUG org.apache.http.impl.execchain.MainClientExec  - Connection discarded
122921 [Forwarding clickElement on session 39e7cc50d215a8b5f2241b1affafa6c4 to remote] DEBUG org.apache.http.impl.conn.PoolingHttpClientConnectionManager  - Connection released: [id: 86][route: {}->http://localhost:40784][total kept alive: 0; route allocated: 0 of 2000; total allocated: 0 of 2000]
122923 [Forwarding quit on session 39e7cc50d215a8b5f2241b1affafa6c4 to remote] DEBUG org.apache.http.client.protocol.RequestAddCookies  - CookieSpec selected: default
122923 [Forwarding quit on session 39e7cc50d215a8b5f2241b1affafa6c4 to remote] DEBUG org.apache.http.client.protocol.RequestAuthCache  - Auth cache not set in the context
122923 [Forwarding quit on session 39e7cc50d215a8b5f2241b1affafa6c4 to remote] DEBUG org.apache.http.impl.conn.PoolingHttpClientConnectionManager  - Connection request: [route: {}->http://localhost:40784][total kept alive: 0; route allocated: 0 of 2000; total allocated: 0 of 2000]
122923 [Forwarding quit on session 39e7cc50d215a8b5f2241b1affafa6c4 to remote] DEBUG org.apache.http.impl.conn.PoolingHttpClientConnectionManager  - Connection leased: [id: 87][route: {}->http://localhost:40784][total kept alive: 0; route allocated: 1 of 2000; total allocated: 1 of 2000]
122923 [Forwarding quit on session 39e7cc50d215a8b5f2241b1affafa6c4 to remote] DEBUG org.apache.http.impl.execchain.MainClientExec  - Opening connection {}->http://localhost:40784
122923 [Forwarding quit on session 39e7cc50d215a8b5f2241b1affafa6c4 to remote] DEBUG org.apache.http.impl.conn.DefaultHttpClientConnectionOperator  - Connecting to localhost/127.0.0.1:40784
122924 [Forwarding quit on session 39e7cc50d215a8b5f2241b1affafa6c4 to remote] DEBUG org.apache.http.impl.conn.DefaultHttpClientConnectionOperator  - Connection established 127.0.0.1:62417<->127.0.0.1:40784
122924 [Forwarding quit on session 39e7cc50d215a8b5f2241b1affafa6c4 to remote] DEBUG org.apache.http.impl.conn.DefaultManagedHttpClientConnection  - http-outgoing-87: set socket timeout to 10800000
122924 [Forwarding quit on session 39e7cc50d215a8b5f2241b1affafa6c4 to remote] DEBUG org.apache.http.impl.execchain.MainClientExec  - Executing request DELETE /session/39e7cc50d215a8b5f2241b1affafa6c4 HTTP/1.1
122924 [Forwarding quit on session 39e7cc50d215a8b5f2241b1affafa6c4 to remote] DEBUG org.apache.http.impl.execchain.MainClientExec  - Target auth state: UNCHALLENGED
122924 [Forwarding quit on session 39e7cc50d215a8b5f2241b1affafa6c4 to remote] DEBUG org.apache.http.impl.execchain.MainClientExec  - Proxy auth state: UNCHALLENGED
122924 [Forwarding quit on session 39e7cc50d215a8b5f2241b1affafa6c4 to remote] DEBUG org.apache.http.headers  - http-outgoing-87 >> DELETE /session/39e7cc50d215a8b5f2241b1affafa6c4 HTTP/1.1
122924 [Forwarding quit on session 39e7cc50d215a8b5f2241b1affafa6c4 to remote] DEBUG org.apache.http.headers  - http-outgoing-87 >> Host: localhost:40784
122924 [Forwarding quit on session 39e7cc50d215a8b5f2241b1affafa6c4 to remote] DEBUG org.apache.http.headers  - http-outgoing-87 >> Connection: Keep-Alive
122924 [Forwarding quit on session 39e7cc50d215a8b5f2241b1affafa6c4 to remote] DEBUG org.apache.http.headers  - http-outgoing-87 >> User-Agent: Apache-HttpClient/4.5.1 (Java/1.8.0_112)
122924 [Forwarding quit on session 39e7cc50d215a8b5f2241b1affafa6c4 to remote] DEBUG org.apache.http.headers  - http-outgoing-87 >> Accept-Encoding: gzip,deflate
122924 [Forwarding quit on session 39e7cc50d215a8b5f2241b1affafa6c4 to remote] DEBUG org.apache.http.wire  - http-outgoing-87 >> "DELETE /session/39e7cc50d215a8b5f2241b1affafa6c4 HTTP/1.1[\r][\n]"
122924 [Forwarding quit on session 39e7cc50d215a8b5f2241b1affafa6c4 to remote] DEBUG org.apache.http.wire  - http-outgoing-87 >> "Host: localhost:40784[\r][\n]"
122924 [Forwarding quit on session 39e7cc50d215a8b5f2241b1affafa6c4 to remote] DEBUG org.apache.http.wire  - http-outgoing-87 >> "Connection: Keep-Alive[\r][\n]"
122924 [Forwarding quit on session 39e7cc50d215a8b5f2241b1affafa6c4 to remote] DEBUG org.apache.http.wire  - http-outgoing-87 >> "User-Agent: Apache-HttpClient/4.5.1 (Java/1.8.0_112)[\r][\n]"
122924 [Forwarding quit on session 39e7cc50d215a8b5f2241b1affafa6c4 to remote] DEBUG org.apache.http.wire  - http-outgoing-87 >> "Accept-Encoding: gzip,deflate[\r][\n]"
122924 [Forwarding quit on session 39e7cc50d215a8b5f2241b1affafa6c4 to remote] DEBUG org.apache.http.wire  - http-outgoing-87 >> "[\r][\n]"
123072 [Forwarding quit on session 39e7cc50d215a8b5f2241b1affafa6c4 to remote] DEBUG org.apache.http.wire  - http-outgoing-87 << "HTTP/1.1 200 OK[\r][\n]"
123072 [Forwarding quit on session 39e7cc50d215a8b5f2241b1affafa6c4 to remote] DEBUG org.apache.http.wire  - http-outgoing-87 << "Content-Length:72[\r][\n]"
123072 [Forwarding quit on session 39e7cc50d215a8b5f2241b1affafa6c4 to remote] DEBUG org.apache.http.wire  - http-outgoing-87 << "Content-Type:application/json; charset=utf-8[\r][\n]"
123072 [Forwarding quit on session 39e7cc50d215a8b5f2241b1affafa6c4 to remote] DEBUG org.apache.http.wire  - http-outgoing-87 << "Connection:close[\r][\n]"
123072 [Forwarding quit on session 39e7cc50d215a8b5f2241b1affafa6c4 to remote] DEBUG org.apache.http.wire  - http-outgoing-87 << "[\r][\n]"
123072 [Forwarding quit on session 39e7cc50d215a8b5f2241b1affafa6c4 to remote] DEBUG org.apache.http.wire  - http-outgoing-87 << "{"sessionId":"39e7cc50d215a8b5f2241b1affafa6c4","status":0,"value":null}"
123072 [Forwarding quit on session 39e7cc50d215a8b5f2241b1affafa6c4 to remote] DEBUG org.apache.http.headers  - http-outgoing-87 << HTTP/1.1 200 OK
123072 [Forwarding quit on session 39e7cc50d215a8b5f2241b1affafa6c4 to remote] DEBUG org.apache.http.headers  - http-outgoing-87 << Content-Length:72
123073 [Forwarding quit on session 39e7cc50d215a8b5f2241b1affafa6c4 to remote] DEBUG org.apache.http.headers  - http-outgoing-87 << Content-Type:application/json; charset=utf-8
123073 [Forwarding quit on session 39e7cc50d215a8b5f2241b1affafa6c4 to remote] DEBUG org.apache.http.headers  - http-outgoing-87 << Connection:close
123073 [Forwarding quit on session 39e7cc50d215a8b5f2241b1affafa6c4 to remote] DEBUG org.apache.http.impl.conn.DefaultManagedHttpClientConnection  - http-outgoing-87: Close connection
123073 [Forwarding quit on session 39e7cc50d215a8b5f2241b1affafa6c4 to remote] DEBUG org.apache.http.impl.execchain.MainClientExec  - Connection discarded
123073 [Forwarding quit on session 39e7cc50d215a8b5f2241b1affafa6c4 to remote] DEBUG org.apache.http.impl.conn.PoolingHttpClientConnectionManager  - Connection released: [id: 87][route: {}->http://localhost:40784][total kept alive: 0; route allocated: 0 of 2000; total allocated: 0 of 2000]
123074 [Forwarding quit on session 39e7cc50d215a8b5f2241b1affafa6c4 to remote] DEBUG org.apache.http.impl.conn.PoolingHttpClientConnectionManager  - Closing connections idle longer than 0 SECONDS
]]></system-out>
    <system-err><![CDATA[Starting ChromeDriver 2.27.440174 (e97a722caafc2d3a8b807ee115bfb307f7d2cfd9) on port 40784
Only local connections are allowed.
]]></system-err>
  </testcase>
</testsuite>